
mtDNA Variant Detection v2.0.0-rc7
https://github.com/seppinho/mutserve
(c) Sebastian Schoenherr, Hansi Weissensteiner, Lukas Forer
1000 files added.
[Run]     NA18510_0.0.3.bam...
[Done]    NA18510_0.0.3.bam. Execution Time: 00:00:00
[Run]     NA18510_0.0.2.bam...
[Done]    NA18510_0.0.2.bam. Execution Time: 00:00:00
[Run]     NA18510_0.0.4.bam...
[Done]    NA18510_0.0.4.bam. Execution Time: 00:00:00
[Run]     NA18510_0.0.6.bam...
[Done]    NA18510_0.0.6.bam. Execution Time: 00:00:00
[Run]     NA18510_0.0.7.bam...
[Done]    NA18510_0.0.7.bam. Execution Time: 00:00:00
[Run]     NA18510_0.0.1.bam...
[Done]    NA18510_0.0.1.bam. Execution Time: 00:00:00
[Run]     NA18510_0.0.5.bam...
[Done]    NA18510_0.0.5.bam. Execution Time: 00:00:00
[Run]     NA18510_0.1.0.bam...
[Done]    NA18510_0.1.0.bam. Execution Time: 00:00:00
[Run]     NA18510_0.0.9.bam...
[Done]    NA18510_0.0.9.bam. Execution Time: 00:00:00
[Run]     NA18510_1.0.4.bam...
[Done]    NA18510_1.0.4.bam. Execution Time: 00:00:00
[Run]     NA18510_0.0.8.bam...
[Done]    NA18510_0.0.8.bam. Execution Time: 00:00:00
[Run]     NA18510_1.0.8.bam...
[Done]    NA18510_1.0.8.bam. Execution Time: 00:00:00
[Run]     NA18510_1.0.7.bam...
[Done]    NA18510_1.0.7.bam. Execution Time: 00:00:00
[Run]     NA18510_2.0.1.bam...
[Done]    NA18510_2.0.1.bam. Execution Time: 00:00:00
[Run]     NA18510_1.0.3.bam...
[Done]    NA18510_1.0.3.bam. Execution Time: 00:00:00
[Run]     NA18510_1.0.2.bam...
[Done]    NA18510_1.0.2.bam. Execution Time: 00:00:00
[Run]     NA18510_1.0.1.bam...
[Done]    NA18510_1.0.1.bam. Execution Time: 00:00:00
[Run]     NA18510_1.0.6.bam...
[Done]    NA18510_1.0.6.bam. Execution Time: 00:00:00
[Run]     NA18510_1.0.5.bam...
[Done]    NA18510_1.0.5.bam. Execution Time: 00:00:00
[Run]     NA18510_2.0.3.bam...
[Done]    NA18510_2.0.3.bam. Execution Time: 00:00:00
[Run]     NA18510_1.0.9.bam...
[Done]    NA18510_1.0.9.bam. Execution Time: 00:00:00
[Run]     NA18510_1.1.0.bam...
[Done]    NA18510_1.1.0.bam. Execution Time: 00:00:00
[Run]     NA18510_2.0.4.bam...
[Done]    NA18510_2.0.4.bam. Execution Time: 00:00:00
[Run]     NA18510_2.0.5.bam...
[Done]    NA18510_2.0.5.bam. Execution Time: 00:00:00
[Run]     NA18510_2.0.6.bam...
[Done]    NA18510_2.0.6.bam. Execution Time: 00:00:00
[Run]     NA18510_2.0.7.bam...
[Done]    NA18510_2.0.7.bam. Execution Time: 00:00:00
[Run]     NA18510_2.0.2.bam...
[Done]    NA18510_2.0.2.bam. Execution Time: 00:00:00
[Run]     NA18510_2.0.9.bam...
[Done]    NA18510_2.0.9.bam. Execution Time: 00:00:00
[Run]     NA18510_3.0.1.bam...
[Done]    NA18510_3.0.1.bam. Execution Time: 00:00:00
[Run]     NA18510_2.0.8.bam...
[Done]    NA18510_2.0.8.bam. Execution Time: 00:00:00
[Run]     NA18510_3.0.4.bam...
[Done]    NA18510_3.0.4.bam. Execution Time: 00:00:00
[Run]     NA18510_2.1.0.bam...
[Done]    NA18510_2.1.0.bam. Execution Time: 00:00:00
[Run]     NA18510_3.0.5.bam...
[Done]    NA18510_3.0.5.bam. Execution Time: 00:00:00
[Run]     NA18510_3.0.2.bam...
[Done]    NA18510_3.0.2.bam. Execution Time: 00:00:00
[Run]     NA18510_3.0.3.bam...
[Done]    NA18510_3.0.3.bam. Execution Time: 00:00:00
[Run]     NA18510_4.0.1.bam...
[Done]    NA18510_4.0.1.bam. Execution Time: 00:00:00
[Run]     NA18510_3.0.8.bam...
[Done]    NA18510_3.0.8.bam. Execution Time: 00:00:00
[Run]     NA18510_3.0.9.bam...
[Done]    NA18510_3.0.9.bam. Execution Time: 00:00:00
[Run]     NA18510_4.0.2.bam...
[Done]    NA18510_4.0.2.bam. Execution Time: 00:00:00
[Run]     NA18510_3.1.0.bam...
[Done]    NA18510_3.1.0.bam. Execution Time: 00:00:00
[Run]     NA18510_3.0.6.bam...
[Done]    NA18510_3.0.6.bam. Execution Time: 00:00:00
[Run]     NA18510_3.0.7.bam...
[Done]    NA18510_3.0.7.bam. Execution Time: 00:00:00
[Run]     NA18510_4.0.5.bam...
[Done]    NA18510_4.0.5.bam. Execution Time: 00:00:00
[Run]     NA18510_4.0.9.bam...
[Done]    NA18510_4.0.9.bam. Execution Time: 00:00:00
[Run]     NA18510_4.0.3.bam...
[Done]    NA18510_4.0.3.bam. Execution Time: 00:00:00
[Run]     NA18510_4.0.4.bam...
[Done]    NA18510_4.0.4.bam. Execution Time: 00:00:00
[Run]     NA18510_4.0.6.bam...
[Done]    NA18510_4.0.6.bam. Execution Time: 00:00:00
[Run]     NA18510_4.0.7.bam...
[Done]    NA18510_4.0.7.bam. Execution Time: 00:00:00
[Run]     NA18510_5.0.4.bam...
[Done]    NA18510_5.0.4.bam. Execution Time: 00:00:00
[Run]     NA18510_4.0.8.bam...
[Done]    NA18510_4.0.8.bam. Execution Time: 00:00:00
[Run]     NA18510_5.0.3.bam...
[Done]    NA18510_5.0.3.bam. Execution Time: 00:00:00
[Run]     NA18510_5.0.2.bam...
[Done]    NA18510_5.0.2.bam. Execution Time: 00:00:00
[Run]     NA18510_5.0.1.bam...
[Done]    NA18510_5.0.1.bam. Execution Time: 00:00:00
[Run]     NA18510_4.1.0.bam...
[Done]    NA18510_4.1.0.bam. Execution Time: 00:00:00
[Run]     NA18510_5.0.6.bam...
[Done]    NA18510_5.0.6.bam. Execution Time: 00:00:00
[Run]     NA18510_5.0.9.bam...
[Done]    NA18510_5.0.9.bam. Execution Time: 00:00:00
[Run]     NA18510_6.0.3.bam...
[Done]    NA18510_6.0.3.bam. Execution Time: 00:00:00
[Run]     NA18510_5.0.5.bam...
[Done]    NA18510_5.0.5.bam. Execution Time: 00:00:00
[Run]     NA18510_5.1.0.bam...
[Done]    NA18510_5.1.0.bam. Execution Time: 00:00:00
[Run]     NA18510_5.0.8.bam...
[Done]    NA18510_5.0.8.bam. Execution Time: 00:00:00
[Run]     NA18510_6.0.2.bam...
[Done]    NA18510_6.0.2.bam. Execution Time: 00:00:00
[Run]     NA18510_6.0.5.bam...
[Done]    NA18510_6.0.5.bam. Execution Time: 00:00:00
[Run]     NA18510_5.0.7.bam...
[Done]    NA18510_5.0.7.bam. Execution Time: 00:00:00
[Run]     NA18510_6.0.1.bam...
[Done]    NA18510_6.0.1.bam. Execution Time: 00:00:00
[Run]     NA18510_6.0.7.bam...
[Done]    NA18510_6.0.7.bam. Execution Time: 00:00:00
[Run]     NA18510_6.0.4.bam...
[Done]    NA18510_6.0.4.bam. Execution Time: 00:00:00
[Run]     NA18510_6.0.9.bam...
[Done]    NA18510_6.0.9.bam. Execution Time: 00:00:00
[Run]     NA18510_6.0.6.bam...
[Done]    NA18510_6.0.6.bam. Execution Time: 00:00:00
[Run]     NA18510_6.0.8.bam...
[Done]    NA18510_6.0.8.bam. Execution Time: 00:00:00
[Run]     NA18510_6.1.0.bam...
[Done]    NA18510_6.1.0.bam. Execution Time: 00:00:00
[Run]     NA18510_7.0.1.bam...
[Done]    NA18510_7.0.1.bam. Execution Time: 00:00:00
[Run]     NA18510_7.0.6.bam...
[Done]    NA18510_7.0.6.bam. Execution Time: 00:00:00
[Run]     NA18510_7.0.4.bam...
[Done]    NA18510_7.0.4.bam. Execution Time: 00:00:00
[Run]     NA18510_7.0.8.bam...
[Done]    NA18510_7.0.8.bam. Execution Time: 00:00:00
[Run]     NA18510_7.0.5.bam...
[Done]    NA18510_7.0.5.bam. Execution Time: 00:00:00
[Run]     NA18510_7.0.2.bam...
[Done]    NA18510_7.0.2.bam. Execution Time: 00:00:00
[Run]     NA18510_8.0.1.bam...
[Done]    NA18510_8.0.1.bam. Execution Time: 00:00:00
[Run]     NA18510_7.0.9.bam...
[Done]    NA18510_7.0.9.bam. Execution Time: 00:00:00
[Run]     NA18510_7.0.3.bam...
[Done]    NA18510_7.0.3.bam. Execution Time: 00:00:00
[Run]     NA18510_8.0.2.bam...
[Done]    NA18510_8.0.2.bam. Execution Time: 00:00:00
[Run]     NA18510_7.0.7.bam...
[Done]    NA18510_7.0.7.bam. Execution Time: 00:00:00
[Run]     NA18510_7.1.0.bam...
[Done]    NA18510_7.1.0.bam. Execution Time: 00:00:00
[Run]     NA18510_8.0.3.bam...
[Done]    NA18510_8.0.3.bam. Execution Time: 00:00:00
[Run]     NA18510_8.0.4.bam...
[Done]    NA18510_8.0.4.bam. Execution Time: 00:00:00
[Run]     NA18510_8.0.5.bam...
[Done]    NA18510_8.0.5.bam. Execution Time: 00:00:00
[Run]     NA18510_8.0.6.bam...
[Done]    NA18510_8.0.6.bam. Execution Time: 00:00:00
[Run]     NA18510_8.0.7.bam...
[Done]    NA18510_8.0.7.bam. Execution Time: 00:00:00
[Run]     NA18510_8.0.8.bam...
[Done]    NA18510_8.0.8.bam. Execution Time: 00:00:00
[Run]     NA18510_8.1.0.bam...
[Done]    NA18510_8.1.0.bam. Execution Time: 00:00:00
[Run]     NA18510_9.0.4.bam...
[Done]    NA18510_9.0.4.bam. Execution Time: 00:00:00
[Run]     NA18510_9.0.3.bam...
[Done]    NA18510_9.0.3.bam. Execution Time: 00:00:00
[Run]     NA18510_9.0.1.bam...
[Done]    NA18510_9.0.1.bam. Execution Time: 00:00:00
[Run]     NA18510_8.0.9.bam...
[Done]    NA18510_8.0.9.bam. Execution Time: 00:00:00
[Run]     NA18510_9.0.5.bam...
[Done]    NA18510_9.0.5.bam. Execution Time: 00:00:00
[Run]     NA18510_9.0.6.bam...
[Done]    NA18510_9.0.6.bam. Execution Time: 00:00:00
[Run]     NA18510_10.0.1.bam...
[Done]    NA18510_10.0.1.bam. Execution Time: 00:00:00
[Run]     NA18510_9.0.9.bam...
[Done]    NA18510_9.0.9.bam. Execution Time: 00:00:00
[Run]     NA18510_10.0.2.bam...
[Done]    NA18510_10.0.2.bam. Execution Time: 00:00:00
[Run]     NA18510_9.1.0.bam...
[Done]    NA18510_9.1.0.bam. Execution Time: 00:00:00
[Run]     NA18510_9.0.2.bam...
[Done]    NA18510_9.0.2.bam. Execution Time: 00:00:00
[Run]     NA18510_9.0.7.bam...
[Done]    NA18510_9.0.7.bam. Execution Time: 00:00:00
[Run]     NA18510_9.0.8.bam...
[Done]    NA18510_9.0.8.bam. Execution Time: 00:00:00
[Run]     NA18510_10.0.3.bam...
[Done]    NA18510_10.0.3.bam. Execution Time: 00:00:00
[Run]     NA18510_10.0.5.bam...
[Done]    NA18510_10.0.5.bam. Execution Time: 00:00:00
[Run]     NA18510_10.0.4.bam...
[Done]    NA18510_10.0.4.bam. Execution Time: 00:00:00
[Run]     NA18510_10.0.6.bam...
[Done]    NA18510_10.0.6.bam. Execution Time: 00:00:00
[Run]     NA18510_10.0.7.bam...
[Done]    NA18510_10.0.7.bam. Execution Time: 00:00:00
[Run]     NA18510_10.0.9.bam...
[Done]    NA18510_10.0.9.bam. Execution Time: 00:00:00
[Run]     NA18510_10.0.8.bam...
[Done]    NA18510_10.0.8.bam. Execution Time: 00:00:00
[Run]     NA18510_10.1.0.bam...
[Done]    NA18510_10.1.0.bam. Execution Time: 00:00:00
[Run]     NA18510_11.0.1.bam...
[Done]    NA18510_11.0.1.bam. Execution Time: 00:00:00
[Run]     NA18510_11.0.2.bam...
[Done]    NA18510_11.0.2.bam. Execution Time: 00:00:00
[Run]     NA18510_11.0.3.bam...
[Done]    NA18510_11.0.3.bam. Execution Time: 00:00:00
[Run]     NA18510_11.0.4.bam...
[Done]    NA18510_11.0.4.bam. Execution Time: 00:00:00
[Run]     NA18510_11.0.9.bam...
[Done]    NA18510_11.0.9.bam. Execution Time: 00:00:00
[Run]     NA18510_11.1.0.bam...
[Done]    NA18510_11.1.0.bam. Execution Time: 00:00:00
[Run]     NA18510_11.0.6.bam...
[Done]    NA18510_11.0.6.bam. Execution Time: 00:00:00
[Run]     NA18510_12.0.1.bam...
[Done]    NA18510_12.0.1.bam. Execution Time: 00:00:00
[Run]     NA18510_11.0.7.bam...
[Done]    NA18510_11.0.7.bam. Execution Time: 00:00:00
[Run]     NA18510_11.0.5.bam...
[Done]    NA18510_11.0.5.bam. Execution Time: 00:00:00
[Run]     NA18510_11.0.8.bam...
[Done]    NA18510_11.0.8.bam. Execution Time: 00:00:00
[Run]     NA18510_12.0.3.bam...
[Done]    NA18510_12.0.3.bam. Execution Time: 00:00:00
[Run]     NA18510_12.0.2.bam...
[Done]    NA18510_12.0.2.bam. Execution Time: 00:00:00
[Run]     NA18510_12.0.4.bam...
[Done]    NA18510_12.0.4.bam. Execution Time: 00:00:00
[Run]     NA18510_12.0.7.bam...
[Done]    NA18510_12.0.7.bam. Execution Time: 00:00:00
[Run]     NA18510_12.0.8.bam...
[Done]    NA18510_12.0.8.bam. Execution Time: 00:00:00
[Run]     NA18510_12.0.5.bam...
[Done]    NA18510_12.0.5.bam. Execution Time: 00:00:00
[Run]     NA18510_12.0.6.bam...
[Done]    NA18510_12.0.6.bam. Execution Time: 00:00:00
[Run]     NA18510_12.0.9.bam...
[Done]    NA18510_12.0.9.bam. Execution Time: 00:00:00
[Run]     NA18510_13.0.7.bam...
[Done]    NA18510_13.0.7.bam. Execution Time: 00:00:00
[Run]     NA18510_13.0.1.bam...
[Done]    NA18510_13.0.1.bam. Execution Time: 00:00:00
[Run]     NA18510_12.1.0.bam...
[Done]    NA18510_12.1.0.bam. Execution Time: 00:00:00
[Run]     NA18510_13.0.6.bam...
[Done]    NA18510_13.0.6.bam. Execution Time: 00:00:00
[Run]     NA18510_13.0.2.bam...
[Done]    NA18510_13.0.2.bam. Execution Time: 00:00:00
[Run]     NA18510_13.0.3.bam...
[Done]    NA18510_13.0.3.bam. Execution Time: 00:00:00
[Run]     NA18510_13.0.5.bam...
[Done]    NA18510_13.0.5.bam. Execution Time: 00:00:00
[Run]     NA18510_13.0.4.bam...
[Done]    NA18510_13.0.4.bam. Execution Time: 00:00:00
[Run]     NA18510_13.1.0.bam...
[Done]    NA18510_13.1.0.bam. Execution Time: 00:00:00
[Run]     NA18510_13.0.9.bam...
[Done]    NA18510_13.0.9.bam. Execution Time: 00:00:00
[Run]     NA18510_13.0.8.bam...
[Done]    NA18510_13.0.8.bam. Execution Time: 00:00:00
[Run]     NA18510_14.0.1.bam...
[Done]    NA18510_14.0.1.bam. Execution Time: 00:00:00
[Run]     NA18510_14.0.3.bam...
[Done]    NA18510_14.0.3.bam. Execution Time: 00:00:00
[Run]     NA18510_14.0.4.bam...
[Done]    NA18510_14.0.4.bam. Execution Time: 00:00:00
[Run]     NA18510_14.1.0.bam...
[Done]    NA18510_14.1.0.bam. Execution Time: 00:00:00
[Run]     NA18510_14.0.2.bam...
[Done]    NA18510_14.0.2.bam. Execution Time: 00:00:00
[Run]     NA18510_14.0.7.bam...
[Done]    NA18510_14.0.7.bam. Execution Time: 00:00:00
[Run]     NA18510_15.0.4.bam...
[Done]    NA18510_15.0.4.bam. Execution Time: 00:00:00
[Run]     NA18510_14.0.5.bam...
[Done]    NA18510_14.0.5.bam. Execution Time: 00:00:00
[Run]     NA18510_14.0.8.bam...
[Done]    NA18510_14.0.8.bam. Execution Time: 00:00:00
[Run]     NA18510_14.0.6.bam...
[Done]    NA18510_14.0.6.bam. Execution Time: 00:00:00
[Run]     NA18510_15.0.1.bam...
[Done]    NA18510_15.0.1.bam. Execution Time: 00:00:00
[Run]     NA18510_15.0.7.bam...
[Done]    NA18510_15.0.7.bam. Execution Time: 00:00:00
[Run]     NA18510_15.0.3.bam...
[Done]    NA18510_15.0.3.bam. Execution Time: 00:00:00
[Run]     NA18510_14.0.9.bam...
[Done]    NA18510_14.0.9.bam. Execution Time: 00:00:00
[Run]     NA18510_15.0.2.bam...
[Done]    NA18510_15.0.2.bam. Execution Time: 00:00:00
[Run]     NA18510_15.0.8.bam...
[Done]    NA18510_15.0.8.bam. Execution Time: 00:00:00
[Run]     NA18510_16.0.1.bam...
[Done]    NA18510_16.0.1.bam. Execution Time: 00:00:00
[Run]     NA18510_15.0.5.bam...
[Done]    NA18510_15.0.5.bam. Execution Time: 00:00:00
[Run]     NA18510_15.0.6.bam...
[Done]    NA18510_15.0.6.bam. Execution Time: 00:00:00
[Run]     NA18510_15.1.0.bam...
[Done]    NA18510_15.1.0.bam. Execution Time: 00:00:00
[Run]     NA18510_15.0.9.bam...
[Done]    NA18510_15.0.9.bam. Execution Time: 00:00:00
[Run]     NA18510_16.0.7.bam...
[Done]    NA18510_16.0.7.bam. Execution Time: 00:00:00
[Run]     NA18510_16.0.2.bam...
[Done]    NA18510_16.0.2.bam. Execution Time: 00:00:00
[Run]     NA18510_16.0.8.bam...
[Done]    NA18510_16.0.8.bam. Execution Time: 00:00:00
[Run]     NA18510_16.0.3.bam...
[Done]    NA18510_16.0.3.bam. Execution Time: 00:00:00
[Run]     NA18510_16.0.4.bam...
[Done]    NA18510_16.0.4.bam. Execution Time: 00:00:00
[Run]     NA18510_16.0.5.bam...
[Done]    NA18510_16.0.5.bam. Execution Time: 00:00:00
[Run]     NA18510_16.0.9.bam...
[Done]    NA18510_16.0.9.bam. Execution Time: 00:00:00
[Run]     NA18510_16.0.6.bam...
[Done]    NA18510_16.0.6.bam. Execution Time: 00:00:00
[Run]     NA18510_17.0.1.bam...
[Done]    NA18510_17.0.1.bam. Execution Time: 00:00:00
[Run]     NA18510_16.1.0.bam...
[Done]    NA18510_16.1.0.bam. Execution Time: 00:00:00
[Run]     NA18510_17.0.3.bam...
[Done]    NA18510_17.0.3.bam. Execution Time: 00:00:00
[Run]     NA18510_17.0.2.bam...
[Done]    NA18510_17.0.2.bam. Execution Time: 00:00:00
[Run]     NA18510_17.0.5.bam...
[Done]    NA18510_17.0.5.bam. Execution Time: 00:00:00
[Run]     NA18510_17.0.4.bam...
[Done]    NA18510_17.0.4.bam. Execution Time: 00:00:00
[Run]     NA18510_17.0.6.bam...
[Done]    NA18510_17.0.6.bam. Execution Time: 00:00:00
[Run]     NA18510_17.0.9.bam...
[Done]    NA18510_17.0.9.bam. Execution Time: 00:00:00
[Run]     NA18510_17.0.7.bam...
[Done]    NA18510_17.0.7.bam. Execution Time: 00:00:00
[Run]     NA18510_18.0.1.bam...
[Done]    NA18510_18.0.1.bam. Execution Time: 00:00:00
[Run]     NA18510_17.1.0.bam...
[Done]    NA18510_17.1.0.bam. Execution Time: 00:00:00
[Run]     NA18510_17.0.8.bam...
[Done]    NA18510_17.0.8.bam. Execution Time: 00:00:00
[Run]     NA18510_18.0.4.bam...
[Done]    NA18510_18.0.4.bam. Execution Time: 00:00:00
[Run]     NA18510_18.0.2.bam...
[Done]    NA18510_18.0.2.bam. Execution Time: 00:00:00
[Run]     NA18510_18.0.3.bam...
[Done]    NA18510_18.0.3.bam. Execution Time: 00:00:00
[Run]     NA18510_18.0.5.bam...
[Done]    NA18510_18.0.5.bam. Execution Time: 00:00:00
[Run]     NA18510_18.0.7.bam...
[Done]    NA18510_18.0.7.bam. Execution Time: 00:00:00
[Run]     NA18510_18.0.8.bam...
[Done]    NA18510_18.0.8.bam. Execution Time: 00:00:00
[Run]     NA18510_19.0.4.bam...
[Done]    NA18510_19.0.4.bam. Execution Time: 00:00:00
[Run]     NA18510_18.0.6.bam...
[Done]    NA18510_18.0.6.bam. Execution Time: 00:00:00
[Run]     NA18510_18.1.0.bam...
[Done]    NA18510_18.1.0.bam. Execution Time: 00:00:00
[Run]     NA18510_19.0.2.bam...
[Done]    NA18510_19.0.2.bam. Execution Time: 00:00:00
[Run]     NA18510_18.0.9.bam...
[Done]    NA18510_18.0.9.bam. Execution Time: 00:00:00
[Run]     NA18510_19.0.1.bam...
[Done]    NA18510_19.0.1.bam. Execution Time: 00:00:00
[Run]     NA18510_19.0.9.bam...
[Done]    NA18510_19.0.9.bam. Execution Time: 00:00:00
[Run]     NA18510_19.0.3.bam...
[Done]    NA18510_19.0.3.bam. Execution Time: 00:00:00
[Run]     NA18510_19.0.7.bam...
[Done]    NA18510_19.0.7.bam. Execution Time: 00:00:00
[Run]     NA18510_19.0.5.bam...
[Done]    NA18510_19.0.5.bam. Execution Time: 00:00:00
[Run]     NA18510_20.0.3.bam...
[Done]    NA18510_20.0.3.bam. Execution Time: 00:00:00
[Run]     NA18510_19.0.6.bam...
[Done]    NA18510_19.0.6.bam. Execution Time: 00:00:00
[Run]     NA18510_20.0.2.bam...
[Done]    NA18510_20.0.2.bam. Execution Time: 00:00:00
[Run]     NA18510_19.0.8.bam...
[Done]    NA18510_19.0.8.bam. Execution Time: 00:00:00
[Run]     NA18510_20.0.4.bam...
[Done]    NA18510_20.0.4.bam. Execution Time: 00:00:00
[Run]     NA18510_19.1.0.bam...
[Done]    NA18510_19.1.0.bam. Execution Time: 00:00:00
[Run]     NA18510_20.0.1.bam...
[Done]    NA18510_20.0.1.bam. Execution Time: 00:00:00
[Run]     NA18510_20.0.7.bam...
[Done]    NA18510_20.0.7.bam. Execution Time: 00:00:00
[Run]     NA18510_20.0.5.bam...
[Done]    NA18510_20.0.5.bam. Execution Time: 00:00:00
[Run]     NA18510_20.0.6.bam...
[Done]    NA18510_20.0.6.bam. Execution Time: 00:00:00
[Run]     NA18510_20.0.9.bam...
[Done]    NA18510_20.0.9.bam. Execution Time: 00:00:00
[Run]     NA18510_20.0.8.bam...
[Done]    NA18510_20.0.8.bam. Execution Time: 00:00:00
[Run]     NA18510_20.1.0.bam...
[Done]    NA18510_20.1.0.bam. Execution Time: 00:00:00
[Run]     NA18510_21.0.1.bam...
[Done]    NA18510_21.0.1.bam. Execution Time: 00:00:00
[Run]     NA18510_21.0.2.bam...
[Done]    NA18510_21.0.2.bam. Execution Time: 00:00:00
[Run]     NA18510_21.0.6.bam...
[Done]    NA18510_21.0.6.bam. Execution Time: 00:00:00
[Run]     NA18510_21.0.5.bam...
[Done]    NA18510_21.0.5.bam. Execution Time: 00:00:00
[Run]     NA18510_21.0.3.bam...
[Done]    NA18510_21.0.3.bam. Execution Time: 00:00:00
[Run]     NA18510_21.0.8.bam...
[Done]    NA18510_21.0.8.bam. Execution Time: 00:00:00
[Run]     NA18510_21.0.7.bam...
[Done]    NA18510_21.0.7.bam. Execution Time: 00:00:00
[Run]     NA18510_21.0.4.bam...
[Done]    NA18510_21.0.4.bam. Execution Time: 00:00:00
[Run]     NA18510_21.0.9.bam...
[Done]    NA18510_21.0.9.bam. Execution Time: 00:00:00
[Run]     NA18510_21.1.0.bam...
[Done]    NA18510_21.1.0.bam. Execution Time: 00:00:00
[Run]     NA18510_22.0.1.bam...
[Done]    NA18510_22.0.1.bam. Execution Time: 00:00:00
[Run]     NA18510_22.0.2.bam...
[Done]    NA18510_22.0.2.bam. Execution Time: 00:00:00
[Run]     NA18510_22.0.3.bam...
[Done]    NA18510_22.0.3.bam. Execution Time: 00:00:00
[Run]     NA18510_22.0.5.bam...
[Done]    NA18510_22.0.5.bam. Execution Time: 00:00:00
[Run]     NA18510_22.0.6.bam...
[Done]    NA18510_22.0.6.bam. Execution Time: 00:00:00
[Run]     NA18510_22.0.4.bam...
[Done]    NA18510_22.0.4.bam. Execution Time: 00:00:00
[Run]     NA18510_22.0.7.bam...
[Done]    NA18510_22.0.7.bam. Execution Time: 00:00:00
[Run]     NA18510_23.0.3.bam...
[Done]    NA18510_23.0.3.bam. Execution Time: 00:00:00
[Run]     NA18510_22.0.8.bam...
[Done]    NA18510_22.0.8.bam. Execution Time: 00:00:00
[Run]     NA18510_22.0.9.bam...
[Done]    NA18510_22.0.9.bam. Execution Time: 00:00:00
[Run]     NA18510_22.1.0.bam...
[Done]    NA18510_22.1.0.bam. Execution Time: 00:00:00
[Run]     NA18510_23.0.1.bam...
[Done]    NA18510_23.0.1.bam. Execution Time: 00:00:00
[Run]     NA18510_23.0.5.bam...
[Done]    NA18510_23.0.5.bam. Execution Time: 00:00:00
[Run]     NA18510_23.0.6.bam...
[Done]    NA18510_23.0.6.bam. Execution Time: 00:00:00
[Run]     NA18510_23.0.2.bam...
[Done]    NA18510_23.0.2.bam. Execution Time: 00:00:00
[Run]     NA18510_23.0.4.bam...
[Done]    NA18510_23.0.4.bam. Execution Time: 00:00:00
[Run]     NA18510_23.0.9.bam...
[Done]    NA18510_23.0.9.bam. Execution Time: 00:00:00
[Run]     NA18510_23.0.7.bam...
[Done]    NA18510_23.0.7.bam. Execution Time: 00:00:00
[Run]     NA18510_23.0.8.bam...
[Done]    NA18510_23.0.8.bam. Execution Time: 00:00:00
[Run]     NA18510_24.0.1.bam...
[Done]    NA18510_24.0.1.bam. Execution Time: 00:00:00
[Run]     NA18510_24.0.2.bam...
[Done]    NA18510_24.0.2.bam. Execution Time: 00:00:00
[Run]     NA18510_23.1.0.bam...
[Done]    NA18510_23.1.0.bam. Execution Time: 00:00:00
[Run]     NA18510_24.0.3.bam...
[Done]    NA18510_24.0.3.bam. Execution Time: 00:00:00
[Run]     NA18510_24.0.5.bam...
[Done]    NA18510_24.0.5.bam. Execution Time: 00:00:00
[Run]     NA18510_24.0.4.bam...
[Done]    NA18510_24.0.4.bam. Execution Time: 00:00:00
[Run]     NA18510_24.0.7.bam...
[Done]    NA18510_24.0.7.bam. Execution Time: 00:00:00
[Run]     NA18510_24.0.8.bam...
[Done]    NA18510_24.0.8.bam. Execution Time: 00:00:00
[Run]     NA18510_24.0.6.bam...
[Done]    NA18510_24.0.6.bam. Execution Time: 00:00:00
[Run]     NA18510_24.1.0.bam...
[Done]    NA18510_24.1.0.bam. Execution Time: 00:00:00
[Run]     NA18510_24.0.9.bam...
[Done]    NA18510_24.0.9.bam. Execution Time: 00:00:00
[Run]     NA18510_25.0.1.bam...
[Done]    NA18510_25.0.1.bam. Execution Time: 00:00:00
[Run]     NA18510_25.0.3.bam...
[Done]    NA18510_25.0.3.bam. Execution Time: 00:00:00
[Run]     NA18510_25.0.2.bam...
[Done]    NA18510_25.0.2.bam. Execution Time: 00:00:00
[Run]     NA18510_25.0.4.bam...
[Done]    NA18510_25.0.4.bam. Execution Time: 00:00:00
[Run]     NA18510_25.0.5.bam...
[Done]    NA18510_25.0.5.bam. Execution Time: 00:00:00
[Run]     NA18510_25.0.6.bam...
[Done]    NA18510_25.0.6.bam. Execution Time: 00:00:00
[Run]     NA18510_25.0.9.bam...
[Done]    NA18510_25.0.9.bam. Execution Time: 00:00:00
[Run]     NA18510_25.0.7.bam...
[Done]    NA18510_25.0.7.bam. Execution Time: 00:00:00
[Run]     NA18510_25.0.8.bam...
[Done]    NA18510_25.0.8.bam. Execution Time: 00:00:00
[Run]     NA18510_25.1.0.bam...
[Done]    NA18510_25.1.0.bam. Execution Time: 00:00:00
[Run]     NA18510_26.0.1.bam...
[Done]    NA18510_26.0.1.bam. Execution Time: 00:00:00
[Run]     NA18510_26.0.2.bam...
[Done]    NA18510_26.0.2.bam. Execution Time: 00:00:00
[Run]     NA18510_26.0.3.bam...
[Done]    NA18510_26.0.3.bam. Execution Time: 00:00:00
[Run]     NA18510_26.0.4.bam...
[Done]    NA18510_26.0.4.bam. Execution Time: 00:00:00
[Run]     NA18510_26.0.7.bam...
[Done]    NA18510_26.0.7.bam. Execution Time: 00:00:00
[Run]     NA18510_26.0.8.bam...
[Done]    NA18510_26.0.8.bam. Execution Time: 00:00:00
[Run]     NA18510_26.0.5.bam...
[Done]    NA18510_26.0.5.bam. Execution Time: 00:00:00
[Run]     NA18510_26.0.6.bam...
[Done]    NA18510_26.0.6.bam. Execution Time: 00:00:00
[Run]     NA18510_26.1.0.bam...
[Done]    NA18510_26.1.0.bam. Execution Time: 00:00:00
[Run]     NA18510_27.0.2.bam...
[Done]    NA18510_27.0.2.bam. Execution Time: 00:00:00
[Run]     NA18510_26.0.9.bam...
[Done]    NA18510_26.0.9.bam. Execution Time: 00:00:00
[Run]     NA18510_27.0.1.bam...
[Done]    NA18510_27.0.1.bam. Execution Time: 00:00:00
[Run]     NA18510_27.0.3.bam...
[Done]    NA18510_27.0.3.bam. Execution Time: 00:00:00
[Run]     NA18510_27.0.5.bam...
[Done]    NA18510_27.0.5.bam. Execution Time: 00:00:00
[Run]     NA18510_27.0.6.bam...
[Done]    NA18510_27.0.6.bam. Execution Time: 00:00:00
[Run]     NA18510_27.0.4.bam...
[Done]    NA18510_27.0.4.bam. Execution Time: 00:00:00
[Run]     NA18510_27.0.7.bam...
[Done]    NA18510_27.0.7.bam. Execution Time: 00:00:00
[Run]     NA18510_27.1.0.bam...
[Done]    NA18510_27.1.0.bam. Execution Time: 00:00:00
[Run]     NA18510_27.0.9.bam...
[Done]    NA18510_27.0.9.bam. Execution Time: 00:00:00
[Run]     NA18510_27.0.8.bam...
[Done]    NA18510_27.0.8.bam. Execution Time: 00:00:00
[Run]     NA18510_28.0.2.bam...
[Done]    NA18510_28.0.2.bam. Execution Time: 00:00:00
[Run]     NA18510_28.0.1.bam...
[Done]    NA18510_28.0.1.bam. Execution Time: 00:00:00
[Run]     NA18510_28.0.3.bam...
[Done]    NA18510_28.0.3.bam. Execution Time: 00:00:00
[Run]     NA18510_28.0.4.bam...
[Done]    NA18510_28.0.4.bam. Execution Time: 00:00:00
[Run]     NA18510_28.0.6.bam...
[Done]    NA18510_28.0.6.bam. Execution Time: 00:00:00
[Run]     NA18510_28.0.5.bam...
[Done]    NA18510_28.0.5.bam. Execution Time: 00:00:00
[Run]     NA18510_28.1.0.bam...
[Done]    NA18510_28.1.0.bam. Execution Time: 00:00:00
[Run]     NA18510_29.0.2.bam...
[Done]    NA18510_29.0.2.bam. Execution Time: 00:00:00
[Run]     NA18510_28.0.8.bam...
[Done]    NA18510_28.0.8.bam. Execution Time: 00:00:00
[Run]     NA18510_28.0.7.bam...
[Done]    NA18510_28.0.7.bam. Execution Time: 00:00:00
[Run]     NA18510_29.0.4.bam...
[Done]    NA18510_29.0.4.bam. Execution Time: 00:00:00
[Run]     NA18510_28.0.9.bam...
[Done]    NA18510_28.0.9.bam. Execution Time: 00:00:00
[Run]     NA18510_29.0.1.bam...
[Done]    NA18510_29.0.1.bam. Execution Time: 00:00:00
[Run]     NA18510_29.0.3.bam...
[Done]    NA18510_29.0.3.bam. Execution Time: 00:00:00
[Run]     NA18510_29.0.7.bam...
[Done]    NA18510_29.0.7.bam. Execution Time: 00:00:00
[Run]     NA18510_29.0.8.bam...
[Done]    NA18510_29.0.8.bam. Execution Time: 00:00:00
[Run]     NA18510_30.0.1.bam...
[Done]    NA18510_30.0.1.bam. Execution Time: 00:00:00
[Run]     NA18510_29.1.0.bam...
[Done]    NA18510_29.1.0.bam. Execution Time: 00:00:00
[Run]     NA18510_29.0.6.bam...
[Done]    NA18510_29.0.6.bam. Execution Time: 00:00:00
[Run]     NA18510_29.0.5.bam...
[Done]    NA18510_29.0.5.bam. Execution Time: 00:00:00
[Run]     NA18510_30.0.3.bam...
[Done]    NA18510_30.0.3.bam. Execution Time: 00:00:00
[Run]     NA18510_30.0.5.bam...
[Done]    NA18510_30.0.5.bam. Execution Time: 00:00:00
[Run]     NA18510_29.0.9.bam...
[Done]    NA18510_29.0.9.bam. Execution Time: 00:00:00
[Run]     NA18510_30.0.2.bam...
[Done]    NA18510_30.0.2.bam. Execution Time: 00:00:00
[Run]     NA18510_30.0.6.bam...
[Done]    NA18510_30.0.6.bam. Execution Time: 00:00:00
[Run]     NA18510_30.0.4.bam...
[Done]    NA18510_30.0.4.bam. Execution Time: 00:00:00
[Run]     NA18510_30.0.7.bam...
[Done]    NA18510_30.0.7.bam. Execution Time: 00:00:00
[Run]     NA18510_30.0.9.bam...
[Done]    NA18510_30.0.9.bam. Execution Time: 00:00:00
[Run]     NA18510_30.1.0.bam...
[Done]    NA18510_30.1.0.bam. Execution Time: 00:00:00
[Run]     NA18510_30.0.8.bam...
[Done]    NA18510_30.0.8.bam. Execution Time: 00:00:00
[Run]     NA18510_31.0.1.bam...
[Done]    NA18510_31.0.1.bam. Execution Time: 00:00:00
[Run]     NA18510_31.0.3.bam...
[Done]    NA18510_31.0.3.bam. Execution Time: 00:00:00
[Run]     NA18510_31.0.2.bam...
[Done]    NA18510_31.0.2.bam. Execution Time: 00:00:00
[Run]     NA18510_31.0.4.bam...
[Done]    NA18510_31.0.4.bam. Execution Time: 00:00:00
[Run]     NA18510_31.0.5.bam...
[Done]    NA18510_31.0.5.bam. Execution Time: 00:00:00
[Run]     NA18510_31.0.7.bam...
[Done]    NA18510_31.0.7.bam. Execution Time: 00:00:00
[Run]     NA18510_31.0.6.bam...
[Done]    NA18510_31.0.6.bam. Execution Time: 00:00:00
[Run]     NA18510_31.0.9.bam...
[Done]    NA18510_31.0.9.bam. Execution Time: 00:00:00
[Run]     NA18510_32.0.2.bam...
[Done]    NA18510_32.0.2.bam. Execution Time: 00:00:00
[Run]     NA18510_31.1.0.bam...
[Done]    NA18510_31.1.0.bam. Execution Time: 00:00:00
[Run]     NA18510_32.0.1.bam...
[Done]    NA18510_32.0.1.bam. Execution Time: 00:00:00
[Run]     NA18510_31.0.8.bam...
[Done]    NA18510_31.0.8.bam. Execution Time: 00:00:00
[Run]     NA18510_32.0.7.bam...
[Done]    NA18510_32.0.7.bam. Execution Time: 00:00:00
[Run]     NA18510_32.0.5.bam...
[Done]    NA18510_32.0.5.bam. Execution Time: 00:00:00
[Run]     NA18510_32.0.9.bam...
[Done]    NA18510_32.0.9.bam. Execution Time: 00:00:00
[Run]     NA18510_32.0.6.bam...
[Done]    NA18510_32.0.6.bam. Execution Time: 00:00:00
[Run]     NA18510_32.0.8.bam...
[Done]    NA18510_32.0.8.bam. Execution Time: 00:00:00
[Run]     NA18510_32.1.0.bam...
[Done]    NA18510_32.1.0.bam. Execution Time: 00:00:00
[Run]     NA18510_33.0.1.bam...
[Done]    NA18510_33.0.1.bam. Execution Time: 00:00:00
[Run]     NA18510_32.0.3.bam...
[Done]    NA18510_32.0.3.bam. Execution Time: 00:00:00
[Run]     NA18510_32.0.4.bam...
[Done]    NA18510_32.0.4.bam. Execution Time: 00:00:00
[Run]     NA18510_33.0.2.bam...
[Done]    NA18510_33.0.2.bam. Execution Time: 00:00:00
[Run]     NA18510_33.0.3.bam...
[Done]    NA18510_33.0.3.bam. Execution Time: 00:00:00
[Run]     NA18510_33.0.5.bam...
[Done]    NA18510_33.0.5.bam. Execution Time: 00:00:00
[Run]     NA18510_33.0.4.bam...
[Done]    NA18510_33.0.4.bam. Execution Time: 00:00:00
[Run]     NA18510_33.0.7.bam...
[Done]    NA18510_33.0.7.bam. Execution Time: 00:00:00
[Run]     NA18510_33.0.6.bam...
[Done]    NA18510_33.0.6.bam. Execution Time: 00:00:00
[Run]     NA18510_33.0.9.bam...
[Done]    NA18510_33.0.9.bam. Execution Time: 00:00:00
[Run]     NA18510_33.0.8.bam...
[Done]    NA18510_33.0.8.bam. Execution Time: 00:00:00
[Run]     NA18510_33.1.0.bam...
[Done]    NA18510_33.1.0.bam. Execution Time: 00:00:00
[Run]     NA18510_34.0.2.bam...
[Done]    NA18510_34.0.2.bam. Execution Time: 00:00:00
[Run]     NA18510_34.0.1.bam...
[Done]    NA18510_34.0.1.bam. Execution Time: 00:00:00
[Run]     NA18510_34.0.3.bam...
[Done]    NA18510_34.0.3.bam. Execution Time: 00:00:00
[Run]     NA18510_34.0.5.bam...
[Done]    NA18510_34.0.5.bam. Execution Time: 00:00:00
[Run]     NA18510_34.0.8.bam...
[Done]    NA18510_34.0.8.bam. Execution Time: 00:00:00
[Run]     NA18510_34.0.7.bam...
[Done]    NA18510_34.0.7.bam. Execution Time: 00:00:00
[Run]     NA18510_34.0.4.bam...
[Done]    NA18510_34.0.4.bam. Execution Time: 00:00:00
[Run]     NA18510_34.0.9.bam...
[Done]    NA18510_34.0.9.bam. Execution Time: 00:00:00
[Run]     NA18510_34.1.0.bam...
[Done]    NA18510_34.1.0.bam. Execution Time: 00:00:00
[Run]     NA18510_34.0.6.bam...
[Done]    NA18510_34.0.6.bam. Execution Time: 00:00:00
[Run]     NA18510_35.0.2.bam...
[Done]    NA18510_35.0.2.bam. Execution Time: 00:00:00
[Run]     NA18510_35.0.1.bam...
[Done]    NA18510_35.0.1.bam. Execution Time: 00:00:00
[Run]     NA18510_35.0.3.bam...
[Done]    NA18510_35.0.3.bam. Execution Time: 00:00:00
[Run]     NA18510_35.0.5.bam...
[Done]    NA18510_35.0.5.bam. Execution Time: 00:00:00
[Run]     NA18510_35.0.4.bam...
[Done]    NA18510_35.0.4.bam. Execution Time: 00:00:00
[Run]     NA18510_35.0.7.bam...
[Done]    NA18510_35.0.7.bam. Execution Time: 00:00:00
[Run]     NA18510_35.0.9.bam...
[Done]    NA18510_35.0.9.bam. Execution Time: 00:00:00
[Run]     NA18510_35.0.8.bam...
[Done]    NA18510_35.0.8.bam. Execution Time: 00:00:00
[Run]     NA18510_35.1.0.bam...
[Done]    NA18510_35.1.0.bam. Execution Time: 00:00:00
[Run]     NA18510_35.0.6.bam...
[Done]    NA18510_35.0.6.bam. Execution Time: 00:00:00
[Run]     NA18510_36.0.1.bam...
[Done]    NA18510_36.0.1.bam. Execution Time: 00:00:00
[Run]     NA18510_36.0.3.bam...
[Done]    NA18510_36.0.3.bam. Execution Time: 00:00:00
[Run]     NA18510_36.0.9.bam...
[Done]    NA18510_36.0.9.bam. Execution Time: 00:00:00
[Run]     NA18510_36.0.5.bam...
[Done]    NA18510_36.0.5.bam. Execution Time: 00:00:00
[Run]     NA18510_36.0.4.bam...
[Done]    NA18510_36.0.4.bam. Execution Time: 00:00:00
[Run]     NA18510_36.0.8.bam...
[Done]    NA18510_36.0.8.bam. Execution Time: 00:00:00
[Run]     NA18510_36.0.2.bam...
[Done]    NA18510_36.0.2.bam. Execution Time: 00:00:00
[Run]     NA18510_37.0.2.bam...
[Done]    NA18510_37.0.2.bam. Execution Time: 00:00:00
[Run]     NA18510_36.1.0.bam...
[Done]    NA18510_36.1.0.bam. Execution Time: 00:00:00
[Run]     NA18510_37.0.3.bam...
[Done]    NA18510_37.0.3.bam. Execution Time: 00:00:00
[Run]     NA18510_37.0.1.bam...
[Done]    NA18510_37.0.1.bam. Execution Time: 00:00:00
[Run]     NA18510_36.0.6.bam...
[Done]    NA18510_36.0.6.bam. Execution Time: 00:00:00
[Run]     NA18510_36.0.7.bam...
[Done]    NA18510_36.0.7.bam. Execution Time: 00:00:00
[Run]     NA18510_37.0.7.bam...
[Done]    NA18510_37.0.7.bam. Execution Time: 00:00:00
[Run]     NA18510_37.0.4.bam...
[Done]    NA18510_37.0.4.bam. Execution Time: 00:00:00
[Run]     NA18510_37.0.5.bam...
[Done]    NA18510_37.0.5.bam. Execution Time: 00:00:00
[Run]     NA18510_37.0.8.bam...
[Done]    NA18510_37.0.8.bam. Execution Time: 00:00:00
[Run]     NA18510_37.0.6.bam...
[Done]    NA18510_37.0.6.bam. Execution Time: 00:00:00
[Run]     NA18510_37.0.9.bam...
[Done]    NA18510_37.0.9.bam. Execution Time: 00:00:00
[Run]     NA18510_37.1.0.bam...
[Done]    NA18510_37.1.0.bam. Execution Time: 00:00:00
[Run]     NA18510_38.0.5.bam...
[Done]    NA18510_38.0.5.bam. Execution Time: 00:00:00
[Run]     NA18510_38.0.1.bam...
[Done]    NA18510_38.0.1.bam. Execution Time: 00:00:00
[Run]     NA18510_38.0.2.bam...
[Done]    NA18510_38.0.2.bam. Execution Time: 00:00:00
[Run]     NA18510_38.0.4.bam...
[Done]    NA18510_38.0.4.bam. Execution Time: 00:00:00
[Run]     NA18510_38.0.3.bam...
[Done]    NA18510_38.0.3.bam. Execution Time: 00:00:00
[Run]     NA18510_38.0.8.bam...
[Done]    NA18510_38.0.8.bam. Execution Time: 00:00:00
[Run]     NA18510_38.0.7.bam...
[Done]    NA18510_38.0.7.bam. Execution Time: 00:00:00
[Run]     NA18510_38.1.0.bam...
[Done]    NA18510_38.1.0.bam. Execution Time: 00:00:00
[Run]     NA18510_38.0.6.bam...
[Done]    NA18510_38.0.6.bam. Execution Time: 00:00:00
[Run]     NA18510_38.0.9.bam...
[Done]    NA18510_38.0.9.bam. Execution Time: 00:00:00
[Run]     NA18510_39.0.3.bam...
[Done]    NA18510_39.0.3.bam. Execution Time: 00:00:00
[Run]     NA18510_39.0.7.bam...
[Done]    NA18510_39.0.7.bam. Execution Time: 00:00:00
[Run]     NA18510_39.0.2.bam...
[Done]    NA18510_39.0.2.bam. Execution Time: 00:00:00
[Run]     NA18510_39.0.5.bam...
[Done]    NA18510_39.0.5.bam. Execution Time: 00:00:00
[Run]     NA18510_39.0.6.bam...
[Done]    NA18510_39.0.6.bam. Execution Time: 00:00:00
[Run]     NA18510_39.0.1.bam...
[Done]    NA18510_39.0.1.bam. Execution Time: 00:00:00
[Run]     NA18510_39.1.0.bam...
[Done]    NA18510_39.1.0.bam. Execution Time: 00:00:00
[Run]     NA18510_40.0.4.bam...
[Done]    NA18510_40.0.4.bam. Execution Time: 00:00:00
[Run]     NA18510_39.0.4.bam...
[Done]    NA18510_39.0.4.bam. Execution Time: 00:00:00
[Run]     NA18510_39.0.9.bam...
[Done]    NA18510_39.0.9.bam. Execution Time: 00:00:00
[Run]     NA18510_39.0.8.bam...
[Done]    NA18510_39.0.8.bam. Execution Time: 00:00:00
[Run]     NA18510_40.0.9.bam...
[Done]    NA18510_40.0.9.bam. Execution Time: 00:00:00
[Run]     NA18510_40.0.6.bam...
[Done]    NA18510_40.0.6.bam. Execution Time: 00:00:00
[Run]     NA18510_40.0.1.bam...
[Done]    NA18510_40.0.1.bam. Execution Time: 00:00:00
[Run]     NA18510_40.0.3.bam...
[Done]    NA18510_40.0.3.bam. Execution Time: 00:00:00
[Run]     NA18510_40.0.2.bam...
[Done]    NA18510_40.0.2.bam. Execution Time: 00:00:00
[Run]     NA18510_40.0.7.bam...
[Done]    NA18510_40.0.7.bam. Execution Time: 00:00:00
[Run]     NA18510_40.0.5.bam...
[Done]    NA18510_40.0.5.bam. Execution Time: 00:00:00
[Run]     NA18510_41.0.2.bam...
[Done]    NA18510_41.0.2.bam. Execution Time: 00:00:00
[Run]     NA18510_40.0.8.bam...
[Done]    NA18510_40.0.8.bam. Execution Time: 00:00:00
[Run]     NA18510_41.0.4.bam...
[Done]    NA18510_41.0.4.bam. Execution Time: 00:00:00
[Run]     NA18510_40.1.0.bam...
[Done]    NA18510_40.1.0.bam. Execution Time: 00:00:00
[Run]     NA18510_41.0.1.bam...
[Done]    NA18510_41.0.1.bam. Execution Time: 00:00:00
[Run]     NA18510_41.0.3.bam...
[Done]    NA18510_41.0.3.bam. Execution Time: 00:00:00
[Run]     NA18510_41.0.5.bam...
[Done]    NA18510_41.0.5.bam. Execution Time: 00:00:00
[Run]     NA18510_41.0.6.bam...
[Done]    NA18510_41.0.6.bam. Execution Time: 00:00:00
[Run]     NA18510_41.0.8.bam...
[Done]    NA18510_41.0.8.bam. Execution Time: 00:00:00
[Run]     NA18510_41.0.9.bam...
[Done]    NA18510_41.0.9.bam. Execution Time: 00:00:00
[Run]     NA18510_41.0.7.bam...
[Done]    NA18510_41.0.7.bam. Execution Time: 00:00:00
[Run]     NA18510_41.1.0.bam...
[Done]    NA18510_41.1.0.bam. Execution Time: 00:00:00
[Run]     NA18510_42.0.2.bam...
[Done]    NA18510_42.0.2.bam. Execution Time: 00:00:00
[Run]     NA18510_42.0.1.bam...
[Done]    NA18510_42.0.1.bam. Execution Time: 00:00:00
[Run]     NA18510_42.0.5.bam...
[Done]    NA18510_42.0.5.bam. Execution Time: 00:00:00
[Run]     NA18510_42.0.4.bam...
[Done]    NA18510_42.0.4.bam. Execution Time: 00:00:00
[Run]     NA18510_42.0.3.bam...
[Done]    NA18510_42.0.3.bam. Execution Time: 00:00:00
[Run]     NA18510_42.0.6.bam...
[Done]    NA18510_42.0.6.bam. Execution Time: 00:00:00
[Run]     NA18510_42.0.7.bam...
[Done]    NA18510_42.0.7.bam. Execution Time: 00:00:00
[Run]     NA18510_42.0.8.bam...
[Done]    NA18510_42.0.8.bam. Execution Time: 00:00:00
[Run]     NA18510_42.0.9.bam...
[Done]    NA18510_42.0.9.bam. Execution Time: 00:00:00
[Run]     NA18510_43.0.2.bam...
[Done]    NA18510_43.0.2.bam. Execution Time: 00:00:00
[Run]     NA18510_42.1.0.bam...
[Done]    NA18510_42.1.0.bam. Execution Time: 00:00:00
[Run]     NA18510_43.0.1.bam...
[Done]    NA18510_43.0.1.bam. Execution Time: 00:00:00
[Run]     NA18510_43.0.3.bam...
[Done]    NA18510_43.0.3.bam. Execution Time: 00:00:00
[Run]     NA18510_43.0.5.bam...
[Done]    NA18510_43.0.5.bam. Execution Time: 00:00:00
[Run]     NA18510_43.0.4.bam...
[Done]    NA18510_43.0.4.bam. Execution Time: 00:00:00
[Run]     NA18510_43.0.6.bam...
[Done]    NA18510_43.0.6.bam. Execution Time: 00:00:00
[Run]     NA18510_43.0.9.bam...
[Done]    NA18510_43.0.9.bam. Execution Time: 00:00:00
[Run]     NA18510_43.0.7.bam...
[Done]    NA18510_43.0.7.bam. Execution Time: 00:00:00
[Run]     NA18510_44.0.1.bam...
[Done]    NA18510_44.0.1.bam. Execution Time: 00:00:00
[Run]     NA18510_43.0.8.bam...
[Done]    NA18510_43.0.8.bam. Execution Time: 00:00:00
[Run]     NA18510_44.0.2.bam...
[Done]    NA18510_44.0.2.bam. Execution Time: 00:00:00
[Run]     NA18510_43.1.0.bam...
[Done]    NA18510_43.1.0.bam. Execution Time: 00:00:00
[Run]     NA18510_44.0.3.bam...
[Done]    NA18510_44.0.3.bam. Execution Time: 00:00:00
[Run]     NA18510_44.0.5.bam...
[Done]    NA18510_44.0.5.bam. Execution Time: 00:00:00
[Run]     NA18510_44.0.4.bam...
[Done]    NA18510_44.0.4.bam. Execution Time: 00:00:00
[Run]     NA18510_44.0.6.bam...
[Done]    NA18510_44.0.6.bam. Execution Time: 00:00:00
[Run]     NA18510_44.0.7.bam...
[Done]    NA18510_44.0.7.bam. Execution Time: 00:00:00
[Run]     NA18510_44.1.0.bam...
[Done]    NA18510_44.1.0.bam. Execution Time: 00:00:00
[Run]     NA18510_44.0.8.bam...
[Done]    NA18510_44.0.8.bam. Execution Time: 00:00:00
[Run]     NA18510_45.0.4.bam...
[Done]    NA18510_45.0.4.bam. Execution Time: 00:00:00
[Run]     NA18510_45.0.1.bam...
[Done]    NA18510_45.0.1.bam. Execution Time: 00:00:00
[Run]     NA18510_44.0.9.bam...
[Done]    NA18510_44.0.9.bam. Execution Time: 00:00:00
[Run]     NA18510_45.0.3.bam...
[Done]    NA18510_45.0.3.bam. Execution Time: 00:00:00
[Run]     NA18510_45.0.2.bam...
[Done]    NA18510_45.0.2.bam. Execution Time: 00:00:00
[Run]     NA18510_45.0.5.bam...
[Done]    NA18510_45.0.5.bam. Execution Time: 00:00:00
[Run]     NA18510_45.0.7.bam...
[Done]    NA18510_45.0.7.bam. Execution Time: 00:00:00
[Run]     NA18510_45.0.6.bam...
[Done]    NA18510_45.0.6.bam. Execution Time: 00:00:00
[Run]     NA18510_45.0.8.bam...
[Done]    NA18510_45.0.8.bam. Execution Time: 00:00:00
[Run]     NA18510_45.0.9.bam...
[Done]    NA18510_45.0.9.bam. Execution Time: 00:00:00
[Run]     NA18510_45.1.0.bam...
[Done]    NA18510_45.1.0.bam. Execution Time: 00:00:00
[Run]     NA18510_46.0.3.bam...
[Done]    NA18510_46.0.3.bam. Execution Time: 00:00:00
[Run]     NA18510_46.0.5.bam...
[Done]    NA18510_46.0.5.bam. Execution Time: 00:00:00
[Run]     NA18510_46.0.1.bam...
[Done]    NA18510_46.0.1.bam. Execution Time: 00:00:00
[Run]     NA18510_46.0.2.bam...
[Done]    NA18510_46.0.2.bam. Execution Time: 00:00:00
[Run]     NA18510_46.0.4.bam...
[Done]    NA18510_46.0.4.bam. Execution Time: 00:00:00
[Run]     NA18510_46.0.7.bam...
[Done]    NA18510_46.0.7.bam. Execution Time: 00:00:00
[Run]     NA18510_46.0.8.bam...
[Done]    NA18510_46.0.8.bam. Execution Time: 00:00:00
[Run]     NA18510_46.0.9.bam...
[Done]    NA18510_46.0.9.bam. Execution Time: 00:00:00
[Run]     NA18510_46.0.6.bam...
[Done]    NA18510_46.0.6.bam. Execution Time: 00:00:00
[Run]     NA18510_47.0.1.bam...
[Done]    NA18510_47.0.1.bam. Execution Time: 00:00:00
[Run]     NA18510_46.1.0.bam...
[Done]    NA18510_46.1.0.bam. Execution Time: 00:00:00
[Run]     NA18510_47.0.7.bam...
[Done]    NA18510_47.0.7.bam. Execution Time: 00:00:00
[Run]     NA18510_47.0.5.bam...
[Done]    NA18510_47.0.5.bam. Execution Time: 00:00:00
[Run]     NA18510_47.0.3.bam...
[Done]    NA18510_47.0.3.bam. Execution Time: 00:00:00
[Run]     NA18510_47.0.2.bam...
[Done]    NA18510_47.0.2.bam. Execution Time: 00:00:00
[Run]     NA18510_47.0.4.bam...
[Done]    NA18510_47.0.4.bam. Execution Time: 00:00:00
[Run]     NA18510_47.0.6.bam...
[Done]    NA18510_47.0.6.bam. Execution Time: 00:00:00
[Run]     NA18510_48.0.2.bam...
[Done]    NA18510_48.0.2.bam. Execution Time: 00:00:00
[Run]     NA18510_48.0.3.bam...
[Done]    NA18510_48.0.3.bam. Execution Time: 00:00:00
[Run]     NA18510_47.0.9.bam...
[Done]    NA18510_47.0.9.bam. Execution Time: 00:00:00
[Run]     NA18510_48.0.1.bam...
[Done]    NA18510_48.0.1.bam. Execution Time: 00:00:00
[Run]     NA18510_47.0.8.bam...
[Done]    NA18510_47.0.8.bam. Execution Time: 00:00:00
[Run]     NA18510_48.0.7.bam...
[Done]    NA18510_48.0.7.bam. Execution Time: 00:00:00
[Run]     NA18510_47.1.0.bam...
[Done]    NA18510_47.1.0.bam. Execution Time: 00:00:00
[Run]     NA18510_48.0.8.bam...
[Done]    NA18510_48.0.8.bam. Execution Time: 00:00:00
[Run]     NA18510_48.0.9.bam...
[Done]    NA18510_48.0.9.bam. Execution Time: 00:00:00
[Run]     NA18510_48.0.5.bam...
[Done]    NA18510_48.0.5.bam. Execution Time: 00:00:00
[Run]     NA18510_48.0.6.bam...
[Done]    NA18510_48.0.6.bam. Execution Time: 00:00:00
[Run]     NA18510_48.0.4.bam...
[Done]    NA18510_48.0.4.bam. Execution Time: 00:00:00
[Run]     NA18510_48.1.0.bam...
[Done]    NA18510_48.1.0.bam. Execution Time: 00:00:00
[Run]     NA18510_49.0.3.bam...
[Done]    NA18510_49.0.3.bam. Execution Time: 00:00:00
[Run]     NA18510_49.0.2.bam...
[Done]    NA18510_49.0.2.bam. Execution Time: 00:00:00
[Run]     NA18510_49.0.4.bam...
[Done]    NA18510_49.0.4.bam. Execution Time: 00:00:00
[Run]     NA18510_49.0.1.bam...
[Done]    NA18510_49.0.1.bam. Execution Time: 00:00:00
[Run]     NA18510_49.0.5.bam...
[Done]    NA18510_49.0.5.bam. Execution Time: 00:00:00
[Run]     NA18510_49.0.6.bam...
[Done]    NA18510_49.0.6.bam. Execution Time: 00:00:00
[Run]     NA18510_49.0.7.bam...
[Done]    NA18510_49.0.7.bam. Execution Time: 00:00:00
[Run]     NA18510_49.0.8.bam...
[Done]    NA18510_49.0.8.bam. Execution Time: 00:00:00
[Run]     NA18510_49.0.9.bam...
[Done]    NA18510_49.0.9.bam. Execution Time: 00:00:00
[Run]     NA18510_49.1.0.bam...
[Done]    NA18510_49.1.0.bam. Execution Time: 00:00:00
[Run]     NA18510_50.0.1.bam...
[Done]    NA18510_50.0.1.bam. Execution Time: 00:00:00
[Run]     NA18510_50.0.3.bam...
[Done]    NA18510_50.0.3.bam. Execution Time: 00:00:00
[Run]     NA18510_50.0.4.bam...
[Done]    NA18510_50.0.4.bam. Execution Time: 00:00:00
[Run]     NA18510_50.0.6.bam...
[Done]    NA18510_50.0.6.bam. Execution Time: 00:00:00
[Run]     NA18510_50.0.2.bam...
[Done]    NA18510_50.0.2.bam. Execution Time: 00:00:00
[Run]     NA18510_50.1.0.bam...
[Done]    NA18510_50.1.0.bam. Execution Time: 00:00:00
[Run]     NA18510_50.0.5.bam...
[Done]    NA18510_50.0.5.bam. Execution Time: 00:00:00
[Run]     NA18510_51.0.1.bam...
[Done]    NA18510_51.0.1.bam. Execution Time: 00:00:00
[Run]     NA18510_51.0.5.bam...
[Done]    NA18510_51.0.5.bam. Execution Time: 00:00:00
[Run]     NA18510_50.0.7.bam...
[Done]    NA18510_50.0.7.bam. Execution Time: 00:00:00
[Run]     NA18510_50.0.8.bam...
[Done]    NA18510_50.0.8.bam. Execution Time: 00:00:00
[Run]     NA18510_51.0.4.bam...
[Done]    NA18510_51.0.4.bam. Execution Time: 00:00:00
[Run]     NA18510_51.0.3.bam...
[Done]    NA18510_51.0.3.bam. Execution Time: 00:00:00
[Run]     NA18510_50.0.9.bam...
[Done]    NA18510_50.0.9.bam. Execution Time: 00:00:00
[Run]     NA18510_51.0.2.bam...
[Done]    NA18510_51.0.2.bam. Execution Time: 00:00:00
[Run]     NA18510_51.0.6.bam...
[Done]    NA18510_51.0.6.bam. Execution Time: 00:00:00
[Run]     NA18510_51.0.7.bam...
[Done]    NA18510_51.0.7.bam. Execution Time: 00:00:00
[Run]     NA18510_51.0.8.bam...
[Done]    NA18510_51.0.8.bam. Execution Time: 00:00:00
[Run]     NA18510_52.0.2.bam...
[Done]    NA18510_52.0.2.bam. Execution Time: 00:00:00
[Run]     NA18510_52.0.4.bam...
[Done]    NA18510_52.0.4.bam. Execution Time: 00:00:00
[Run]     NA18510_52.0.5.bam...
[Done]    NA18510_52.0.5.bam. Execution Time: 00:00:00
[Run]     NA18510_52.0.3.bam...
[Done]    NA18510_52.0.3.bam. Execution Time: 00:00:00
[Run]     NA18510_51.1.0.bam...
[Done]    NA18510_51.1.0.bam. Execution Time: 00:00:00
[Run]     NA18510_52.0.1.bam...
[Done]    NA18510_52.0.1.bam. Execution Time: 00:00:00
[Run]     NA18510_51.0.9.bam...
[Done]    NA18510_51.0.9.bam. Execution Time: 00:00:00
[Run]     NA18510_52.0.6.bam...
[Done]    NA18510_52.0.6.bam. Execution Time: 00:00:00
[Run]     NA18510_52.0.7.bam...
[Done]    NA18510_52.0.7.bam. Execution Time: 00:00:00
[Run]     NA18510_52.0.9.bam...
[Done]    NA18510_52.0.9.bam. Execution Time: 00:00:00
[Run]     NA18510_52.0.8.bam...
[Done]    NA18510_52.0.8.bam. Execution Time: 00:00:00
[Run]     NA18510_53.0.1.bam...
[Done]    NA18510_53.0.1.bam. Execution Time: 00:00:00
[Run]     NA18510_53.0.2.bam...
[Done]    NA18510_53.0.2.bam. Execution Time: 00:00:00
[Run]     NA18510_52.1.0.bam...
[Done]    NA18510_52.1.0.bam. Execution Time: 00:00:00
[Run]     NA18510_53.0.4.bam...
[Done]    NA18510_53.0.4.bam. Execution Time: 00:00:00
[Run]     NA18510_53.0.5.bam...
[Done]    NA18510_53.0.5.bam. Execution Time: 00:00:00
[Run]     NA18510_53.0.7.bam...
[Done]    NA18510_53.0.7.bam. Execution Time: 00:00:00
[Run]     NA18510_53.0.6.bam...
[Done]    NA18510_53.0.6.bam. Execution Time: 00:00:00
[Run]     NA18510_53.0.3.bam...
[Done]    NA18510_53.0.3.bam. Execution Time: 00:00:00
[Run]     NA18510_54.0.6.bam...
[Done]    NA18510_54.0.6.bam. Execution Time: 00:00:00
[Run]     NA18510_53.1.0.bam...
[Done]    NA18510_53.1.0.bam. Execution Time: 00:00:00
[Run]     NA18510_54.0.2.bam...
[Done]    NA18510_54.0.2.bam. Execution Time: 00:00:00
[Run]     NA18510_53.0.8.bam...
[Done]    NA18510_53.0.8.bam. Execution Time: 00:00:00
[Run]     NA18510_53.0.9.bam...
[Done]    NA18510_53.0.9.bam. Execution Time: 00:00:00
[Run]     NA18510_54.0.3.bam...
[Done]    NA18510_54.0.3.bam. Execution Time: 00:00:00
[Run]     NA18510_54.0.4.bam...
[Done]    NA18510_54.0.4.bam. Execution Time: 00:00:00
[Run]     NA18510_54.0.1.bam...
[Done]    NA18510_54.0.1.bam. Execution Time: 00:00:00
[Run]     NA18510_54.0.8.bam...
[Done]    NA18510_54.0.8.bam. Execution Time: 00:00:00
[Run]     NA18510_54.0.7.bam...
[Done]    NA18510_54.0.7.bam. Execution Time: 00:00:00
[Run]     NA18510_54.0.9.bam...
[Done]    NA18510_54.0.9.bam. Execution Time: 00:00:00
[Run]     NA18510_55.0.5.bam...
[Done]    NA18510_55.0.5.bam. Execution Time: 00:00:00
[Run]     NA18510_54.0.5.bam...
[Done]    NA18510_54.0.5.bam. Execution Time: 00:00:00
[Run]     NA18510_55.0.2.bam...
[Done]    NA18510_55.0.2.bam. Execution Time: 00:00:00
[Run]     NA18510_54.1.0.bam...
[Done]    NA18510_54.1.0.bam. Execution Time: 00:00:00
[Run]     NA18510_55.0.7.bam...
[Done]    NA18510_55.0.7.bam. Execution Time: 00:00:00
[Run]     NA18510_55.0.1.bam...
[Done]    NA18510_55.0.1.bam. Execution Time: 00:00:00
[Run]     NA18510_55.0.4.bam...
[Done]    NA18510_55.0.4.bam. Execution Time: 00:00:00
[Run]     NA18510_55.0.3.bam...
[Done]    NA18510_55.0.3.bam. Execution Time: 00:00:00
[Run]     NA18510_55.0.8.bam...
[Done]    NA18510_55.0.8.bam. Execution Time: 00:00:00
[Run]     NA18510_55.0.6.bam...
[Done]    NA18510_55.0.6.bam. Execution Time: 00:00:00
[Run]     NA18510_55.1.0.bam...
[Done]    NA18510_55.1.0.bam. Execution Time: 00:00:00
[Run]     NA18510_55.0.9.bam...
[Done]    NA18510_55.0.9.bam. Execution Time: 00:00:00
[Run]     NA18510_56.0.1.bam...
[Done]    NA18510_56.0.1.bam. Execution Time: 00:00:00
[Run]     NA18510_56.0.4.bam...
[Done]    NA18510_56.0.4.bam. Execution Time: 00:00:00
[Run]     NA18510_56.0.3.bam...
[Done]    NA18510_56.0.3.bam. Execution Time: 00:00:00
[Run]     NA18510_56.0.2.bam...
[Done]    NA18510_56.0.2.bam. Execution Time: 00:00:00
[Run]     NA18510_56.0.5.bam...
[Done]    NA18510_56.0.5.bam. Execution Time: 00:00:00
[Run]     NA18510_56.0.8.bam...
[Done]    NA18510_56.0.8.bam. Execution Time: 00:00:00
[Run]     NA18510_56.0.7.bam...
[Done]    NA18510_56.0.7.bam. Execution Time: 00:00:00
[Run]     NA18510_56.0.6.bam...
[Done]    NA18510_56.0.6.bam. Execution Time: 00:00:00
[Run]     NA18510_56.0.9.bam...
[Done]    NA18510_56.0.9.bam. Execution Time: 00:00:00
[Run]     NA18510_57.0.1.bam...
[Done]    NA18510_57.0.1.bam. Execution Time: 00:00:00
[Run]     NA18510_57.0.2.bam...
[Done]    NA18510_57.0.2.bam. Execution Time: 00:00:00
[Run]     NA18510_57.0.4.bam...
[Done]    NA18510_57.0.4.bam. Execution Time: 00:00:00
[Run]     NA18510_56.1.0.bam...
[Done]    NA18510_56.1.0.bam. Execution Time: 00:00:00
[Run]     NA18510_57.0.5.bam...
[Done]    NA18510_57.0.5.bam. Execution Time: 00:00:00
[Run]     NA18510_57.0.3.bam...
[Done]    NA18510_57.0.3.bam. Execution Time: 00:00:00
[Run]     NA18510_57.0.6.bam...
[Done]    NA18510_57.0.6.bam. Execution Time: 00:00:00
[Run]     NA18510_57.0.9.bam...
[Done]    NA18510_57.0.9.bam. Execution Time: 00:00:00
[Run]     NA18510_57.0.7.bam...
[Done]    NA18510_57.0.7.bam. Execution Time: 00:00:00
[Run]     NA18510_57.0.8.bam...
[Done]    NA18510_57.0.8.bam. Execution Time: 00:00:00
[Run]     NA18510_57.1.0.bam...
[Done]    NA18510_57.1.0.bam. Execution Time: 00:00:00
[Run]     NA18510_58.0.2.bam...
[Done]    NA18510_58.0.2.bam. Execution Time: 00:00:00
[Run]     NA18510_58.0.1.bam...
[Done]    NA18510_58.0.1.bam. Execution Time: 00:00:00
[Run]     NA18510_58.0.3.bam...
[Done]    NA18510_58.0.3.bam. Execution Time: 00:00:00
[Run]     NA18510_58.0.4.bam...
[Done]    NA18510_58.0.4.bam. Execution Time: 00:00:00
[Run]     NA18510_58.0.5.bam...
[Done]    NA18510_58.0.5.bam. Execution Time: 00:00:00
[Run]     NA18510_58.0.6.bam...
[Done]    NA18510_58.0.6.bam. Execution Time: 00:00:00
[Run]     NA18510_58.0.8.bam...
[Done]    NA18510_58.0.8.bam. Execution Time: 00:00:00
[Run]     NA18510_58.0.7.bam...
[Done]    NA18510_58.0.7.bam. Execution Time: 00:00:00
[Run]     NA18510_58.0.9.bam...
[Done]    NA18510_58.0.9.bam. Execution Time: 00:00:00
[Run]     NA18510_58.1.0.bam...
[Done]    NA18510_58.1.0.bam. Execution Time: 00:00:00
[Run]     NA18510_59.0.3.bam...
[Done]    NA18510_59.0.3.bam. Execution Time: 00:00:00
[Run]     NA18510_59.0.1.bam...
[Done]    NA18510_59.0.1.bam. Execution Time: 00:00:00
[Run]     NA18510_59.0.4.bam...
[Done]    NA18510_59.0.4.bam. Execution Time: 00:00:00
[Run]     NA18510_59.0.2.bam...
[Done]    NA18510_59.0.2.bam. Execution Time: 00:00:00
[Run]     NA18510_59.0.5.bam...
[Done]    NA18510_59.0.5.bam. Execution Time: 00:00:00
[Run]     NA18510_59.0.6.bam...
[Done]    NA18510_59.0.6.bam. Execution Time: 00:00:00
[Run]     NA18510_59.0.7.bam...
[Done]    NA18510_59.0.7.bam. Execution Time: 00:00:00
[Run]     NA18510_59.0.9.bam...
[Done]    NA18510_59.0.9.bam. Execution Time: 00:00:00
[Run]     NA18510_59.1.0.bam...
[Done]    NA18510_59.1.0.bam. Execution Time: 00:00:00
[Run]     NA18510_59.0.8.bam...
[Done]    NA18510_59.0.8.bam. Execution Time: 00:00:00
[Run]     NA18510_60.0.1.bam...
[Done]    NA18510_60.0.1.bam. Execution Time: 00:00:00
[Run]     NA18510_60.0.2.bam...
[Done]    NA18510_60.0.2.bam. Execution Time: 00:00:00
[Run]     NA18510_60.0.6.bam...
[Done]    NA18510_60.0.6.bam. Execution Time: 00:00:00
[Run]     NA18510_60.0.3.bam...
[Done]    NA18510_60.0.3.bam. Execution Time: 00:00:00
[Run]     NA18510_60.0.4.bam...
[Done]    NA18510_60.0.4.bam. Execution Time: 00:00:00
[Run]     NA18510_60.0.5.bam...
[Done]    NA18510_60.0.5.bam. Execution Time: 00:00:00
[Run]     NA18510_60.0.7.bam...
[Done]    NA18510_60.0.7.bam. Execution Time: 00:00:00
[Run]     NA18510_61.0.1.bam...
[Done]    NA18510_61.0.1.bam. Execution Time: 00:00:00
[Run]     NA18510_60.1.0.bam...
[Done]    NA18510_60.1.0.bam. Execution Time: 00:00:00
[Run]     NA18510_60.0.8.bam...
[Done]    NA18510_60.0.8.bam. Execution Time: 00:00:00
[Run]     NA18510_60.0.9.bam...
[Done]    NA18510_60.0.9.bam. Execution Time: 00:00:00
[Run]     NA18510_61.0.2.bam...
[Done]    NA18510_61.0.2.bam. Execution Time: 00:00:00
[Run]     NA18510_61.0.3.bam...
[Done]    NA18510_61.0.3.bam. Execution Time: 00:00:00
[Run]     NA18510_61.0.6.bam...
[Done]    NA18510_61.0.6.bam. Execution Time: 00:00:00
[Run]     NA18510_61.0.5.bam...
[Done]    NA18510_61.0.5.bam. Execution Time: 00:00:00
[Run]     NA18510_61.0.4.bam...
[Done]    NA18510_61.0.4.bam. Execution Time: 00:00:00
[Run]     NA18510_61.0.7.bam...
[Done]    NA18510_61.0.7.bam. Execution Time: 00:00:00
[Run]     NA18510_61.0.9.bam...
[Done]    NA18510_61.0.9.bam. Execution Time: 00:00:00
[Run]     NA18510_61.1.0.bam...
[Done]    NA18510_61.1.0.bam. Execution Time: 00:00:00
[Run]     NA18510_61.0.8.bam...
[Done]    NA18510_61.0.8.bam. Execution Time: 00:00:00
[Run]     NA18510_62.0.1.bam...
[Done]    NA18510_62.0.1.bam. Execution Time: 00:00:00
[Run]     NA18510_62.0.4.bam...
[Done]    NA18510_62.0.4.bam. Execution Time: 00:00:00
[Run]     NA18510_62.0.2.bam...
[Done]    NA18510_62.0.2.bam. Execution Time: 00:00:00
[Run]     NA18510_62.0.7.bam...
[Done]    NA18510_62.0.7.bam. Execution Time: 00:00:00
[Run]     NA18510_62.0.5.bam...
[Done]    NA18510_62.0.5.bam. Execution Time: 00:00:00
[Run]     NA18510_62.0.3.bam...
[Done]    NA18510_62.0.3.bam. Execution Time: 00:00:00
[Run]     NA18510_62.0.9.bam...
[Done]    NA18510_62.0.9.bam. Execution Time: 00:00:00
[Run]     NA18510_62.0.6.bam...
[Done]    NA18510_62.0.6.bam. Execution Time: 00:00:00
[Run]     NA18510_62.1.0.bam...
[Done]    NA18510_62.1.0.bam. Execution Time: 00:00:00
[Run]     NA18510_62.0.8.bam...
[Done]    NA18510_62.0.8.bam. Execution Time: 00:00:00
[Run]     NA18510_63.0.1.bam...
[Done]    NA18510_63.0.1.bam. Execution Time: 00:00:00
[Run]     NA18510_63.0.4.bam...
[Done]    NA18510_63.0.4.bam. Execution Time: 00:00:00
[Run]     NA18510_63.0.7.bam...
[Done]    NA18510_63.0.7.bam. Execution Time: 00:00:00
[Run]     NA18510_63.0.8.bam...
[Done]    NA18510_63.0.8.bam. Execution Time: 00:00:00
[Run]     NA18510_63.0.2.bam...
[Done]    NA18510_63.0.2.bam. Execution Time: 00:00:00
[Run]     NA18510_63.1.0.bam...
[Done]    NA18510_63.1.0.bam. Execution Time: 00:00:00
[Run]     NA18510_63.0.3.bam...
[Done]    NA18510_63.0.3.bam. Execution Time: 00:00:00
[Run]     NA18510_63.0.5.bam...
[Done]    NA18510_63.0.5.bam. Execution Time: 00:00:00
[Run]     NA18510_63.0.9.bam...
[Done]    NA18510_63.0.9.bam. Execution Time: 00:00:00
[Run]     NA18510_63.0.6.bam...
[Done]    NA18510_63.0.6.bam. Execution Time: 00:00:00
[Run]     NA18510_64.0.1.bam...
[Done]    NA18510_64.0.1.bam. Execution Time: 00:00:00
[Run]     NA18510_64.0.4.bam...
[Done]    NA18510_64.0.4.bam. Execution Time: 00:00:00
[Run]     NA18510_64.0.3.bam...
[Done]    NA18510_64.0.3.bam. Execution Time: 00:00:00
[Run]     NA18510_64.0.2.bam...
[Done]    NA18510_64.0.2.bam. Execution Time: 00:00:00
[Run]     NA18510_64.0.6.bam...
[Done]    NA18510_64.0.6.bam. Execution Time: 00:00:00
[Run]     NA18510_64.0.5.bam...
[Done]    NA18510_64.0.5.bam. Execution Time: 00:00:00
[Run]     NA18510_64.0.9.bam...
[Done]    NA18510_64.0.9.bam. Execution Time: 00:00:00
[Run]     NA18510_64.0.7.bam...
[Done]    NA18510_64.0.7.bam. Execution Time: 00:00:00
[Run]     NA18510_64.0.8.bam...
[Done]    NA18510_64.0.8.bam. Execution Time: 00:00:00
[Run]     NA18510_65.0.1.bam...
[Done]    NA18510_65.0.1.bam. Execution Time: 00:00:00
[Run]     NA18510_64.1.0.bam...
[Done]    NA18510_64.1.0.bam. Execution Time: 00:00:00
[Run]     NA18510_65.0.3.bam...
[Done]    NA18510_65.0.3.bam. Execution Time: 00:00:00
[Run]     NA18510_65.0.4.bam...
[Done]    NA18510_65.0.4.bam. Execution Time: 00:00:00
[Run]     NA18510_65.0.2.bam...
[Done]    NA18510_65.0.2.bam. Execution Time: 00:00:00
[Run]     NA18510_65.0.6.bam...
[Done]    NA18510_65.0.6.bam. Execution Time: 00:00:00
[Run]     NA18510_65.0.8.bam...
[Done]    NA18510_65.0.8.bam. Execution Time: 00:00:00
[Run]     NA18510_65.0.9.bam...
[Done]    NA18510_65.0.9.bam. Execution Time: 00:00:00
[Run]     NA18510_65.0.7.bam...
[Done]    NA18510_65.0.7.bam. Execution Time: 00:00:00
[Run]     NA18510_65.1.0.bam...
[Done]    NA18510_65.1.0.bam. Execution Time: 00:00:00
[Run]     NA18510_66.0.1.bam...
[Done]    NA18510_66.0.1.bam. Execution Time: 00:00:00
[Run]     NA18510_65.0.5.bam...
[Done]    NA18510_65.0.5.bam. Execution Time: 00:00:00
[Run]     NA18510_66.0.3.bam...
[Done]    NA18510_66.0.3.bam. Execution Time: 00:00:00
[Run]     NA18510_66.0.2.bam...
[Done]    NA18510_66.0.2.bam. Execution Time: 00:00:00
[Run]     NA18510_66.0.5.bam...
[Done]    NA18510_66.0.5.bam. Execution Time: 00:00:00
[Run]     NA18510_66.0.4.bam...
[Done]    NA18510_66.0.4.bam. Execution Time: 00:00:00
[Run]     NA18510_66.0.7.bam...
[Done]    NA18510_66.0.7.bam. Execution Time: 00:00:00
[Run]     NA18510_66.0.9.bam...
[Done]    NA18510_66.0.9.bam. Execution Time: 00:00:00
[Run]     NA18510_66.0.8.bam...
[Done]    NA18510_66.0.8.bam. Execution Time: 00:00:00
[Run]     NA18510_66.0.6.bam...
[Done]    NA18510_66.0.6.bam. Execution Time: 00:00:00
[Run]     NA18510_66.1.0.bam...
[Done]    NA18510_66.1.0.bam. Execution Time: 00:00:00
[Run]     NA18510_67.0.1.bam...
[Done]    NA18510_67.0.1.bam. Execution Time: 00:00:00
[Run]     NA18510_67.0.2.bam...
[Done]    NA18510_67.0.2.bam. Execution Time: 00:00:00
[Run]     NA18510_67.0.3.bam...
[Done]    NA18510_67.0.3.bam. Execution Time: 00:00:00
[Run]     NA18510_67.0.8.bam...
[Done]    NA18510_67.0.8.bam. Execution Time: 00:00:00
[Run]     NA18510_67.0.5.bam...
[Done]    NA18510_67.0.5.bam. Execution Time: 00:00:00
[Run]     NA18510_67.0.7.bam...
[Done]    NA18510_67.0.7.bam. Execution Time: 00:00:00
[Run]     NA18510_67.0.4.bam...
[Done]    NA18510_67.0.4.bam. Execution Time: 00:00:00
[Run]     NA18510_67.0.9.bam...
[Done]    NA18510_67.0.9.bam. Execution Time: 00:00:00
[Run]     NA18510_67.0.6.bam...
[Done]    NA18510_67.0.6.bam. Execution Time: 00:00:00
[Run]     NA18510_68.0.3.bam...
[Done]    NA18510_68.0.3.bam. Execution Time: 00:00:00
[Run]     NA18510_68.0.5.bam...
[Done]    NA18510_68.0.5.bam. Execution Time: 00:00:00
[Run]     NA18510_68.0.1.bam...
[Done]    NA18510_68.0.1.bam. Execution Time: 00:00:00
[Run]     NA18510_68.0.6.bam...
[Done]    NA18510_68.0.6.bam. Execution Time: 00:00:00
[Run]     NA18510_68.0.7.bam...
[Done]    NA18510_68.0.7.bam. Execution Time: 00:00:00
[Run]     NA18510_67.1.0.bam...
[Done]    NA18510_67.1.0.bam. Execution Time: 00:00:00
[Run]     NA18510_68.0.2.bam...
[Done]    NA18510_68.0.2.bam. Execution Time: 00:00:00
[Run]     NA18510_68.0.4.bam...
[Done]    NA18510_68.0.4.bam. Execution Time: 00:00:00
[Run]     NA18510_68.0.9.bam...
[Done]    NA18510_68.0.9.bam. Execution Time: 00:00:00
[Run]     NA18510_69.0.1.bam...
[Done]    NA18510_69.0.1.bam. Execution Time: 00:00:00
[Run]     NA18510_68.1.0.bam...
[Done]    NA18510_68.1.0.bam. Execution Time: 00:00:00
[Run]     NA18510_68.0.8.bam...
[Done]    NA18510_68.0.8.bam. Execution Time: 00:00:00
[Run]     NA18510_69.0.5.bam...
[Done]    NA18510_69.0.5.bam. Execution Time: 00:00:00
[Run]     NA18510_69.0.2.bam...
[Done]    NA18510_69.0.2.bam. Execution Time: 00:00:00
[Run]     NA18510_69.0.4.bam...
[Done]    NA18510_69.0.4.bam. Execution Time: 00:00:00
[Run]     NA18510_69.0.3.bam...
[Done]    NA18510_69.0.3.bam. Execution Time: 00:00:00
[Run]     NA18510_69.0.6.bam...
[Done]    NA18510_69.0.6.bam. Execution Time: 00:00:00
[Run]     NA18510_69.0.7.bam...
[Done]    NA18510_69.0.7.bam. Execution Time: 00:00:00
[Run]     NA18510_69.1.0.bam...
[Done]    NA18510_69.1.0.bam. Execution Time: 00:00:00
[Run]     NA18510_69.0.9.bam...
[Done]    NA18510_69.0.9.bam. Execution Time: 00:00:00
[Run]     NA18510_69.0.8.bam...
[Done]    NA18510_69.0.8.bam. Execution Time: 00:00:00
[Run]     NA18510_70.0.1.bam...
[Done]    NA18510_70.0.1.bam. Execution Time: 00:00:00
[Run]     NA18510_70.0.3.bam...
[Done]    NA18510_70.0.3.bam. Execution Time: 00:00:00
[Run]     NA18510_70.0.2.bam...
[Done]    NA18510_70.0.2.bam. Execution Time: 00:00:00
[Run]     NA18510_70.0.5.bam...
[Done]    NA18510_70.0.5.bam. Execution Time: 00:00:00
[Run]     NA18510_70.0.4.bam...
[Done]    NA18510_70.0.4.bam. Execution Time: 00:00:00
[Run]     NA18510_70.0.6.bam...
[Done]    NA18510_70.0.6.bam. Execution Time: 00:00:00
[Run]     NA18510_70.0.9.bam...
[Done]    NA18510_70.0.9.bam. Execution Time: 00:00:00
[Run]     NA18510_70.0.8.bam...
[Done]    NA18510_70.0.8.bam. Execution Time: 00:00:00
[Run]     NA18510_70.1.0.bam...
[Done]    NA18510_70.1.0.bam. Execution Time: 00:00:00
[Run]     NA18510_70.0.7.bam...
[Done]    NA18510_70.0.7.bam. Execution Time: 00:00:00
[Run]     NA18510_71.0.1.bam...
[Done]    NA18510_71.0.1.bam. Execution Time: 00:00:00
[Run]     NA18510_71.0.2.bam...
[Done]    NA18510_71.0.2.bam. Execution Time: 00:00:00
[Run]     NA18510_71.0.6.bam...
[Done]    NA18510_71.0.6.bam. Execution Time: 00:00:00
[Run]     NA18510_71.0.9.bam...
[Done]    NA18510_71.0.9.bam. Execution Time: 00:00:00
[Run]     NA18510_71.0.3.bam...
[Done]    NA18510_71.0.3.bam. Execution Time: 00:00:00
[Run]     NA18510_71.1.0.bam...
[Done]    NA18510_71.1.0.bam. Execution Time: 00:00:00
[Run]     NA18510_71.0.5.bam...
[Done]    NA18510_71.0.5.bam. Execution Time: 00:00:00
[Run]     NA18510_71.0.7.bam...
[Done]    NA18510_71.0.7.bam. Execution Time: 00:00:00
[Run]     NA18510_71.0.4.bam...
[Done]    NA18510_71.0.4.bam. Execution Time: 00:00:00
[Run]     NA18510_72.0.2.bam...
[Done]    NA18510_72.0.2.bam. Execution Time: 00:00:00
[Run]     NA18510_72.0.3.bam...
[Done]    NA18510_72.0.3.bam. Execution Time: 00:00:00
[Run]     NA18510_71.0.8.bam...
[Done]    NA18510_71.0.8.bam. Execution Time: 00:00:00
[Run]     NA18510_72.0.4.bam...
[Done]    NA18510_72.0.4.bam. Execution Time: 00:00:00
[Run]     NA18510_72.0.1.bam...
[Done]    NA18510_72.0.1.bam. Execution Time: 00:00:00
[Run]     NA18510_72.0.5.bam...
[Done]    NA18510_72.0.5.bam. Execution Time: 00:00:00
[Run]     NA18510_72.0.7.bam...
[Done]    NA18510_72.0.7.bam. Execution Time: 00:00:00
[Run]     NA18510_72.0.6.bam...
[Done]    NA18510_72.0.6.bam. Execution Time: 00:00:00
[Run]     NA18510_73.0.5.bam...
[Done]    NA18510_73.0.5.bam. Execution Time: 00:00:00
[Run]     NA18510_73.0.1.bam...
[Done]    NA18510_73.0.1.bam. Execution Time: 00:00:00
[Run]     NA18510_72.1.0.bam...
[Done]    NA18510_72.1.0.bam. Execution Time: 00:00:00
[Run]     NA18510_73.0.4.bam...
[Done]    NA18510_73.0.4.bam. Execution Time: 00:00:00
[Run]     NA18510_73.0.3.bam...
[Done]    NA18510_73.0.3.bam. Execution Time: 00:00:00
[Run]     NA18510_73.0.2.bam...
[Done]    NA18510_73.0.2.bam. Execution Time: 00:00:00
[Run]     NA18510_72.0.9.bam...
[Done]    NA18510_72.0.9.bam. Execution Time: 00:00:00
[Run]     NA18510_72.0.8.bam...
[Done]    NA18510_72.0.8.bam. Execution Time: 00:00:00
[Run]     NA18510_73.0.8.bam...
[Done]    NA18510_73.0.8.bam. Execution Time: 00:00:00
[Run]     NA18510_73.0.6.bam...
[Done]    NA18510_73.0.6.bam. Execution Time: 00:00:00
[Run]     NA18510_73.0.7.bam...
[Done]    NA18510_73.0.7.bam. Execution Time: 00:00:00
[Run]     NA18510_74.0.1.bam...
[Done]    NA18510_74.0.1.bam. Execution Time: 00:00:00
[Run]     NA18510_74.0.2.bam...
[Done]    NA18510_74.0.2.bam. Execution Time: 00:00:00
[Run]     NA18510_73.0.9.bam...
[Done]    NA18510_73.0.9.bam. Execution Time: 00:00:00
[Run]     NA18510_74.0.3.bam...
[Done]    NA18510_74.0.3.bam. Execution Time: 00:00:00
[Run]     NA18510_74.0.4.bam...
[Done]    NA18510_74.0.4.bam. Execution Time: 00:00:00
[Run]     NA18510_74.0.5.bam...
[Done]    NA18510_74.0.5.bam. Execution Time: 00:00:00
[Run]     NA18510_74.0.6.bam...
[Done]    NA18510_74.0.6.bam. Execution Time: 00:00:00
[Run]     NA18510_74.0.7.bam...
[Done]    NA18510_74.0.7.bam. Execution Time: 00:00:00
[Run]     NA18510_73.1.0.bam...
[Done]    NA18510_73.1.0.bam. Execution Time: 00:00:00
[Run]     NA18510_74.0.8.bam...
[Done]    NA18510_74.0.8.bam. Execution Time: 00:00:00
[Run]     NA18510_74.0.9.bam...
[Done]    NA18510_74.0.9.bam. Execution Time: 00:00:00
[Run]     NA18510_75.0.1.bam...
[Done]    NA18510_75.0.1.bam. Execution Time: 00:00:00
[Run]     NA18510_74.1.0.bam...
[Done]    NA18510_74.1.0.bam. Execution Time: 00:00:00
[Run]     NA18510_75.0.4.bam...
[Done]    NA18510_75.0.4.bam. Execution Time: 00:00:00
[Run]     NA18510_75.0.2.bam...
[Done]    NA18510_75.0.2.bam. Execution Time: 00:00:00
[Run]     NA18510_75.0.3.bam...
[Done]    NA18510_75.0.3.bam. Execution Time: 00:00:00
[Run]     NA18510_75.0.5.bam...
[Done]    NA18510_75.0.5.bam. Execution Time: 00:00:00
[Run]     NA18510_75.0.6.bam...
[Done]    NA18510_75.0.6.bam. Execution Time: 00:00:00
[Run]     NA18510_75.0.7.bam...
[Done]    NA18510_75.0.7.bam. Execution Time: 00:00:00
[Run]     NA18510_75.0.8.bam...
[Done]    NA18510_75.0.8.bam. Execution Time: 00:00:00
[Run]     NA18510_75.0.9.bam...
[Done]    NA18510_75.0.9.bam. Execution Time: 00:00:00
[Run]     NA18510_75.1.0.bam...
[Done]    NA18510_75.1.0.bam. Execution Time: 00:00:00
[Run]     NA18510_76.0.2.bam...
[Done]    NA18510_76.0.2.bam. Execution Time: 00:00:00
[Run]     NA18510_76.0.1.bam...
[Done]    NA18510_76.0.1.bam. Execution Time: 00:00:00
[Run]     NA18510_76.0.5.bam...
[Done]    NA18510_76.0.5.bam. Execution Time: 00:00:00
[Run]     NA18510_76.0.3.bam...
[Done]    NA18510_76.0.3.bam. Execution Time: 00:00:00
[Run]     NA18510_76.0.7.bam...
[Done]    NA18510_76.0.7.bam. Execution Time: 00:00:00
[Run]     NA18510_76.0.4.bam...
[Done]    NA18510_76.0.4.bam. Execution Time: 00:00:00
[Run]     NA18510_76.0.6.bam...
[Done]    NA18510_76.0.6.bam. Execution Time: 00:00:00
[Run]     NA18510_76.0.8.bam...
[Done]    NA18510_76.0.8.bam. Execution Time: 00:00:00
[Run]     NA18510_76.0.9.bam...
[Done]    NA18510_76.0.9.bam. Execution Time: 00:00:00
[Run]     NA18510_76.1.0.bam...
[Done]    NA18510_76.1.0.bam. Execution Time: 00:00:00
[Run]     NA18510_77.0.1.bam...
[Done]    NA18510_77.0.1.bam. Execution Time: 00:00:00
[Run]     NA18510_77.0.4.bam...
[Done]    NA18510_77.0.4.bam. Execution Time: 00:00:00
[Run]     NA18510_77.0.3.bam...
[Done]    NA18510_77.0.3.bam. Execution Time: 00:00:00
[Run]     NA18510_77.0.2.bam...
[Done]    NA18510_77.0.2.bam. Execution Time: 00:00:00
[Run]     NA18510_77.0.8.bam...
[Done]    NA18510_77.0.8.bam. Execution Time: 00:00:00
[Run]     NA18510_77.0.5.bam...
[Done]    NA18510_77.0.5.bam. Execution Time: 00:00:00
[Run]     NA18510_77.0.7.bam...
[Done]    NA18510_77.0.7.bam. Execution Time: 00:00:00
[Run]     NA18510_77.0.9.bam...
[Done]    NA18510_77.0.9.bam. Execution Time: 00:00:00
[Run]     NA18510_77.0.6.bam...
[Done]    NA18510_77.0.6.bam. Execution Time: 00:00:00
[Run]     NA18510_77.1.0.bam...
[Done]    NA18510_77.1.0.bam. Execution Time: 00:00:00
[Run]     NA18510_78.0.3.bam...
[Done]    NA18510_78.0.3.bam. Execution Time: 00:00:00
[Run]     NA18510_78.0.2.bam...
[Done]    NA18510_78.0.2.bam. Execution Time: 00:00:00
[Run]     NA18510_78.0.1.bam...
[Done]    NA18510_78.0.1.bam. Execution Time: 00:00:00
[Run]     NA18510_78.0.6.bam...
[Done]    NA18510_78.0.6.bam. Execution Time: 00:00:00
[Run]     NA18510_78.0.8.bam...
[Done]    NA18510_78.0.8.bam. Execution Time: 00:00:00
[Run]     NA18510_78.0.7.bam...
[Done]    NA18510_78.0.7.bam. Execution Time: 00:00:00
[Run]     NA18510_78.0.9.bam...
[Done]    NA18510_78.0.9.bam. Execution Time: 00:00:00
[Run]     NA18510_78.0.5.bam...
[Done]    NA18510_78.0.5.bam. Execution Time: 00:00:00
[Run]     NA18510_78.0.4.bam...
[Done]    NA18510_78.0.4.bam. Execution Time: 00:00:00
[Run]     NA18510_78.1.0.bam...
[Done]    NA18510_78.1.0.bam. Execution Time: 00:00:00
[Run]     NA18510_79.0.5.bam...
[Done]    NA18510_79.0.5.bam. Execution Time: 00:00:00
[Run]     NA18510_79.0.1.bam...
[Done]    NA18510_79.0.1.bam. Execution Time: 00:00:00
[Run]     NA18510_79.0.8.bam...
[Done]    NA18510_79.0.8.bam. Execution Time: 00:00:00
[Run]     NA18510_79.0.6.bam...
[Done]    NA18510_79.0.6.bam. Execution Time: 00:00:00
[Run]     NA18510_79.0.4.bam...
[Done]    NA18510_79.0.4.bam. Execution Time: 00:00:00
[Run]     NA18510_79.1.0.bam...
[Done]    NA18510_79.1.0.bam. Execution Time: 00:00:00
[Run]     NA18510_79.0.2.bam...
[Done]    NA18510_79.0.2.bam. Execution Time: 00:00:00
[Run]     NA18510_79.0.3.bam...
[Done]    NA18510_79.0.3.bam. Execution Time: 00:00:00
[Run]     NA18510_79.0.7.bam...
[Done]    NA18510_79.0.7.bam. Execution Time: 00:00:00
[Run]     NA18510_80.0.1.bam...
[Done]    NA18510_80.0.1.bam. Execution Time: 00:00:00
[Run]     NA18510_80.0.2.bam...
[Done]    NA18510_80.0.2.bam. Execution Time: 00:00:00
[Run]     NA18510_80.0.4.bam...
[Done]    NA18510_80.0.4.bam. Execution Time: 00:00:00
[Run]     NA18510_90.0.9.bam...
[Done]    NA18510_90.0.9.bam. Execution Time: 00:00:00
[Run]     NA18510_93.0.3.bam...
[Done]    NA18510_93.0.3.bam. Execution Time: 00:00:00
[Run]     NA18510_79.0.9.bam...
[Done]    NA18510_79.0.9.bam. Execution Time: 00:00:00
[Run]     NA18510_80.0.3.bam...
[Done]    NA18510_80.0.3.bam. Execution Time: 00:00:00
[Run]     NA18510_80.0.5.bam...
[Done]    NA18510_80.0.5.bam. Execution Time: 00:00:00
[Run]     NA18510_80.0.6.bam...
[Done]    NA18510_80.0.6.bam. Execution Time: 00:00:00
[Run]     NA18510_81.0.2.bam...
[Done]    NA18510_81.0.2.bam. Execution Time: 00:00:00
[Run]     NA18510_80.0.9.bam...
[Done]    NA18510_80.0.9.bam. Execution Time: 00:00:00
[Run]     NA18510_81.0.3.bam...
[Done]    NA18510_81.0.3.bam. Execution Time: 00:00:00
[Run]     NA18510_81.0.1.bam...
[Done]    NA18510_81.0.1.bam. Execution Time: 00:00:00
[Run]     NA18510_80.1.0.bam...
[Done]    NA18510_80.1.0.bam. Execution Time: 00:00:00
[Run]     NA18510_80.0.8.bam...
[Done]    NA18510_80.0.8.bam. Execution Time: 00:00:00
[Run]     NA18510_80.0.7.bam...
[Done]    NA18510_80.0.7.bam. Execution Time: 00:00:00
[Run]     NA18510_81.0.4.bam...
[Done]    NA18510_81.0.4.bam. Execution Time: 00:00:00
[Run]     NA18510_81.0.6.bam...
[Done]    NA18510_81.0.6.bam. Execution Time: 00:00:00
[Run]     NA18510_81.0.5.bam...
[Done]    NA18510_81.0.5.bam. Execution Time: 00:00:00
[Run]     NA18510_81.0.9.bam...
[Done]    NA18510_81.0.9.bam. Execution Time: 00:00:00
[Run]     NA18510_81.0.8.bam...
[Done]    NA18510_81.0.8.bam. Execution Time: 00:00:00
[Run]     NA18510_81.0.7.bam...
[Done]    NA18510_81.0.7.bam. Execution Time: 00:00:00
[Run]     NA18510_82.0.2.bam...
[Done]    NA18510_82.0.2.bam. Execution Time: 00:00:00
[Run]     NA18510_82.0.1.bam...
[Done]    NA18510_82.0.1.bam. Execution Time: 00:00:00
[Run]     NA18510_82.0.3.bam...
[Done]    NA18510_82.0.3.bam. Execution Time: 00:00:00
[Run]     NA18510_81.1.0.bam...
[Done]    NA18510_81.1.0.bam. Execution Time: 00:00:00
[Run]     NA18510_82.0.5.bam...
[Done]    NA18510_82.0.5.bam. Execution Time: 00:00:00
[Run]     NA18510_82.0.4.bam...
[Done]    NA18510_82.0.4.bam. Execution Time: 00:00:00
[Run]     NA18510_82.0.9.bam...
[Done]    NA18510_82.0.9.bam. Execution Time: 00:00:00
[Run]     NA18510_82.0.8.bam...
[Done]    NA18510_82.0.8.bam. Execution Time: 00:00:00
[Run]     NA18510_82.0.6.bam...
[Done]    NA18510_82.0.6.bam. Execution Time: 00:00:00
[Run]     NA18510_82.1.0.bam...
[Done]    NA18510_82.1.0.bam. Execution Time: 00:00:00
[Run]     NA18510_82.0.7.bam...
[Done]    NA18510_82.0.7.bam. Execution Time: 00:00:00
[Run]     NA18510_83.0.1.bam...
[Done]    NA18510_83.0.1.bam. Execution Time: 00:00:00
[Run]     NA18510_83.0.5.bam...
[Done]    NA18510_83.0.5.bam. Execution Time: 00:00:00
[Run]     NA18510_83.0.8.bam...
[Done]    NA18510_83.0.8.bam. Execution Time: 00:00:00
[Run]     NA18510_83.0.6.bam...
[Done]    NA18510_83.0.6.bam. Execution Time: 00:00:00
[Run]     NA18510_83.0.7.bam...
[Done]    NA18510_83.0.7.bam. Execution Time: 00:00:00
[Run]     NA18510_83.0.4.bam...
[Done]    NA18510_83.0.4.bam. Execution Time: 00:00:00
[Run]     NA18510_83.1.0.bam...
[Done]    NA18510_83.1.0.bam. Execution Time: 00:00:00
[Run]     NA18510_83.0.9.bam...
[Done]    NA18510_83.0.9.bam. Execution Time: 00:00:00
[Run]     NA18510_83.0.3.bam...
[Done]    NA18510_83.0.3.bam. Execution Time: 00:00:00
[Run]     NA18510_83.0.2.bam...
[Done]    NA18510_83.0.2.bam. Execution Time: 00:00:00
[Run]     NA18510_84.0.5.bam...
[Done]    NA18510_84.0.5.bam. Execution Time: 00:00:00
[Run]     NA18510_84.0.4.bam...
[Done]    NA18510_84.0.4.bam. Execution Time: 00:00:00
[Run]     NA18510_84.0.6.bam...
[Done]    NA18510_84.0.6.bam. Execution Time: 00:00:00
[Run]     NA18510_84.0.7.bam...
[Done]    NA18510_84.0.7.bam. Execution Time: 00:00:00
[Run]     NA18510_84.0.8.bam...
[Done]    NA18510_84.0.8.bam. Execution Time: 00:00:00
[Run]     NA18510_85.0.1.bam...
[Done]    NA18510_85.0.1.bam. Execution Time: 00:00:00
[Run]     NA18510_85.0.4.bam...
[Done]    NA18510_85.0.4.bam. Execution Time: 00:00:00
[Run]     NA18510_85.0.6.bam...
[Done]    NA18510_85.0.6.bam. Execution Time: 00:00:00
[Run]     NA18510_84.0.9.bam...
[Done]    NA18510_84.0.9.bam. Execution Time: 00:00:00
[Run]     NA18510_85.0.3.bam...
[Done]    NA18510_85.0.3.bam. Execution Time: 00:00:00
[Run]     NA18510_84.0.2.bam...
[Done]    NA18510_84.0.2.bam. Execution Time: 00:00:00
[Run]     NA18510_84.0.1.bam...
[Done]    NA18510_84.0.1.bam. Execution Time: 00:00:00
[Run]     NA18510_84.0.3.bam...
[Done]    NA18510_84.0.3.bam. Execution Time: 00:00:00
[Run]     NA18510_85.1.0.bam...
[Done]    NA18510_85.1.0.bam. Execution Time: 00:00:00
[Run]     NA18510_85.0.8.bam...
[Done]    NA18510_85.0.8.bam. Execution Time: 00:00:00
[Run]     NA18510_85.0.2.bam...
[Done]    NA18510_85.0.2.bam. Execution Time: 00:00:00
[Run]     NA18510_85.0.5.bam...
[Done]    NA18510_85.0.5.bam. Execution Time: 00:00:00
[Run]     NA18510_84.1.0.bam...
[Done]    NA18510_84.1.0.bam. Execution Time: 00:00:00
[Run]     NA18510_85.0.9.bam...
[Done]    NA18510_85.0.9.bam. Execution Time: 00:00:00
[Run]     NA18510_86.0.1.bam...
[Done]    NA18510_86.0.1.bam. Execution Time: 00:00:00
[Run]     NA18510_85.0.7.bam...
[Done]    NA18510_85.0.7.bam. Execution Time: 00:00:00
[Run]     NA18510_86.0.2.bam...
[Done]    NA18510_86.0.2.bam. Execution Time: 00:00:00
[Run]     NA18510_86.0.3.bam...
[Done]    NA18510_86.0.3.bam. Execution Time: 00:00:00
[Run]     NA18510_86.0.5.bam...
[Done]    NA18510_86.0.5.bam. Execution Time: 00:00:00
[Run]     NA18510_86.0.7.bam...
[Done]    NA18510_86.0.7.bam. Execution Time: 00:00:00
[Run]     NA18510_86.1.0.bam...
[Done]    NA18510_86.1.0.bam. Execution Time: 00:00:00
[Run]     NA18510_87.0.2.bam...
[Done]    NA18510_87.0.2.bam. Execution Time: 00:00:00
[Run]     NA18510_87.0.1.bam...
[Done]    NA18510_87.0.1.bam. Execution Time: 00:00:00
[Run]     NA18510_86.0.8.bam...
[Done]    NA18510_86.0.8.bam. Execution Time: 00:00:00
[Run]     NA18510_87.0.4.bam...
[Done]    NA18510_87.0.4.bam. Execution Time: 00:00:00
[Run]     NA18510_86.0.4.bam...
[Done]    NA18510_86.0.4.bam. Execution Time: 00:00:00
[Run]     NA18510_87.0.3.bam...
[Done]    NA18510_87.0.3.bam. Execution Time: 00:00:00
[Run]     NA18510_86.0.9.bam...
[Done]    NA18510_86.0.9.bam. Execution Time: 00:00:00
[Run]     NA18510_86.0.6.bam...
[Done]    NA18510_86.0.6.bam. Execution Time: 00:00:00
[Run]     NA18510_87.0.5.bam...
[Done]    NA18510_87.0.5.bam. Execution Time: 00:00:00
[Run]     NA18510_87.0.6.bam...
[Done]    NA18510_87.0.6.bam. Execution Time: 00:00:00
[Run]     NA18510_87.0.7.bam...
[Done]    NA18510_87.0.7.bam. Execution Time: 00:00:00
[Run]     NA18510_87.0.8.bam...
[Done]    NA18510_87.0.8.bam. Execution Time: 00:00:00
[Run]     NA18510_88.0.3.bam...
[Done]    NA18510_88.0.3.bam. Execution Time: 00:00:00
[Run]     NA18510_87.0.9.bam...
[Done]    NA18510_87.0.9.bam. Execution Time: 00:00:00
[Run]     NA18510_87.1.0.bam...
[Done]    NA18510_87.1.0.bam. Execution Time: 00:00:00
[Run]     NA18510_88.0.1.bam...
[Done]    NA18510_88.0.1.bam. Execution Time: 00:00:00
[Run]     NA18510_88.0.4.bam...
[Done]    NA18510_88.0.4.bam. Execution Time: 00:00:00
[Run]     NA18510_88.0.2.bam...
[Done]    NA18510_88.0.2.bam. Execution Time: 00:00:00
[Run]     NA18510_88.0.6.bam...
[Done]    NA18510_88.0.6.bam. Execution Time: 00:00:00
[Run]     NA18510_88.0.7.bam...
[Done]    NA18510_88.0.7.bam. Execution Time: 00:00:00
[Run]     NA18510_88.0.5.bam...
[Done]    NA18510_88.0.5.bam. Execution Time: 00:00:00
[Run]     NA18510_88.0.8.bam...
[Done]    NA18510_88.0.8.bam. Execution Time: 00:00:00
[Run]     NA18510_88.0.9.bam...
[Done]    NA18510_88.0.9.bam. Execution Time: 00:00:00
[Run]     NA18510_89.0.4.bam...
[Done]    NA18510_89.0.4.bam. Execution Time: 00:00:00
[Run]     NA18510_89.0.1.bam...
[Done]    NA18510_89.0.1.bam. Execution Time: 00:00:00
[Run]     NA18510_89.0.3.bam...
[Done]    NA18510_89.0.3.bam. Execution Time: 00:00:00
[Run]     NA18510_89.0.2.bam...
[Done]    NA18510_89.0.2.bam. Execution Time: 00:00:00
[Run]     NA18510_89.0.6.bam...
[Done]    NA18510_89.0.6.bam. Execution Time: 00:00:00
[Run]     NA18510_88.1.0.bam...
[Done]    NA18510_88.1.0.bam. Execution Time: 00:00:00
[Run]     NA18510_89.0.5.bam...
[Done]    NA18510_89.0.5.bam. Execution Time: 00:00:00
[Run]     NA18510_89.0.9.bam...
[Done]    NA18510_89.0.9.bam. Execution Time: 00:00:00
[Run]     NA18510_90.0.2.bam...
[Done]    NA18510_90.0.2.bam. Execution Time: 00:00:00
[Run]     NA18510_89.0.7.bam...
[Done]    NA18510_89.0.7.bam. Execution Time: 00:00:00
[Run]     NA18510_89.1.0.bam...
[Done]    NA18510_89.1.0.bam. Execution Time: 00:00:00
[Run]     NA18510_89.0.8.bam...
[Done]    NA18510_89.0.8.bam. Execution Time: 00:00:00
[Run]     NA18510_90.0.4.bam...
[Done]    NA18510_90.0.4.bam. Execution Time: 00:00:00
[Run]     NA18510_90.0.5.bam...
[Done]    NA18510_90.0.5.bam. Execution Time: 00:00:00
[Run]     NA18510_90.0.6.bam...
[Done]    NA18510_90.0.6.bam. Execution Time: 00:00:00
[Run]     NA18510_90.0.1.bam...
[Done]    NA18510_90.0.1.bam. Execution Time: 00:00:00
[Run]     NA18510_90.0.3.bam...
[Done]    NA18510_90.0.3.bam. Execution Time: 00:00:00
[Run]     NA18510_90.0.7.bam...
[Done]    NA18510_90.0.7.bam. Execution Time: 00:00:00
[Run]     NA18510_90.1.0.bam...
[Done]    NA18510_90.1.0.bam. Execution Time: 00:00:00
[Run]     NA18510_90.0.8.bam...
[Done]    NA18510_90.0.8.bam. Execution Time: 00:00:00
[Run]     NA18510_91.0.3.bam...
[Done]    NA18510_91.0.3.bam. Execution Time: 00:00:00
[Run]     NA18510_91.0.2.bam...
[Done]    NA18510_91.0.2.bam. Execution Time: 00:00:00
[Run]     NA18510_91.0.6.bam...
[Done]    NA18510_91.0.6.bam. Execution Time: 00:00:00
[Run]     NA18510_91.0.4.bam...
[Done]    NA18510_91.0.4.bam. Execution Time: 00:00:00
[Run]     NA18510_91.0.8.bam...
[Done]    NA18510_91.0.8.bam. Execution Time: 00:00:00
[Run]     NA18510_91.0.7.bam...
[Done]    NA18510_91.0.7.bam. Execution Time: 00:00:00
[Run]     NA18510_91.0.1.bam...
[Done]    NA18510_91.0.1.bam. Execution Time: 00:00:00
[Run]     NA18510_91.0.9.bam...
[Done]    NA18510_91.0.9.bam. Execution Time: 00:00:00
[Run]     NA18510_91.1.0.bam...
[Done]    NA18510_91.1.0.bam. Execution Time: 00:00:00
[Run]     NA18510_92.0.3.bam...
[Done]    NA18510_92.0.3.bam. Execution Time: 00:00:00
[Run]     NA18510_91.0.5.bam...
[Done]    NA18510_91.0.5.bam. Execution Time: 00:00:00
[Run]     NA18510_92.0.5.bam...
[Done]    NA18510_92.0.5.bam. Execution Time: 00:00:00
[Run]     NA18510_92.0.4.bam...
[Done]    NA18510_92.0.4.bam. Execution Time: 00:00:00
[Run]     NA18510_92.0.6.bam...
[Done]    NA18510_92.0.6.bam. Execution Time: 00:00:00
[Run]     NA18510_92.0.1.bam...
[Done]    NA18510_92.0.1.bam. Execution Time: 00:00:00
[Run]     NA18510_92.0.2.bam...
[Done]    NA18510_92.0.2.bam. Execution Time: 00:00:00
[Run]     NA18510_92.0.7.bam...
[Done]    NA18510_92.0.7.bam. Execution Time: 00:00:00
[Run]     NA18510_92.1.0.bam...
[Done]    NA18510_92.1.0.bam. Execution Time: 00:00:00
[Run]     NA18510_92.0.8.bam...
[Done]    NA18510_92.0.8.bam. Execution Time: 00:00:00
[Run]     NA18510_92.0.9.bam...
[Done]    NA18510_92.0.9.bam. Execution Time: 00:00:00
[Run]     NA18510_93.0.2.bam...
[Done]    NA18510_93.0.2.bam. Execution Time: 00:00:00
[Run]     NA18510_93.0.7.bam...
[Done]    NA18510_93.0.7.bam. Execution Time: 00:00:00
[Run]     NA18510_93.0.4.bam...
[Done]    NA18510_93.0.4.bam. Execution Time: 00:00:00
[Run]     NA18510_93.0.5.bam...
[Done]    NA18510_93.0.5.bam. Execution Time: 00:00:00
[Run]     NA18510_93.0.1.bam...
[Done]    NA18510_93.0.1.bam. Execution Time: 00:00:00
[Run]     NA18510_93.0.8.bam...
[Done]    NA18510_93.0.8.bam. Execution Time: 00:00:00
[Run]     NA18510_93.0.9.bam...
[Done]    NA18510_93.0.9.bam. Execution Time: 00:00:00
[Run]     NA18510_93.1.0.bam...
[Done]    NA18510_93.1.0.bam. Execution Time: 00:00:00
[Run]     NA18510_94.0.1.bam...
[Done]    NA18510_94.0.1.bam. Execution Time: 00:00:00
[Run]     NA18510_93.0.6.bam...
[Done]    NA18510_93.0.6.bam. Execution Time: 00:00:00
[Run]     NA18510_94.0.4.bam...
[Done]    NA18510_94.0.4.bam. Execution Time: 00:00:00
[Run]     NA18510_94.0.5.bam...
[Done]    NA18510_94.0.5.bam. Execution Time: 00:00:00
[Run]     NA18510_94.0.2.bam...
[Done]    NA18510_94.0.2.bam. Execution Time: 00:00:00
[Run]     NA18510_94.0.3.bam...
[Done]    NA18510_94.0.3.bam. Execution Time: 00:00:00
[Run]     NA18510_94.0.8.bam...
[Done]    NA18510_94.0.8.bam. Execution Time: 00:00:00
[Run]     NA18510_94.0.7.bam...
[Done]    NA18510_94.0.7.bam. Execution Time: 00:00:00
[Run]     NA18510_95.0.1.bam...
[Done]    NA18510_95.0.1.bam. Execution Time: 00:00:00
[Run]     NA18510_95.0.5.bam...
[Done]    NA18510_95.0.5.bam. Execution Time: 00:00:00
[Run]     NA18510_94.0.9.bam...
[Done]    NA18510_94.0.9.bam. Execution Time: 00:00:00
[Run]     NA18510_95.0.8.bam...
[Done]    NA18510_95.0.8.bam. Execution Time: 00:00:00
[Run]     NA18510_94.1.0.bam...
[Done]    NA18510_94.1.0.bam. Execution Time: 00:00:00
[Run]     NA18510_94.0.6.bam...
[Done]    NA18510_94.0.6.bam. Execution Time: 00:00:00
[Run]     NA18510_95.0.9.bam...
[Done]    NA18510_95.0.9.bam. Execution Time: 00:00:00
[Run]     NA18510_95.0.6.bam...
[Done]    NA18510_95.0.6.bam. Execution Time: 00:00:00
[Run]     NA18510_95.0.2.bam...
[Done]    NA18510_95.0.2.bam. Execution Time: 00:00:00
[Run]     NA18510_95.0.3.bam...
[Done]    NA18510_95.0.3.bam. Execution Time: 00:00:00
[Run]     NA18510_95.0.4.bam...
[Done]    NA18510_95.0.4.bam. Execution Time: 00:00:00
[Run]     NA18510_95.0.7.bam...
[Done]    NA18510_95.0.7.bam. Execution Time: 00:00:00
[Run]     NA18510_96.0.4.bam...
[Done]    NA18510_96.0.4.bam. Execution Time: 00:00:00
[Run]     NA18510_96.0.7.bam...
[Done]    NA18510_96.0.7.bam. Execution Time: 00:00:00
[Run]     NA18510_95.1.0.bam...
[Done]    NA18510_95.1.0.bam. Execution Time: 00:00:00
[Run]     NA18510_96.0.1.bam...
[Done]    NA18510_96.0.1.bam. Execution Time: 00:00:00
[Run]     NA18510_96.0.2.bam...
[Done]    NA18510_96.0.2.bam. Execution Time: 00:00:00
[Run]     NA18510_96.0.3.bam...
[Done]    NA18510_96.0.3.bam. Execution Time: 00:00:00
[Run]     NA18510_96.0.9.bam...
[Done]    NA18510_96.0.9.bam. Execution Time: 00:00:00
[Run]     NA18510_96.0.8.bam...
[Done]    NA18510_96.0.8.bam. Execution Time: 00:00:00
[Run]     NA18510_96.0.6.bam...
[Done]    NA18510_96.0.6.bam. Execution Time: 00:00:00
[Run]     NA18510_97.0.1.bam...
[Done]    NA18510_97.0.1.bam. Execution Time: 00:00:00
[Run]     NA18510_96.1.0.bam...
[Done]    NA18510_96.1.0.bam. Execution Time: 00:00:00
[Run]     NA18510_97.0.2.bam...
[Done]    NA18510_97.0.2.bam. Execution Time: 00:00:00
[Run]     NA18510_97.0.6.bam...
[Done]    NA18510_97.0.6.bam. Execution Time: 00:00:00
[Run]     NA18510_97.0.3.bam...
[Done]    NA18510_97.0.3.bam. Execution Time: 00:00:00
[Run]     NA18510_97.0.4.bam...
[Done]    NA18510_97.0.4.bam. Execution Time: 00:00:00
[Run]     NA18510_97.0.7.bam...
[Done]    NA18510_97.0.7.bam. Execution Time: 00:00:00
[Run]     NA18510_97.0.5.bam...
[Done]    NA18510_97.0.5.bam. Execution Time: 00:00:00
[Run]     NA18510_96.0.5.bam...
[Done]    NA18510_96.0.5.bam. Execution Time: 00:00:00
[Run]     NA18510_97.1.0.bam...
[Done]    NA18510_97.1.0.bam. Execution Time: 00:00:00
[Run]     NA18510_97.0.8.bam...
[Done]    NA18510_97.0.8.bam. Execution Time: 00:00:00
[Run]     NA18510_97.0.9.bam...
[Done]    NA18510_97.0.9.bam. Execution Time: 00:00:00
[Run]     NA18510_98.0.3.bam...
[Done]    NA18510_98.0.3.bam. Execution Time: 00:00:00
[Run]     NA18510_98.0.2.bam...
[Done]    NA18510_98.0.2.bam. Execution Time: 00:00:00
[Run]     NA18510_98.0.1.bam...
[Done]    NA18510_98.0.1.bam. Execution Time: 00:00:00
[Run]     NA18510_98.0.5.bam...
[Done]    NA18510_98.0.5.bam. Execution Time: 00:00:00
[Run]     NA18510_98.0.9.bam...
[Done]    NA18510_98.0.9.bam. Execution Time: 00:00:00
[Run]     NA18510_98.0.7.bam...
[Done]    NA18510_98.0.7.bam. Execution Time: 00:00:00
[Run]     NA18510_98.0.4.bam...
[Done]    NA18510_98.0.4.bam. Execution Time: 00:00:00
[Run]     NA18510_98.0.6.bam...
[Done]    NA18510_98.0.6.bam. Execution Time: 00:00:00
[Run]     NA18510_99.0.1.bam...
[Done]    NA18510_99.0.1.bam. Execution Time: 00:00:00
[Run]     NA18510_99.0.2.bam...
[Done]    NA18510_99.0.2.bam. Execution Time: 00:00:00
[Run]     NA18510_98.0.8.bam...
[Done]    NA18510_98.0.8.bam. Execution Time: 00:00:00
[Run]     NA18510_99.0.7.bam...
[Done]    NA18510_99.0.7.bam. Execution Time: 00:00:00
[Run]     NA18510_98.1.0.bam...
[Done]    NA18510_98.1.0.bam. Execution Time: 00:00:00
[Run]     NA18510_99.0.8.bam...
[Done]    NA18510_99.0.8.bam. Execution Time: 00:00:00
[Run]     NA18510_99.0.6.bam...
[Done]    NA18510_99.0.6.bam. Execution Time: 00:00:00
[Run]     NA18510_99.0.3.bam...
[Done]    NA18510_99.0.3.bam. Execution Time: 00:00:00
[Run]     NA18510_99.0.9.bam...
[Done]    NA18510_99.0.9.bam. Execution Time: 00:00:00
[Run]     NA18510_99.1.0.bam...
[Done]    NA18510_99.1.0.bam. Execution Time: 00:00:00
[Run]     NA18510_99.0.4.bam...
[Done]    NA18510_99.0.4.bam. Execution Time: 00:00:00
[Run]     NA18510_99.0.5.bam...
[Done]    NA18510_99.0.5.bam. Execution Time: 00:00:00
[Run]     Merge output files...
[Done]    Merge output files. Execution Time: 00:00:00

Execution Time: 1 min, 18 sec

