
mtDNA Variant Detection v2.0.0-rc7
https://github.com/seppinho/mutserve
(c) Sebastian Schoenherr, Hansi Weissensteiner, Lukas Forer
1000 files added.
[Run]     HG01051_0.0.1.bam...
[Done]    HG01051_0.0.1.bam. Execution Time: 00:00:00
[Run]     HG01051_0.0.2.bam...
[Done]    HG01051_0.0.2.bam. Execution Time: 00:00:00
[Run]     HG01051_0.0.5.bam...
[Done]    HG01051_0.0.5.bam. Execution Time: 00:00:00
[Run]     HG01051_0.1.0.bam...
[Done]    HG01051_0.1.0.bam. Execution Time: 00:00:00
[Run]     HG01051_1.0.1.bam...
[Done]    HG01051_1.0.1.bam. Execution Time: 00:00:00
[Run]     HG01051_1.0.2.bam...
[Done]    HG01051_1.0.2.bam. Execution Time: 00:00:00
[Run]     HG01051_1.0.4.bam...
[Done]    HG01051_1.0.4.bam. Execution Time: 00:00:00
[Run]     HG01051_0.0.3.bam...
[Done]    HG01051_0.0.3.bam. Execution Time: 00:00:00
[Run]     HG01051_0.0.4.bam...
[Done]    HG01051_0.0.4.bam. Execution Time: 00:00:00
[Run]     HG01051_0.0.8.bam...
[Done]    HG01051_0.0.8.bam. Execution Time: 00:00:00
[Run]     HG01051_0.0.6.bam...
[Done]    HG01051_0.0.6.bam. Execution Time: 00:00:00
[Run]     HG01051_0.0.7.bam...
[Done]    HG01051_0.0.7.bam. Execution Time: 00:00:00
[Run]     HG01051_0.0.9.bam...
[Done]    HG01051_0.0.9.bam. Execution Time: 00:00:00
[Run]     HG01051_1.0.7.bam...
[Done]    HG01051_1.0.7.bam. Execution Time: 00:00:00
[Run]     HG01051_1.0.6.bam...
[Done]    HG01051_1.0.6.bam. Execution Time: 00:00:00
[Run]     HG01051_1.0.3.bam...
[Done]    HG01051_1.0.3.bam. Execution Time: 00:00:00
[Run]     HG01051_1.0.8.bam...
[Done]    HG01051_1.0.8.bam. Execution Time: 00:00:00
[Run]     HG01051_1.1.0.bam...
[Done]    HG01051_1.1.0.bam. Execution Time: 00:00:00
[Run]     HG01051_2.0.1.bam...
[Done]    HG01051_2.0.1.bam. Execution Time: 00:00:00
[Run]     HG01051_2.0.5.bam...
[Done]    HG01051_2.0.5.bam. Execution Time: 00:00:00
[Run]     HG01051_1.0.5.bam...
[Done]    HG01051_1.0.5.bam. Execution Time: 00:00:00
[Run]     HG01051_2.0.6.bam...
[Done]    HG01051_2.0.6.bam. Execution Time: 00:00:00
[Run]     HG01051_2.0.7.bam...
[Done]    HG01051_2.0.7.bam. Execution Time: 00:00:00
[Run]     HG01051_1.0.9.bam...
[Done]    HG01051_1.0.9.bam. Execution Time: 00:00:00
[Run]     HG01051_2.0.9.bam...
[Done]    HG01051_2.0.9.bam. Execution Time: 00:00:00
[Run]     HG01051_2.0.2.bam...
[Done]    HG01051_2.0.2.bam. Execution Time: 00:00:00
[Run]     HG01051_3.0.2.bam...
[Done]    HG01051_3.0.2.bam. Execution Time: 00:00:00
[Run]     HG01051_3.0.3.bam...
[Done]    HG01051_3.0.3.bam. Execution Time: 00:00:00
[Run]     HG01051_2.0.4.bam...
[Done]    HG01051_2.0.4.bam. Execution Time: 00:00:00
[Run]     HG01051_2.0.3.bam...
[Done]    HG01051_2.0.3.bam. Execution Time: 00:00:00
[Run]     HG01051_3.0.4.bam...
[Done]    HG01051_3.0.4.bam. Execution Time: 00:00:00
[Run]     HG01051_3.0.5.bam...
[Done]    HG01051_3.0.5.bam. Execution Time: 00:00:00
[Run]     HG01051_2.0.8.bam...
[Done]    HG01051_2.0.8.bam. Execution Time: 00:00:00
[Run]     HG01051_2.1.0.bam...
[Done]    HG01051_2.1.0.bam. Execution Time: 00:00:00
[Run]     HG01051_3.0.1.bam...
[Done]    HG01051_3.0.1.bam. Execution Time: 00:00:00
[Run]     HG01051_3.0.6.bam...
[Done]    HG01051_3.0.6.bam. Execution Time: 00:00:00
[Run]     HG01051_3.1.0.bam...
[Done]    HG01051_3.1.0.bam. Execution Time: 00:00:00
[Run]     HG01051_3.0.9.bam...
[Done]    HG01051_3.0.9.bam. Execution Time: 00:00:00
[Run]     HG01051_4.0.6.bam...
[Done]    HG01051_4.0.6.bam. Execution Time: 00:00:00
[Run]     HG01051_4.0.4.bam...
[Done]    HG01051_4.0.4.bam. Execution Time: 00:00:00
[Run]     HG01051_3.0.8.bam...
[Done]    HG01051_3.0.8.bam. Execution Time: 00:00:00
[Run]     HG01051_3.0.7.bam...
[Done]    HG01051_3.0.7.bam. Execution Time: 00:00:00
[Run]     HG01051_4.0.9.bam...
[Done]    HG01051_4.0.9.bam. Execution Time: 00:00:00
[Run]     HG01051_4.0.3.bam...
[Done]    HG01051_4.0.3.bam. Execution Time: 00:00:00
[Run]     HG01051_4.0.1.bam...
[Done]    HG01051_4.0.1.bam. Execution Time: 00:00:00
[Run]     HG01051_4.0.5.bam...
[Done]    HG01051_4.0.5.bam. Execution Time: 00:00:00
[Run]     HG01051_4.0.2.bam...
[Done]    HG01051_4.0.2.bam. Execution Time: 00:00:00
[Run]     HG01051_4.0.7.bam...
[Done]    HG01051_4.0.7.bam. Execution Time: 00:00:00
[Run]     HG01051_4.1.0.bam...
[Done]    HG01051_4.1.0.bam. Execution Time: 00:00:00
[Run]     HG01051_4.0.8.bam...
[Done]    HG01051_4.0.8.bam. Execution Time: 00:00:00
[Run]     HG01051_5.0.1.bam...
[Done]    HG01051_5.0.1.bam. Execution Time: 00:00:00
[Run]     HG01051_5.0.2.bam...
[Done]    HG01051_5.0.2.bam. Execution Time: 00:00:00
[Run]     HG01051_5.0.3.bam...
[Done]    HG01051_5.0.3.bam. Execution Time: 00:00:00
[Run]     HG01051_5.0.6.bam...
[Done]    HG01051_5.0.6.bam. Execution Time: 00:00:00
[Run]     HG01051_5.0.4.bam...
[Done]    HG01051_5.0.4.bam. Execution Time: 00:00:00
[Run]     HG01051_5.0.7.bam...
[Done]    HG01051_5.0.7.bam. Execution Time: 00:00:00
[Run]     HG01051_5.0.9.bam...
[Done]    HG01051_5.0.9.bam. Execution Time: 00:00:00
[Run]     HG01051_5.0.8.bam...
[Done]    HG01051_5.0.8.bam. Execution Time: 00:00:00
[Run]     HG01051_5.0.5.bam...
[Done]    HG01051_5.0.5.bam. Execution Time: 00:00:00
[Run]     HG01051_6.0.1.bam...
[Done]    HG01051_6.0.1.bam. Execution Time: 00:00:00
[Run]     HG01051_5.1.0.bam...
[Done]    HG01051_5.1.0.bam. Execution Time: 00:00:00
[Run]     HG01051_6.0.2.bam...
[Done]    HG01051_6.0.2.bam. Execution Time: 00:00:00
[Run]     HG01051_6.0.3.bam...
[Done]    HG01051_6.0.3.bam. Execution Time: 00:00:00
[Run]     HG01051_6.0.4.bam...
[Done]    HG01051_6.0.4.bam. Execution Time: 00:00:00
[Run]     HG01051_6.0.5.bam...
[Done]    HG01051_6.0.5.bam. Execution Time: 00:00:00
[Run]     HG01051_6.0.8.bam...
[Done]    HG01051_6.0.8.bam. Execution Time: 00:00:00
[Run]     HG01051_6.0.7.bam...
[Done]    HG01051_6.0.7.bam. Execution Time: 00:00:00
[Run]     HG01051_6.0.6.bam...
[Done]    HG01051_6.0.6.bam. Execution Time: 00:00:00
[Run]     HG01051_6.0.9.bam...
[Done]    HG01051_6.0.9.bam. Execution Time: 00:00:00
[Run]     HG01051_6.1.0.bam...
[Done]    HG01051_6.1.0.bam. Execution Time: 00:00:00
[Run]     HG01051_46.0.2.bam...
[Done]    HG01051_46.0.2.bam. Execution Time: 00:00:00
[Run]     HG01051_45.0.7.bam...
[Done]    HG01051_45.0.7.bam. Execution Time: 00:00:00
[Run]     HG01051_45.0.8.bam...
[Done]    HG01051_45.0.8.bam. Execution Time: 00:00:00
[Run]     HG01051_45.0.6.bam...
[Done]    HG01051_45.0.6.bam. Execution Time: 00:00:00
[Run]     HG01051_46.0.4.bam...
[Done]    HG01051_46.0.4.bam. Execution Time: 00:00:00
[Run]     HG01051_46.0.3.bam...
[Done]    HG01051_46.0.3.bam. Execution Time: 00:00:00
[Run]     HG01051_45.1.0.bam...
[Done]    HG01051_45.1.0.bam. Execution Time: 00:00:00
[Run]     HG01051_46.0.5.bam...
[Done]    HG01051_46.0.5.bam. Execution Time: 00:00:00
[Run]     HG01051_46.0.7.bam...
[Done]    HG01051_46.0.7.bam. Execution Time: 00:00:00
[Run]     HG01051_46.0.1.bam...
[Done]    HG01051_46.0.1.bam. Execution Time: 00:00:00
[Run]     HG01051_45.0.9.bam...
[Done]    HG01051_45.0.9.bam. Execution Time: 00:00:00
[Run]     HG01051_46.0.9.bam...
[Done]    HG01051_46.0.9.bam. Execution Time: 00:00:00
[Run]     HG01051_46.0.6.bam...
[Done]    HG01051_46.0.6.bam. Execution Time: 00:00:00
[Run]     HG01051_46.0.8.bam...
[Done]    HG01051_46.0.8.bam. Execution Time: 00:00:00
[Run]     HG01051_47.0.5.bam...
[Done]    HG01051_47.0.5.bam. Execution Time: 00:00:00
[Run]     HG01051_46.1.0.bam...
[Done]    HG01051_46.1.0.bam. Execution Time: 00:00:00
[Run]     HG01051_47.0.1.bam...
[Done]    HG01051_47.0.1.bam. Execution Time: 00:00:00
[Run]     HG01051_47.0.4.bam...
[Done]    HG01051_47.0.4.bam. Execution Time: 00:00:00
[Run]     HG01051_47.0.3.bam...
[Done]    HG01051_47.0.3.bam. Execution Time: 00:00:00
[Run]     HG01051_47.0.2.bam...
[Done]    HG01051_47.0.2.bam. Execution Time: 00:00:00
[Run]     HG01051_47.0.6.bam...
[Done]    HG01051_47.0.6.bam. Execution Time: 00:00:00
[Run]     HG01051_47.0.9.bam...
[Done]    HG01051_47.0.9.bam. Execution Time: 00:00:00
[Run]     HG01051_47.0.7.bam...
[Done]    HG01051_47.0.7.bam. Execution Time: 00:00:00
[Run]     HG01051_47.1.0.bam...
[Done]    HG01051_47.1.0.bam. Execution Time: 00:00:00
[Run]     HG01051_47.0.8.bam...
[Done]    HG01051_47.0.8.bam. Execution Time: 00:00:00
[Run]     HG01051_48.0.1.bam...
[Done]    HG01051_48.0.1.bam. Execution Time: 00:00:00
[Run]     HG01051_48.0.7.bam...
[Done]    HG01051_48.0.7.bam. Execution Time: 00:00:00
[Run]     HG01051_48.0.6.bam...
[Done]    HG01051_48.0.6.bam. Execution Time: 00:00:00
[Run]     HG01051_48.0.4.bam...
[Done]    HG01051_48.0.4.bam. Execution Time: 00:00:00
[Run]     HG01051_48.0.3.bam...
[Done]    HG01051_48.0.3.bam. Execution Time: 00:00:00
[Run]     HG01051_48.0.5.bam...
[Done]    HG01051_48.0.5.bam. Execution Time: 00:00:00
[Run]     HG01051_48.0.2.bam...
[Done]    HG01051_48.0.2.bam. Execution Time: 00:00:00
[Run]     HG01051_48.0.9.bam...
[Done]    HG01051_48.0.9.bam. Execution Time: 00:00:00
[Run]     HG01051_48.1.0.bam...
[Done]    HG01051_48.1.0.bam. Execution Time: 00:00:00
[Run]     HG01051_48.0.8.bam...
[Done]    HG01051_48.0.8.bam. Execution Time: 00:00:00
[Run]     HG01051_7.0.2.bam...
[Done]    HG01051_7.0.2.bam. Execution Time: 00:00:00
[Run]     HG01051_7.0.4.bam...
[Done]    HG01051_7.0.4.bam. Execution Time: 00:00:00
[Run]     HG01051_7.0.3.bam...
[Done]    HG01051_7.0.3.bam. Execution Time: 00:00:00
[Run]     HG01051_7.0.6.bam...
[Done]    HG01051_7.0.6.bam. Execution Time: 00:00:00
[Run]     HG01051_7.0.1.bam...
[Done]    HG01051_7.0.1.bam. Execution Time: 00:00:00
[Run]     HG01051_7.0.9.bam...
[Done]    HG01051_7.0.9.bam. Execution Time: 00:00:00
[Run]     HG01051_8.0.1.bam...
[Done]    HG01051_8.0.1.bam. Execution Time: 00:00:00
[Run]     HG01051_7.0.5.bam...
[Done]    HG01051_7.0.5.bam. Execution Time: 00:00:00
[Run]     HG01051_8.0.4.bam...
[Done]    HG01051_8.0.4.bam. Execution Time: 00:00:00
[Run]     HG01051_8.0.6.bam...
[Done]    HG01051_8.0.6.bam. Execution Time: 00:00:00
[Run]     HG01051_7.1.0.bam...
[Done]    HG01051_7.1.0.bam. Execution Time: 00:00:00
[Run]     HG01051_7.0.7.bam...
[Done]    HG01051_7.0.7.bam. Execution Time: 00:00:00
[Run]     HG01051_7.0.8.bam...
[Done]    HG01051_7.0.8.bam. Execution Time: 00:00:00
[Run]     HG01051_8.0.2.bam...
[Done]    HG01051_8.0.2.bam. Execution Time: 00:00:00
[Run]     HG01051_8.0.9.bam...
[Done]    HG01051_8.0.9.bam. Execution Time: 00:00:00
[Run]     HG01051_8.0.8.bam...
[Done]    HG01051_8.0.8.bam. Execution Time: 00:00:00
[Run]     HG01051_8.1.0.bam...
[Done]    HG01051_8.1.0.bam. Execution Time: 00:00:00
[Run]     HG01051_8.0.3.bam...
[Done]    HG01051_8.0.3.bam. Execution Time: 00:00:00
[Run]     HG01051_9.0.3.bam...
[Done]    HG01051_9.0.3.bam. Execution Time: 00:00:00
[Run]     HG01051_8.0.5.bam...
[Done]    HG01051_8.0.5.bam. Execution Time: 00:00:00
[Run]     HG01051_8.0.7.bam...
[Done]    HG01051_8.0.7.bam. Execution Time: 00:00:00
[Run]     HG01051_9.0.5.bam...
[Done]    HG01051_9.0.5.bam. Execution Time: 00:00:00
[Run]     HG01051_9.0.1.bam...
[Done]    HG01051_9.0.1.bam. Execution Time: 00:00:00
[Run]     HG01051_9.0.7.bam...
[Done]    HG01051_9.0.7.bam. Execution Time: 00:00:00
[Run]     HG01051_9.0.2.bam...
[Done]    HG01051_9.0.2.bam. Execution Time: 00:00:00
[Run]     HG01051_9.1.0.bam...
[Done]    HG01051_9.1.0.bam. Execution Time: 00:00:00
[Run]     HG01051_9.0.4.bam...
[Done]    HG01051_9.0.4.bam. Execution Time: 00:00:00
[Run]     HG01051_9.0.8.bam...
[Done]    HG01051_9.0.8.bam. Execution Time: 00:00:00
[Run]     HG01051_10.0.3.bam...
[Done]    HG01051_10.0.3.bam. Execution Time: 00:00:00
[Run]     HG01051_9.0.6.bam...
[Done]    HG01051_9.0.6.bam. Execution Time: 00:00:00
[Run]     HG01051_10.0.2.bam...
[Done]    HG01051_10.0.2.bam. Execution Time: 00:00:00
[Run]     HG01051_9.0.9.bam...
[Done]    HG01051_9.0.9.bam. Execution Time: 00:00:00
[Run]     HG01051_10.0.1.bam...
[Done]    HG01051_10.0.1.bam. Execution Time: 00:00:00
[Run]     HG01051_10.0.4.bam...
[Done]    HG01051_10.0.4.bam. Execution Time: 00:00:00
[Run]     HG01051_10.0.5.bam...
[Done]    HG01051_10.0.5.bam. Execution Time: 00:00:00
[Run]     HG01051_10.0.6.bam...
[Done]    HG01051_10.0.6.bam. Execution Time: 00:00:00
[Run]     HG01051_10.0.7.bam...
[Done]    HG01051_10.0.7.bam. Execution Time: 00:00:00
[Run]     HG01051_10.0.8.bam...
[Done]    HG01051_10.0.8.bam. Execution Time: 00:00:00
[Run]     HG01051_10.0.9.bam...
[Done]    HG01051_10.0.9.bam. Execution Time: 00:00:00
[Run]     HG01051_11.0.4.bam...
[Done]    HG01051_11.0.4.bam. Execution Time: 00:00:00
[Run]     HG01051_11.0.2.bam...
[Done]    HG01051_11.0.2.bam. Execution Time: 00:00:00
[Run]     HG01051_11.0.5.bam...
[Done]    HG01051_11.0.5.bam. Execution Time: 00:00:00
[Run]     HG01051_11.0.3.bam...
[Done]    HG01051_11.0.3.bam. Execution Time: 00:00:00
[Run]     HG01051_11.0.1.bam...
[Done]    HG01051_11.0.1.bam. Execution Time: 00:00:00
[Run]     HG01051_10.1.0.bam...
[Done]    HG01051_10.1.0.bam. Execution Time: 00:00:00
[Run]     HG01051_11.0.6.bam...
[Done]    HG01051_11.0.6.bam. Execution Time: 00:00:00
[Run]     HG01051_11.0.7.bam...
[Done]    HG01051_11.0.7.bam. Execution Time: 00:00:00
[Run]     HG01051_11.1.0.bam...
[Done]    HG01051_11.1.0.bam. Execution Time: 00:00:00
[Run]     HG01051_11.0.9.bam...
[Done]    HG01051_11.0.9.bam. Execution Time: 00:00:00
[Run]     HG01051_11.0.8.bam...
[Done]    HG01051_11.0.8.bam. Execution Time: 00:00:00
[Run]     HG01051_12.0.2.bam...
[Done]    HG01051_12.0.2.bam. Execution Time: 00:00:00
[Run]     HG01051_12.0.1.bam...
[Done]    HG01051_12.0.1.bam. Execution Time: 00:00:00
[Run]     HG01051_12.0.4.bam...
[Done]    HG01051_12.0.4.bam. Execution Time: 00:00:00
[Run]     HG01051_12.0.5.bam...
[Done]    HG01051_12.0.5.bam. Execution Time: 00:00:00
[Run]     HG01051_12.0.3.bam...
[Done]    HG01051_12.0.3.bam. Execution Time: 00:00:00
[Run]     HG01051_12.1.0.bam...
[Done]    HG01051_12.1.0.bam. Execution Time: 00:00:00
[Run]     HG01051_12.0.6.bam...
[Done]    HG01051_12.0.6.bam. Execution Time: 00:00:00
[Run]     HG01051_12.0.9.bam...
[Done]    HG01051_12.0.9.bam. Execution Time: 00:00:00
[Run]     HG01051_13.0.1.bam...
[Done]    HG01051_13.0.1.bam. Execution Time: 00:00:00
[Run]     HG01051_13.0.9.bam...
[Done]    HG01051_13.0.9.bam. Execution Time: 00:00:00
[Run]     HG01051_13.0.8.bam...
[Done]    HG01051_13.0.8.bam. Execution Time: 00:00:00
[Run]     HG01051_13.0.4.bam...
[Done]    HG01051_13.0.4.bam. Execution Time: 00:00:00
[Run]     HG01051_12.0.8.bam...
[Done]    HG01051_12.0.8.bam. Execution Time: 00:00:00
[Run]     HG01051_13.0.5.bam...
[Done]    HG01051_13.0.5.bam. Execution Time: 00:00:00
[Run]     HG01051_13.0.7.bam...
[Done]    HG01051_13.0.7.bam. Execution Time: 00:00:00
[Run]     HG01051_13.1.0.bam...
[Done]    HG01051_13.1.0.bam. Execution Time: 00:00:00
[Run]     HG01051_12.0.7.bam...
[Done]    HG01051_12.0.7.bam. Execution Time: 00:00:00
[Run]     HG01051_13.0.2.bam...
[Done]    HG01051_13.0.2.bam. Execution Time: 00:00:00
[Run]     HG01051_13.0.3.bam...
[Done]    HG01051_13.0.3.bam. Execution Time: 00:00:00
[Run]     HG01051_13.0.6.bam...
[Done]    HG01051_13.0.6.bam. Execution Time: 00:00:00
[Run]     HG01051_14.0.2.bam...
[Done]    HG01051_14.0.2.bam. Execution Time: 00:00:00
[Run]     HG01051_14.0.3.bam...
[Done]    HG01051_14.0.3.bam. Execution Time: 00:00:00
[Run]     HG01051_14.0.1.bam...
[Done]    HG01051_14.0.1.bam. Execution Time: 00:00:00
[Run]     HG01051_14.0.6.bam...
[Done]    HG01051_14.0.6.bam. Execution Time: 00:00:00
[Run]     HG01051_14.0.4.bam...
[Done]    HG01051_14.0.4.bam. Execution Time: 00:00:00
[Run]     HG01051_14.0.9.bam...
[Done]    HG01051_14.0.9.bam. Execution Time: 00:00:00
[Run]     HG01051_15.0.1.bam...
[Done]    HG01051_15.0.1.bam. Execution Time: 00:00:00
[Run]     HG01051_14.0.5.bam...
[Done]    HG01051_14.0.5.bam. Execution Time: 00:00:00
[Run]     HG01051_14.0.7.bam...
[Done]    HG01051_14.0.7.bam. Execution Time: 00:00:00
[Run]     HG01051_15.0.4.bam...
[Done]    HG01051_15.0.4.bam. Execution Time: 00:00:00
[Run]     HG01051_15.0.6.bam...
[Done]    HG01051_15.0.6.bam. Execution Time: 00:00:00
[Run]     HG01051_14.0.8.bam...
[Done]    HG01051_14.0.8.bam. Execution Time: 00:00:00
[Run]     HG01051_14.1.0.bam...
[Done]    HG01051_14.1.0.bam. Execution Time: 00:00:00
[Run]     HG01051_16.0.1.bam...
[Done]    HG01051_16.0.1.bam. Execution Time: 00:00:00
[Run]     HG01051_15.0.9.bam...
[Done]    HG01051_15.0.9.bam. Execution Time: 00:00:00
[Run]     HG01051_15.0.5.bam...
[Done]    HG01051_15.0.5.bam. Execution Time: 00:00:00
[Run]     HG01051_16.0.4.bam...
[Done]    HG01051_16.0.4.bam. Execution Time: 00:00:00
[Run]     HG01051_15.0.8.bam...
[Done]    HG01051_15.0.8.bam. Execution Time: 00:00:00
[Run]     HG01051_16.0.3.bam...
[Done]    HG01051_16.0.3.bam. Execution Time: 00:00:00
[Run]     HG01051_15.0.2.bam...
[Done]    HG01051_15.0.2.bam. Execution Time: 00:00:00
[Run]     HG01051_15.0.3.bam...
[Done]    HG01051_15.0.3.bam. Execution Time: 00:00:00
[Run]     HG01051_15.0.7.bam...
[Done]    HG01051_15.0.7.bam. Execution Time: 00:00:00
[Run]     HG01051_16.0.7.bam...
[Done]    HG01051_16.0.7.bam. Execution Time: 00:00:00
[Run]     HG01051_15.1.0.bam...
[Done]    HG01051_15.1.0.bam. Execution Time: 00:00:00
[Run]     HG01051_17.0.2.bam...
[Done]    HG01051_17.0.2.bam. Execution Time: 00:00:00
[Run]     HG01051_16.0.2.bam...
[Done]    HG01051_16.0.2.bam. Execution Time: 00:00:00
[Run]     HG01051_16.0.6.bam...
[Done]    HG01051_16.0.6.bam. Execution Time: 00:00:00
[Run]     HG01051_16.0.5.bam...
[Done]    HG01051_16.0.5.bam. Execution Time: 00:00:00
[Run]     HG01051_16.0.8.bam...
[Done]    HG01051_16.0.8.bam. Execution Time: 00:00:00
[Run]     HG01051_16.0.9.bam...
[Done]    HG01051_16.0.9.bam. Execution Time: 00:00:00
[Run]     HG01051_17.0.1.bam...
[Done]    HG01051_17.0.1.bam. Execution Time: 00:00:00
[Run]     HG01051_17.0.3.bam...
[Done]    HG01051_17.0.3.bam. Execution Time: 00:00:00
[Run]     HG01051_16.1.0.bam...
[Done]    HG01051_16.1.0.bam. Execution Time: 00:00:00
[Run]     HG01051_17.0.5.bam...
[Done]    HG01051_17.0.5.bam. Execution Time: 00:00:00
[Run]     HG01051_17.0.4.bam...
[Done]    HG01051_17.0.4.bam. Execution Time: 00:00:00
[Run]     HG01051_51.0.4.bam...
[Done]    HG01051_51.0.4.bam. Execution Time: 00:00:00
[Run]     HG01051_49.1.0.bam...
[Done]    HG01051_49.1.0.bam. Execution Time: 00:00:00
[Run]     HG01051_49.0.2.bam...
[Done]    HG01051_49.0.2.bam. Execution Time: 00:00:00
[Run]     HG01051_49.0.7.bam...
[Done]    HG01051_49.0.7.bam. Execution Time: 00:00:00
[Run]     HG01051_52.0.3.bam...
[Done]    HG01051_52.0.3.bam. Execution Time: 00:00:00
[Run]     HG01051_49.0.8.bam...
[Done]    HG01051_49.0.8.bam. Execution Time: 00:00:00
[Run]     HG01051_50.0.9.bam...
[Done]    HG01051_50.0.9.bam. Execution Time: 00:00:00
[Run]     HG01051_52.0.5.bam...
[Done]    HG01051_52.0.5.bam. Execution Time: 00:00:00
[Run]     HG01051_51.0.5.bam...
[Done]    HG01051_51.0.5.bam. Execution Time: 00:00:00
[Run]     HG01051_50.0.5.bam...
[Done]    HG01051_50.0.5.bam. Execution Time: 00:00:00
[Run]     HG01051_51.0.7.bam...
[Done]    HG01051_51.0.7.bam. Execution Time: 00:00:00
[Run]     HG01051_51.0.2.bam...
[Done]    HG01051_51.0.2.bam. Execution Time: 00:00:00
[Run]     HG01051_51.0.3.bam...
[Done]    HG01051_51.0.3.bam. Execution Time: 00:00:00
[Run]     HG01051_50.0.4.bam...
[Done]    HG01051_50.0.4.bam. Execution Time: 00:00:00
[Run]     HG01051_49.0.5.bam...
[Done]    HG01051_49.0.5.bam. Execution Time: 00:00:00
[Run]     HG01051_51.1.0.bam...
[Done]    HG01051_51.1.0.bam. Execution Time: 00:00:00
[Run]     HG01051_51.0.9.bam...
[Done]    HG01051_51.0.9.bam. Execution Time: 00:00:00
[Run]     HG01051_50.0.2.bam...
[Done]    HG01051_50.0.2.bam. Execution Time: 00:00:00
[Run]     HG01051_50.0.3.bam...
[Done]    HG01051_50.0.3.bam. Execution Time: 00:00:00
[Run]     HG01051_51.0.6.bam...
[Done]    HG01051_51.0.6.bam. Execution Time: 00:00:00
[Run]     HG01051_50.1.0.bam...
[Done]    HG01051_50.1.0.bam. Execution Time: 00:00:00
[Run]     HG01051_49.0.4.bam...
[Done]    HG01051_49.0.4.bam. Execution Time: 00:00:00
[Run]     HG01051_49.0.1.bam...
[Done]    HG01051_49.0.1.bam. Execution Time: 00:00:00
[Run]     HG01051_49.0.6.bam...
[Done]    HG01051_49.0.6.bam. Execution Time: 00:00:00
[Run]     HG01051_51.0.1.bam...
[Done]    HG01051_51.0.1.bam. Execution Time: 00:00:00
[Run]     HG01051_50.0.6.bam...
[Done]    HG01051_50.0.6.bam. Execution Time: 00:00:00
[Run]     HG01051_49.0.3.bam...
[Done]    HG01051_49.0.3.bam. Execution Time: 00:00:00
[Run]     HG01051_50.0.1.bam...
[Done]    HG01051_50.0.1.bam. Execution Time: 00:00:00
[Run]     HG01051_52.0.2.bam...
[Done]    HG01051_52.0.2.bam. Execution Time: 00:00:00
[Run]     HG01051_51.0.8.bam...
[Done]    HG01051_51.0.8.bam. Execution Time: 00:00:00
[Run]     HG01051_50.0.8.bam...
[Done]    HG01051_50.0.8.bam. Execution Time: 00:00:00
[Run]     HG01051_49.0.9.bam...
[Done]    HG01051_49.0.9.bam. Execution Time: 00:00:00
[Run]     HG01051_52.0.4.bam...
[Done]    HG01051_52.0.4.bam. Execution Time: 00:00:00
[Run]     HG01051_52.0.1.bam...
[Done]    HG01051_52.0.1.bam. Execution Time: 00:00:00
[Run]     HG01051_50.0.7.bam...
[Done]    HG01051_50.0.7.bam. Execution Time: 00:00:00
[Run]     HG01051_17.0.7.bam...
[Done]    HG01051_17.0.7.bam. Execution Time: 00:00:00
[Run]     HG01051_17.0.6.bam...
[Done]    HG01051_17.0.6.bam. Execution Time: 00:00:00
[Run]     HG01051_18.0.4.bam...
[Done]    HG01051_18.0.4.bam. Execution Time: 00:00:00
[Run]     HG01051_17.0.9.bam...
[Done]    HG01051_17.0.9.bam. Execution Time: 00:00:00
[Run]     HG01051_18.0.5.bam...
[Done]    HG01051_18.0.5.bam. Execution Time: 00:00:00
[Run]     HG01051_18.0.2.bam...
[Done]    HG01051_18.0.2.bam. Execution Time: 00:00:00
[Run]     HG01051_18.0.6.bam...
[Done]    HG01051_18.0.6.bam. Execution Time: 00:00:00
[Run]     HG01051_18.0.7.bam...
[Done]    HG01051_18.0.7.bam. Execution Time: 00:00:00
[Run]     HG01051_18.0.1.bam...
[Done]    HG01051_18.0.1.bam. Execution Time: 00:00:00
[Run]     HG01051_18.0.9.bam...
[Done]    HG01051_18.0.9.bam. Execution Time: 00:00:00
[Run]     HG01051_19.0.2.bam...
[Done]    HG01051_19.0.2.bam. Execution Time: 00:00:00
[Run]     HG01051_19.0.4.bam...
[Done]    HG01051_19.0.4.bam. Execution Time: 00:00:00
[Run]     HG01051_18.1.0.bam...
[Done]    HG01051_18.1.0.bam. Execution Time: 00:00:00
[Run]     HG01051_18.0.3.bam...
[Done]    HG01051_18.0.3.bam. Execution Time: 00:00:00
[Run]     HG01051_17.1.0.bam...
[Done]    HG01051_17.1.0.bam. Execution Time: 00:00:00
[Run]     HG01051_19.0.3.bam...
[Done]    HG01051_19.0.3.bam. Execution Time: 00:00:00
[Run]     HG01051_19.0.8.bam...
[Done]    HG01051_19.0.8.bam. Execution Time: 00:00:00
[Run]     HG01051_19.0.9.bam...
[Done]    HG01051_19.0.9.bam. Execution Time: 00:00:00
[Run]     HG01051_18.0.8.bam...
[Done]    HG01051_18.0.8.bam. Execution Time: 00:00:00
[Run]     HG01051_20.0.2.bam...
[Done]    HG01051_20.0.2.bam. Execution Time: 00:00:00
[Run]     HG01051_19.0.1.bam...
[Done]    HG01051_19.0.1.bam. Execution Time: 00:00:00
[Run]     HG01051_17.0.8.bam...
[Done]    HG01051_17.0.8.bam. Execution Time: 00:00:00
[Run]     HG01051_19.0.5.bam...
[Done]    HG01051_19.0.5.bam. Execution Time: 00:00:00
[Run]     HG01051_19.0.6.bam...
[Done]    HG01051_19.0.6.bam. Execution Time: 00:00:00
[Run]     HG01051_20.0.7.bam...
[Done]    HG01051_20.0.7.bam. Execution Time: 00:00:00
[Run]     HG01051_20.0.9.bam...
[Done]    HG01051_20.0.9.bam. Execution Time: 00:00:00
[Run]     HG01051_19.0.7.bam...
[Done]    HG01051_19.0.7.bam. Execution Time: 00:00:00
[Run]     HG01051_20.0.3.bam...
[Done]    HG01051_20.0.3.bam. Execution Time: 00:00:00
[Run]     HG01051_19.1.0.bam...
[Done]    HG01051_19.1.0.bam. Execution Time: 00:00:00
[Run]     HG01051_20.0.1.bam...
[Done]    HG01051_20.0.1.bam. Execution Time: 00:00:00
[Run]     HG01051_20.0.6.bam...
[Done]    HG01051_20.0.6.bam. Execution Time: 00:00:00
[Run]     HG01051_20.1.0.bam...
[Done]    HG01051_20.1.0.bam. Execution Time: 00:00:00
[Run]     HG01051_20.0.8.bam...
[Done]    HG01051_20.0.8.bam. Execution Time: 00:00:00
[Run]     HG01051_20.0.4.bam...
[Done]    HG01051_20.0.4.bam. Execution Time: 00:00:00
[Run]     HG01051_20.0.5.bam...
[Done]    HG01051_20.0.5.bam. Execution Time: 00:00:00
[Run]     HG01051_53.0.8.bam...
[Done]    HG01051_53.0.8.bam. Execution Time: 00:00:00
[Run]     HG01051_53.0.4.bam...
[Done]    HG01051_53.0.4.bam. Execution Time: 00:00:00
[Run]     HG01051_53.0.2.bam...
[Done]    HG01051_53.0.2.bam. Execution Time: 00:00:00
[Run]     HG01051_53.0.7.bam...
[Done]    HG01051_53.0.7.bam. Execution Time: 00:00:00
[Run]     HG01051_52.0.6.bam...
[Done]    HG01051_52.0.6.bam. Execution Time: 00:00:00
[Run]     HG01051_53.0.9.bam...
[Done]    HG01051_53.0.9.bam. Execution Time: 00:00:00
[Run]     HG01051_52.0.8.bam...
[Done]    HG01051_52.0.8.bam. Execution Time: 00:00:00
[Run]     HG01051_53.0.6.bam...
[Done]    HG01051_53.0.6.bam. Execution Time: 00:00:00
[Run]     HG01051_52.0.7.bam...
[Done]    HG01051_52.0.7.bam. Execution Time: 00:00:00
[Run]     HG01051_52.1.0.bam...
[Done]    HG01051_52.1.0.bam. Execution Time: 00:00:00
[Run]     HG01051_54.0.1.bam...
[Done]    HG01051_54.0.1.bam. Execution Time: 00:00:00
[Run]     HG01051_53.0.5.bam...
[Done]    HG01051_53.0.5.bam. Execution Time: 00:00:00
[Run]     HG01051_52.0.9.bam...
[Done]    HG01051_52.0.9.bam. Execution Time: 00:00:00
[Run]     HG01051_53.0.1.bam...
[Done]    HG01051_53.0.1.bam. Execution Time: 00:00:00
[Run]     HG01051_53.1.0.bam...
[Done]    HG01051_53.1.0.bam. Execution Time: 00:00:00
[Run]     HG01051_54.0.2.bam...
[Done]    HG01051_54.0.2.bam. Execution Time: 00:00:00
[Run]     HG01051_53.0.3.bam...
[Done]    HG01051_53.0.3.bam. Execution Time: 00:00:00
[Run]     HG01051_54.0.3.bam...
[Done]    HG01051_54.0.3.bam. Execution Time: 00:00:00
[Run]     HG01051_54.0.4.bam...
[Done]    HG01051_54.0.4.bam. Execution Time: 00:00:00
[Run]     HG01051_54.0.7.bam...
[Done]    HG01051_54.0.7.bam. Execution Time: 00:00:00
[Run]     HG01051_54.0.6.bam...
[Done]    HG01051_54.0.6.bam. Execution Time: 00:00:00
[Run]     HG01051_54.0.5.bam...
[Done]    HG01051_54.0.5.bam. Execution Time: 00:00:00
[Run]     HG01051_55.0.2.bam...
[Done]    HG01051_55.0.2.bam. Execution Time: 00:00:00
[Run]     HG01051_55.0.4.bam...
[Done]    HG01051_55.0.4.bam. Execution Time: 00:00:00
[Run]     HG01051_54.0.9.bam...
[Done]    HG01051_54.0.9.bam. Execution Time: 00:00:00
[Run]     HG01051_54.0.8.bam...
[Done]    HG01051_54.0.8.bam. Execution Time: 00:00:00
[Run]     HG01051_55.0.1.bam...
[Done]    HG01051_55.0.1.bam. Execution Time: 00:00:00
[Run]     HG01051_54.1.0.bam...
[Done]    HG01051_54.1.0.bam. Execution Time: 00:00:00
[Run]     HG01051_55.0.3.bam...
[Done]    HG01051_55.0.3.bam. Execution Time: 00:00:00
[Run]     HG01051_55.0.6.bam...
[Done]    HG01051_55.0.6.bam. Execution Time: 00:00:00
[Run]     HG01051_55.0.5.bam...
[Done]    HG01051_55.0.5.bam. Execution Time: 00:00:00
[Run]     HG01051_55.0.7.bam...
[Done]    HG01051_55.0.7.bam. Execution Time: 00:00:00
[Run]     HG01051_55.0.8.bam...
[Done]    HG01051_55.0.8.bam. Execution Time: 00:00:00
[Run]     HG01051_55.1.0.bam...
[Done]    HG01051_55.1.0.bam. Execution Time: 00:00:00
[Run]     HG01051_55.0.9.bam...
[Done]    HG01051_55.0.9.bam. Execution Time: 00:00:00
[Run]     HG01051_21.0.1.bam...
[Done]    HG01051_21.0.1.bam. Execution Time: 00:00:00
[Run]     HG01051_21.0.4.bam...
[Done]    HG01051_21.0.4.bam. Execution Time: 00:00:00
[Run]     HG01051_21.0.2.bam...
[Done]    HG01051_21.0.2.bam. Execution Time: 00:00:00
[Run]     HG01051_21.0.3.bam...
[Done]    HG01051_21.0.3.bam. Execution Time: 00:00:00
[Run]     HG01051_21.0.5.bam...
[Done]    HG01051_21.0.5.bam. Execution Time: 00:00:00
[Run]     HG01051_21.0.6.bam...
[Done]    HG01051_21.0.6.bam. Execution Time: 00:00:00
[Run]     HG01051_21.0.9.bam...
[Done]    HG01051_21.0.9.bam. Execution Time: 00:00:00
[Run]     HG01051_21.0.8.bam...
[Done]    HG01051_21.0.8.bam. Execution Time: 00:00:00
[Run]     HG01051_21.0.7.bam...
[Done]    HG01051_21.0.7.bam. Execution Time: 00:00:00
[Run]     HG01051_22.0.2.bam...
[Done]    HG01051_22.0.2.bam. Execution Time: 00:00:00
[Run]     HG01051_22.0.7.bam...
[Done]    HG01051_22.0.7.bam. Execution Time: 00:00:00
[Run]     HG01051_21.1.0.bam...
[Done]    HG01051_21.1.0.bam. Execution Time: 00:00:00
[Run]     HG01051_22.0.3.bam...
[Done]    HG01051_22.0.3.bam. Execution Time: 00:00:00
[Run]     HG01051_22.0.1.bam...
[Done]    HG01051_22.0.1.bam. Execution Time: 00:00:00
[Run]     HG01051_22.0.6.bam...
[Done]    HG01051_22.0.6.bam. Execution Time: 00:00:00
[Run]     HG01051_22.0.5.bam...
[Done]    HG01051_22.0.5.bam. Execution Time: 00:00:00
[Run]     HG01051_22.0.4.bam...
[Done]    HG01051_22.0.4.bam. Execution Time: 00:00:00
[Run]     HG01051_23.0.1.bam...
[Done]    HG01051_23.0.1.bam. Execution Time: 00:00:00
[Run]     HG01051_22.0.8.bam...
[Done]    HG01051_22.0.8.bam. Execution Time: 00:00:00
[Run]     HG01051_22.0.9.bam...
[Done]    HG01051_22.0.9.bam. Execution Time: 00:00:00
[Run]     HG01051_23.0.3.bam...
[Done]    HG01051_23.0.3.bam. Execution Time: 00:00:00
[Run]     HG01051_23.0.2.bam...
[Done]    HG01051_23.0.2.bam. Execution Time: 00:00:00
[Run]     HG01051_22.1.0.bam...
[Done]    HG01051_22.1.0.bam. Execution Time: 00:00:00
[Run]     HG01051_23.0.7.bam...
[Done]    HG01051_23.0.7.bam. Execution Time: 00:00:00
[Run]     HG01051_23.0.5.bam...
[Done]    HG01051_23.0.5.bam. Execution Time: 00:00:00
[Run]     HG01051_23.0.4.bam...
[Done]    HG01051_23.0.4.bam. Execution Time: 00:00:00
[Run]     HG01051_23.0.6.bam...
[Done]    HG01051_23.0.6.bam. Execution Time: 00:00:00
[Run]     HG01051_23.0.8.bam...
[Done]    HG01051_23.0.8.bam. Execution Time: 00:00:00
[Run]     HG01051_24.0.1.bam...
[Done]    HG01051_24.0.1.bam. Execution Time: 00:00:00
[Run]     HG01051_23.0.9.bam...
[Done]    HG01051_23.0.9.bam. Execution Time: 00:00:00
[Run]     HG01051_24.0.2.bam...
[Done]    HG01051_24.0.2.bam. Execution Time: 00:00:00
[Run]     HG01051_23.1.0.bam...
[Done]    HG01051_23.1.0.bam. Execution Time: 00:00:00
[Run]     HG01051_24.0.3.bam...
[Done]    HG01051_24.0.3.bam. Execution Time: 00:00:00
[Run]     HG01051_24.0.5.bam...
[Done]    HG01051_24.0.5.bam. Execution Time: 00:00:00
[Run]     HG01051_24.0.4.bam...
[Done]    HG01051_24.0.4.bam. Execution Time: 00:00:00
[Run]     HG01051_24.0.7.bam...
[Done]    HG01051_24.0.7.bam. Execution Time: 00:00:00
[Run]     HG01051_24.0.6.bam...
[Done]    HG01051_24.0.6.bam. Execution Time: 00:00:00
[Run]     HG01051_24.0.8.bam...
[Done]    HG01051_24.0.8.bam. Execution Time: 00:00:00
[Run]     HG01051_24.0.9.bam...
[Done]    HG01051_24.0.9.bam. Execution Time: 00:00:00
[Run]     HG01051_24.1.0.bam...
[Done]    HG01051_24.1.0.bam. Execution Time: 00:00:00
[Run]     HG01051_25.0.4.bam...
[Done]    HG01051_25.0.4.bam. Execution Time: 00:00:00
[Run]     HG01051_25.0.1.bam...
[Done]    HG01051_25.0.1.bam. Execution Time: 00:00:00
[Run]     HG01051_25.0.3.bam...
[Done]    HG01051_25.0.3.bam. Execution Time: 00:00:00
[Run]     HG01051_25.0.2.bam...
[Done]    HG01051_25.0.2.bam. Execution Time: 00:00:00
[Run]     HG01051_25.0.5.bam...
[Done]    HG01051_25.0.5.bam. Execution Time: 00:00:00
[Run]     HG01051_25.0.8.bam...
[Done]    HG01051_25.0.8.bam. Execution Time: 00:00:00
[Run]     HG01051_25.0.7.bam...
[Done]    HG01051_25.0.7.bam. Execution Time: 00:00:00
[Run]     HG01051_25.0.6.bam...
[Done]    HG01051_25.0.6.bam. Execution Time: 00:00:00
[Run]     HG01051_25.0.9.bam...
[Done]    HG01051_25.0.9.bam. Execution Time: 00:00:00
[Run]     HG01051_26.0.1.bam...
[Done]    HG01051_26.0.1.bam. Execution Time: 00:00:00
[Run]     HG01051_25.1.0.bam...
[Done]    HG01051_25.1.0.bam. Execution Time: 00:00:00
[Run]     HG01051_26.0.2.bam...
[Done]    HG01051_26.0.2.bam. Execution Time: 00:00:00
[Run]     HG01051_26.0.5.bam...
[Done]    HG01051_26.0.5.bam. Execution Time: 00:00:00
[Run]     HG01051_26.0.3.bam...
[Done]    HG01051_26.0.3.bam. Execution Time: 00:00:00
[Run]     HG01051_26.0.4.bam...
[Done]    HG01051_26.0.4.bam. Execution Time: 00:00:00
[Run]     HG01051_26.0.6.bam...
[Done]    HG01051_26.0.6.bam. Execution Time: 00:00:00
[Run]     HG01051_26.0.7.bam...
[Done]    HG01051_26.0.7.bam. Execution Time: 00:00:00
[Run]     HG01051_26.0.8.bam...
[Done]    HG01051_26.0.8.bam. Execution Time: 00:00:00
[Run]     HG01051_26.0.9.bam...
[Done]    HG01051_26.0.9.bam. Execution Time: 00:00:00
[Run]     HG01051_27.0.1.bam...
[Done]    HG01051_27.0.1.bam. Execution Time: 00:00:00
[Run]     HG01051_26.1.0.bam...
[Done]    HG01051_26.1.0.bam. Execution Time: 00:00:00
[Run]     HG01051_27.0.3.bam...
[Done]    HG01051_27.0.3.bam. Execution Time: 00:00:00
[Run]     HG01051_27.0.2.bam...
[Done]    HG01051_27.0.2.bam. Execution Time: 00:00:00
[Run]     HG01051_27.0.5.bam...
[Done]    HG01051_27.0.5.bam. Execution Time: 00:00:00
[Run]     HG01051_27.0.6.bam...
[Done]    HG01051_27.0.6.bam. Execution Time: 00:00:00
[Run]     HG01051_27.0.8.bam...
[Done]    HG01051_27.0.8.bam. Execution Time: 00:00:00
[Run]     HG01051_27.0.4.bam...
[Done]    HG01051_27.0.4.bam. Execution Time: 00:00:00
[Run]     HG01051_27.0.7.bam...
[Done]    HG01051_27.0.7.bam. Execution Time: 00:00:00
[Run]     HG01051_27.0.9.bam...
[Done]    HG01051_27.0.9.bam. Execution Time: 00:00:00
[Run]     HG01051_27.1.0.bam...
[Done]    HG01051_27.1.0.bam. Execution Time: 00:00:00
[Run]     HG01051_56.1.0.bam...
[Done]    HG01051_56.1.0.bam. Execution Time: 00:00:00
[Run]     HG01051_56.0.6.bam...
[Done]    HG01051_56.0.6.bam. Execution Time: 00:00:00
[Run]     HG01051_56.0.1.bam...
[Done]    HG01051_56.0.1.bam. Execution Time: 00:00:00
[Run]     HG01051_57.0.4.bam...
[Done]    HG01051_57.0.4.bam. Execution Time: 00:00:00
[Run]     HG01051_56.0.9.bam...
[Done]    HG01051_56.0.9.bam. Execution Time: 00:00:00
[Run]     HG01051_56.0.2.bam...
[Done]    HG01051_56.0.2.bam. Execution Time: 00:00:00
[Run]     HG01051_56.0.4.bam...
[Done]    HG01051_56.0.4.bam. Execution Time: 00:00:00
[Run]     HG01051_56.0.8.bam...
[Done]    HG01051_56.0.8.bam. Execution Time: 00:00:00
[Run]     HG01051_57.0.1.bam...
[Done]    HG01051_57.0.1.bam. Execution Time: 00:00:00
[Run]     HG01051_57.0.5.bam...
[Done]    HG01051_57.0.5.bam. Execution Time: 00:00:00
[Run]     HG01051_56.0.3.bam...
[Done]    HG01051_56.0.3.bam. Execution Time: 00:00:00
[Run]     HG01051_56.0.7.bam...
[Done]    HG01051_56.0.7.bam. Execution Time: 00:00:00
[Run]     HG01051_57.0.2.bam...
[Done]    HG01051_57.0.2.bam. Execution Time: 00:00:00
[Run]     HG01051_56.0.5.bam...
[Done]    HG01051_56.0.5.bam. Execution Time: 00:00:00
[Run]     HG01051_57.1.0.bam...
[Done]    HG01051_57.1.0.bam. Execution Time: 00:00:00
[Run]     HG01051_57.0.3.bam...
[Done]    HG01051_57.0.3.bam. Execution Time: 00:00:00
[Run]     HG01051_58.0.6.bam...
[Done]    HG01051_58.0.6.bam. Execution Time: 00:00:00
[Run]     HG01051_58.0.4.bam...
[Done]    HG01051_58.0.4.bam. Execution Time: 00:00:00
[Run]     HG01051_57.0.6.bam...
[Done]    HG01051_57.0.6.bam. Execution Time: 00:00:00
[Run]     HG01051_58.0.2.bam...
[Done]    HG01051_58.0.2.bam. Execution Time: 00:00:00
[Run]     HG01051_58.0.3.bam...
[Done]    HG01051_58.0.3.bam. Execution Time: 00:00:00
[Run]     HG01051_58.0.1.bam...
[Done]    HG01051_58.0.1.bam. Execution Time: 00:00:00
[Run]     HG01051_59.0.2.bam...
[Done]    HG01051_59.0.2.bam. Execution Time: 00:00:00
[Run]     HG01051_57.0.9.bam...
[Done]    HG01051_57.0.9.bam. Execution Time: 00:00:00
[Run]     HG01051_57.0.8.bam...
[Done]    HG01051_57.0.8.bam. Execution Time: 00:00:00
[Run]     HG01051_58.0.7.bam...
[Done]    HG01051_58.0.7.bam. Execution Time: 00:00:00
[Run]     HG01051_58.0.5.bam...
[Done]    HG01051_58.0.5.bam. Execution Time: 00:00:00
[Run]     HG01051_58.0.9.bam...
[Done]    HG01051_58.0.9.bam. Execution Time: 00:00:00
[Run]     HG01051_58.1.0.bam...
[Done]    HG01051_58.1.0.bam. Execution Time: 00:00:00
[Run]     HG01051_59.0.1.bam...
[Done]    HG01051_59.0.1.bam. Execution Time: 00:00:00
[Run]     HG01051_59.0.5.bam...
[Done]    HG01051_59.0.5.bam. Execution Time: 00:00:00
[Run]     HG01051_59.0.3.bam...
[Done]    HG01051_59.0.3.bam. Execution Time: 00:00:00
[Run]     HG01051_57.0.7.bam...
[Done]    HG01051_57.0.7.bam. Execution Time: 00:00:00
[Run]     HG01051_59.0.4.bam...
[Done]    HG01051_59.0.4.bam. Execution Time: 00:00:00
[Run]     HG01051_58.0.8.bam...
[Done]    HG01051_58.0.8.bam. Execution Time: 00:00:00
[Run]     HG01051_28.0.1.bam...
[Done]    HG01051_28.0.1.bam. Execution Time: 00:00:00
[Run]     HG01051_28.0.2.bam...
[Done]    HG01051_28.0.2.bam. Execution Time: 00:00:00
[Run]     HG01051_28.0.3.bam...
[Done]    HG01051_28.0.3.bam. Execution Time: 00:00:00
[Run]     HG01051_28.1.0.bam...
[Done]    HG01051_28.1.0.bam. Execution Time: 00:00:00
[Run]     HG01051_28.0.4.bam...
[Done]    HG01051_28.0.4.bam. Execution Time: 00:00:00
[Run]     HG01051_28.0.5.bam...
[Done]    HG01051_28.0.5.bam. Execution Time: 00:00:00
[Run]     HG01051_28.0.7.bam...
[Done]    HG01051_28.0.7.bam. Execution Time: 00:00:00
[Run]     HG01051_29.0.3.bam...
[Done]    HG01051_29.0.3.bam. Execution Time: 00:00:00
[Run]     HG01051_28.0.6.bam...
[Done]    HG01051_28.0.6.bam. Execution Time: 00:00:00
[Run]     HG01051_29.0.2.bam...
[Done]    HG01051_29.0.2.bam. Execution Time: 00:00:00
[Run]     HG01051_28.0.8.bam...
[Done]    HG01051_28.0.8.bam. Execution Time: 00:00:00
[Run]     HG01051_29.0.5.bam...
[Done]    HG01051_29.0.5.bam. Execution Time: 00:00:00
[Run]     HG01051_29.0.4.bam...
[Done]    HG01051_29.0.4.bam. Execution Time: 00:00:00
[Run]     HG01051_29.0.7.bam...
[Done]    HG01051_29.0.7.bam. Execution Time: 00:00:00
[Run]     HG01051_28.0.9.bam...
[Done]    HG01051_28.0.9.bam. Execution Time: 00:00:00
[Run]     HG01051_29.0.1.bam...
[Done]    HG01051_29.0.1.bam. Execution Time: 00:00:00
[Run]     HG01051_29.1.0.bam...
[Done]    HG01051_29.1.0.bam. Execution Time: 00:00:00
[Run]     HG01051_30.0.1.bam...
[Done]    HG01051_30.0.1.bam. Execution Time: 00:00:00
[Run]     HG01051_29.0.8.bam...
[Done]    HG01051_29.0.8.bam. Execution Time: 00:00:00
[Run]     HG01051_29.0.6.bam...
[Done]    HG01051_29.0.6.bam. Execution Time: 00:00:00
[Run]     HG01051_30.0.2.bam...
[Done]    HG01051_30.0.2.bam. Execution Time: 00:00:00
[Run]     HG01051_30.0.3.bam...
[Done]    HG01051_30.0.3.bam. Execution Time: 00:00:00
[Run]     HG01051_30.0.4.bam...
[Done]    HG01051_30.0.4.bam. Execution Time: 00:00:00
[Run]     HG01051_30.0.5.bam...
[Done]    HG01051_30.0.5.bam. Execution Time: 00:00:00
[Run]     HG01051_30.0.6.bam...
[Done]    HG01051_30.0.6.bam. Execution Time: 00:00:00
[Run]     HG01051_30.0.8.bam...
[Done]    HG01051_30.0.8.bam. Execution Time: 00:00:00
[Run]     HG01051_29.0.9.bam...
[Done]    HG01051_29.0.9.bam. Execution Time: 00:00:00
[Run]     HG01051_30.0.7.bam...
[Done]    HG01051_30.0.7.bam. Execution Time: 00:00:00
[Run]     HG01051_30.0.9.bam...
[Done]    HG01051_30.0.9.bam. Execution Time: 00:00:00
[Run]     HG01051_31.0.2.bam...
[Done]    HG01051_31.0.2.bam. Execution Time: 00:00:00
[Run]     HG01051_31.0.3.bam...
[Done]    HG01051_31.0.3.bam. Execution Time: 00:00:00
[Run]     HG01051_30.1.0.bam...
[Done]    HG01051_30.1.0.bam. Execution Time: 00:00:00
[Run]     HG01051_31.0.5.bam...
[Done]    HG01051_31.0.5.bam. Execution Time: 00:00:00
[Run]     HG01051_31.0.1.bam...
[Done]    HG01051_31.0.1.bam. Execution Time: 00:00:00
[Run]     HG01051_31.0.4.bam...
[Done]    HG01051_31.0.4.bam. Execution Time: 00:00:00
[Run]     HG01051_31.0.6.bam...
[Done]    HG01051_31.0.6.bam. Execution Time: 00:00:00
[Run]     HG01051_31.0.8.bam...
[Done]    HG01051_31.0.8.bam. Execution Time: 00:00:00
[Run]     HG01051_31.0.7.bam...
[Done]    HG01051_31.0.7.bam. Execution Time: 00:00:00
[Run]     HG01051_31.1.0.bam...
[Done]    HG01051_31.1.0.bam. Execution Time: 00:00:00
[Run]     HG01051_32.0.3.bam...
[Done]    HG01051_32.0.3.bam. Execution Time: 00:00:00
[Run]     HG01051_31.0.9.bam...
[Done]    HG01051_31.0.9.bam. Execution Time: 00:00:00
[Run]     HG01051_32.0.4.bam...
[Done]    HG01051_32.0.4.bam. Execution Time: 00:00:00
[Run]     HG01051_32.0.2.bam...
[Done]    HG01051_32.0.2.bam. Execution Time: 00:00:00
[Run]     HG01051_32.0.1.bam...
[Done]    HG01051_32.0.1.bam. Execution Time: 00:00:00
[Run]     HG01051_32.0.8.bam...
[Done]    HG01051_32.0.8.bam. Execution Time: 00:00:00
[Run]     HG01051_32.0.5.bam...
[Done]    HG01051_32.0.5.bam. Execution Time: 00:00:00
[Run]     HG01051_32.0.7.bam...
[Done]    HG01051_32.0.7.bam. Execution Time: 00:00:00
[Run]     HG01051_32.0.9.bam...
[Done]    HG01051_32.0.9.bam. Execution Time: 00:00:00
[Run]     HG01051_32.0.6.bam...
[Done]    HG01051_32.0.6.bam. Execution Time: 00:00:00
[Run]     HG01051_33.0.2.bam...
[Done]    HG01051_33.0.2.bam. Execution Time: 00:00:00
[Run]     HG01051_32.1.0.bam...
[Done]    HG01051_32.1.0.bam. Execution Time: 00:00:00
[Run]     HG01051_34.0.1.bam...
[Done]    HG01051_34.0.1.bam. Execution Time: 00:00:00
[Run]     HG01051_33.0.5.bam...
[Done]    HG01051_33.0.5.bam. Execution Time: 00:00:00
[Run]     HG01051_34.0.2.bam...
[Done]    HG01051_34.0.2.bam. Execution Time: 00:00:00
[Run]     HG01051_33.0.1.bam...
[Done]    HG01051_33.0.1.bam. Execution Time: 00:00:00
[Run]     HG01051_33.0.4.bam...
[Done]    HG01051_33.0.4.bam. Execution Time: 00:00:00
[Run]     HG01051_33.0.8.bam...
[Done]    HG01051_33.0.8.bam. Execution Time: 00:00:00
[Run]     HG01051_33.0.7.bam...
[Done]    HG01051_33.0.7.bam. Execution Time: 00:00:00
[Run]     HG01051_33.0.6.bam...
[Done]    HG01051_33.0.6.bam. Execution Time: 00:00:00
[Run]     HG01051_33.0.3.bam...
[Done]    HG01051_33.0.3.bam. Execution Time: 00:00:00
[Run]     HG01051_34.0.4.bam...
[Done]    HG01051_34.0.4.bam. Execution Time: 00:00:00
[Run]     HG01051_33.1.0.bam...
[Done]    HG01051_33.1.0.bam. Execution Time: 00:00:00
[Run]     HG01051_33.0.9.bam...
[Done]    HG01051_33.0.9.bam. Execution Time: 00:00:00
[Run]     HG01051_34.0.3.bam...
[Done]    HG01051_34.0.3.bam. Execution Time: 00:00:00
[Run]     HG01051_34.0.7.bam...
[Done]    HG01051_34.0.7.bam. Execution Time: 00:00:00
[Run]     HG01051_34.0.5.bam...
[Done]    HG01051_34.0.5.bam. Execution Time: 00:00:00
[Run]     HG01051_34.0.6.bam...
[Done]    HG01051_34.0.6.bam. Execution Time: 00:00:00
[Run]     HG01051_34.0.9.bam...
[Done]    HG01051_34.0.9.bam. Execution Time: 00:00:00
[Run]     HG01051_34.0.8.bam...
[Done]    HG01051_34.0.8.bam. Execution Time: 00:00:00
[Run]     HG01051_34.1.0.bam...
[Done]    HG01051_34.1.0.bam. Execution Time: 00:00:00
[Run]     HG01051_35.0.2.bam...
[Done]    HG01051_35.0.2.bam. Execution Time: 00:00:00
[Run]     HG01051_35.0.4.bam...
[Done]    HG01051_35.0.4.bam. Execution Time: 00:00:00
[Run]     HG01051_35.0.3.bam...
[Done]    HG01051_35.0.3.bam. Execution Time: 00:00:00
[Run]     HG01051_35.0.6.bam...
[Done]    HG01051_35.0.6.bam. Execution Time: 00:00:00
[Run]     HG01051_35.0.7.bam...
[Done]    HG01051_35.0.7.bam. Execution Time: 00:00:00
[Run]     HG01051_35.0.1.bam...
[Done]    HG01051_35.0.1.bam. Execution Time: 00:00:00
[Run]     HG01051_35.0.8.bam...
[Done]    HG01051_35.0.8.bam. Execution Time: 00:00:00
[Run]     HG01051_35.1.0.bam...
[Done]    HG01051_35.1.0.bam. Execution Time: 00:00:00
[Run]     HG01051_35.0.5.bam...
[Done]    HG01051_35.0.5.bam. Execution Time: 00:00:00
[Run]     HG01051_36.0.1.bam...
[Done]    HG01051_36.0.1.bam. Execution Time: 00:00:00
[Run]     HG01051_36.0.3.bam...
[Done]    HG01051_36.0.3.bam. Execution Time: 00:00:00
[Run]     HG01051_36.0.4.bam...
[Done]    HG01051_36.0.4.bam. Execution Time: 00:00:00
[Run]     HG01051_36.0.5.bam...
[Done]    HG01051_36.0.5.bam. Execution Time: 00:00:00
[Run]     HG01051_35.0.9.bam...
[Done]    HG01051_35.0.9.bam. Execution Time: 00:00:00
[Run]     HG01051_36.0.2.bam...
[Done]    HG01051_36.0.2.bam. Execution Time: 00:00:00
[Run]     HG01051_36.0.8.bam...
[Done]    HG01051_36.0.8.bam. Execution Time: 00:00:00
[Run]     HG01051_36.0.7.bam...
[Done]    HG01051_36.0.7.bam. Execution Time: 00:00:00
[Run]     HG01051_36.1.0.bam...
[Done]    HG01051_36.1.0.bam. Execution Time: 00:00:00
[Run]     HG01051_37.0.4.bam...
[Done]    HG01051_37.0.4.bam. Execution Time: 00:00:00
[Run]     HG01051_37.0.2.bam...
[Done]    HG01051_37.0.2.bam. Execution Time: 00:00:00
[Run]     HG01051_37.0.1.bam...
[Done]    HG01051_37.0.1.bam. Execution Time: 00:00:00
[Run]     HG01051_36.0.6.bam...
[Done]    HG01051_36.0.6.bam. Execution Time: 00:00:00
[Run]     HG01051_36.0.9.bam...
[Done]    HG01051_36.0.9.bam. Execution Time: 00:00:00
[Run]     HG01051_37.0.3.bam...
[Done]    HG01051_37.0.3.bam. Execution Time: 00:00:00
[Run]     HG01051_37.0.5.bam...
[Done]    HG01051_37.0.5.bam. Execution Time: 00:00:00
[Run]     HG01051_37.0.6.bam...
[Done]    HG01051_37.0.6.bam. Execution Time: 00:00:00
[Run]     HG01051_37.0.7.bam...
[Done]    HG01051_37.0.7.bam. Execution Time: 00:00:00
[Run]     HG01051_37.0.8.bam...
[Done]    HG01051_37.0.8.bam. Execution Time: 00:00:00
[Run]     HG01051_37.0.9.bam...
[Done]    HG01051_37.0.9.bam. Execution Time: 00:00:00
[Run]     HG01051_37.1.0.bam...
[Done]    HG01051_37.1.0.bam. Execution Time: 00:00:00
[Run]     HG01051_38.0.4.bam...
[Done]    HG01051_38.0.4.bam. Execution Time: 00:00:00
[Run]     HG01051_38.0.2.bam...
[Done]    HG01051_38.0.2.bam. Execution Time: 00:00:00
[Run]     HG01051_38.0.5.bam...
[Done]    HG01051_38.0.5.bam. Execution Time: 00:00:00
[Run]     HG01051_38.0.1.bam...
[Done]    HG01051_38.0.1.bam. Execution Time: 00:00:00
[Run]     HG01051_38.0.3.bam...
[Done]    HG01051_38.0.3.bam. Execution Time: 00:00:00
[Run]     HG01051_60.0.5.bam...
[Done]    HG01051_60.0.5.bam. Execution Time: 00:00:00
[Run]     HG01051_59.0.9.bam...
[Done]    HG01051_59.0.9.bam. Execution Time: 00:00:00
[Run]     HG01051_60.0.2.bam...
[Done]    HG01051_60.0.2.bam. Execution Time: 00:00:00
[Run]     HG01051_59.0.7.bam...
[Done]    HG01051_59.0.7.bam. Execution Time: 00:00:00
[Run]     HG01051_59.0.8.bam...
[Done]    HG01051_59.0.8.bam. Execution Time: 00:00:00
[Run]     HG01051_60.0.4.bam...
[Done]    HG01051_60.0.4.bam. Execution Time: 00:00:00
[Run]     HG01051_60.0.1.bam...
[Done]    HG01051_60.0.1.bam. Execution Time: 00:00:00
[Run]     HG01051_59.0.6.bam...
[Done]    HG01051_59.0.6.bam. Execution Time: 00:00:00
[Run]     HG01051_60.0.6.bam...
[Done]    HG01051_60.0.6.bam. Execution Time: 00:00:00
[Run]     HG01051_60.1.0.bam...
[Done]    HG01051_60.1.0.bam. Execution Time: 00:00:00
[Run]     HG01051_59.1.0.bam...
[Done]    HG01051_59.1.0.bam. Execution Time: 00:00:00
[Run]     HG01051_61.0.1.bam...
[Done]    HG01051_61.0.1.bam. Execution Time: 00:00:00
[Run]     HG01051_60.0.9.bam...
[Done]    HG01051_60.0.9.bam. Execution Time: 00:00:00
[Run]     HG01051_60.0.7.bam...
[Done]    HG01051_60.0.7.bam. Execution Time: 00:00:00
[Run]     HG01051_60.0.8.bam...
[Done]    HG01051_60.0.8.bam. Execution Time: 00:00:00
[Run]     HG01051_61.0.2.bam...
[Done]    HG01051_61.0.2.bam. Execution Time: 00:00:00
[Run]     HG01051_60.0.3.bam...
[Done]    HG01051_60.0.3.bam. Execution Time: 00:00:00
[Run]     HG01051_61.0.6.bam...
[Done]    HG01051_61.0.6.bam. Execution Time: 00:00:00
[Run]     HG01051_61.0.4.bam...
[Done]    HG01051_61.0.4.bam. Execution Time: 00:00:00
[Run]     HG01051_61.0.7.bam...
[Done]    HG01051_61.0.7.bam. Execution Time: 00:00:00
[Run]     HG01051_61.1.0.bam...
[Done]    HG01051_61.1.0.bam. Execution Time: 00:00:00
[Run]     HG01051_61.0.9.bam...
[Done]    HG01051_61.0.9.bam. Execution Time: 00:00:00
[Run]     HG01051_61.0.8.bam...
[Done]    HG01051_61.0.8.bam. Execution Time: 00:00:00
[Run]     HG01051_61.0.3.bam...
[Done]    HG01051_61.0.3.bam. Execution Time: 00:00:00
[Run]     HG01051_61.0.5.bam...
[Done]    HG01051_61.0.5.bam. Execution Time: 00:00:00
[Run]     HG01051_62.0.3.bam...
[Done]    HG01051_62.0.3.bam. Execution Time: 00:00:00
[Run]     HG01051_62.0.4.bam...
[Done]    HG01051_62.0.4.bam. Execution Time: 00:00:00
[Run]     HG01051_62.0.2.bam...
[Done]    HG01051_62.0.2.bam. Execution Time: 00:00:00
[Run]     HG01051_62.0.1.bam...
[Done]    HG01051_62.0.1.bam. Execution Time: 00:00:00
[Run]     HG01051_62.0.6.bam...
[Done]    HG01051_62.0.6.bam. Execution Time: 00:00:00
[Run]     HG01051_62.0.8.bam...
[Done]    HG01051_62.0.8.bam. Execution Time: 00:00:00
[Run]     HG01051_62.0.7.bam...
[Done]    HG01051_62.0.7.bam. Execution Time: 00:00:00
[Run]     HG01051_62.0.5.bam...
[Done]    HG01051_62.0.5.bam. Execution Time: 00:00:00
[Run]     HG01051_62.1.0.bam...
[Done]    HG01051_62.1.0.bam. Execution Time: 00:00:00
[Run]     HG01051_62.0.9.bam...
[Done]    HG01051_62.0.9.bam. Execution Time: 00:00:00
[Run]     HG01051_38.0.6.bam...
[Done]    HG01051_38.0.6.bam. Execution Time: 00:00:00
[Run]     HG01051_38.0.8.bam...
[Done]    HG01051_38.0.8.bam. Execution Time: 00:00:00
[Run]     HG01051_38.0.7.bam...
[Done]    HG01051_38.0.7.bam. Execution Time: 00:00:00
[Run]     HG01051_39.0.2.bam...
[Done]    HG01051_39.0.2.bam. Execution Time: 00:00:00
[Run]     HG01051_71.0.1.bam...
[Done]    HG01051_71.0.1.bam. Execution Time: 00:00:00
[Run]     HG01051_70.0.1.bam...
[Done]    HG01051_70.0.1.bam. Execution Time: 00:00:00
[Run]     HG01051_70.0.9.bam...
[Done]    HG01051_70.0.9.bam. Execution Time: 00:00:00
[Run]     HG01051_71.0.9.bam...
[Done]    HG01051_71.0.9.bam. Execution Time: 00:00:00
[Run]     HG01051_72.0.1.bam...
[Done]    HG01051_72.0.1.bam. Execution Time: 00:00:00
[Run]     HG01051_72.0.9.bam...
[Done]    HG01051_72.0.9.bam. Execution Time: 00:00:00
[Run]     HG01051_39.0.1.bam...
[Done]    HG01051_39.0.1.bam. Execution Time: 00:00:00
[Run]     HG01051_38.0.9.bam...
[Done]    HG01051_38.0.9.bam. Execution Time: 00:00:00
[Run]     HG01051_38.1.0.bam...
[Done]    HG01051_38.1.0.bam. Execution Time: 00:00:00
[Run]     HG01051_39.0.3.bam...
[Done]    HG01051_39.0.3.bam. Execution Time: 00:00:00
[Run]     HG01051_39.0.6.bam...
[Done]    HG01051_39.0.6.bam. Execution Time: 00:00:00
[Run]     HG01051_39.0.9.bam...
[Done]    HG01051_39.0.9.bam. Execution Time: 00:00:00
[Run]     HG01051_40.0.2.bam...
[Done]    HG01051_40.0.2.bam. Execution Time: 00:00:00
[Run]     HG01051_39.1.0.bam...
[Done]    HG01051_39.1.0.bam. Execution Time: 00:00:00
[Run]     HG01051_40.0.4.bam...
[Done]    HG01051_40.0.4.bam. Execution Time: 00:00:00
[Run]     HG01051_40.0.3.bam...
[Done]    HG01051_40.0.3.bam. Execution Time: 00:00:00
[Run]     HG01051_40.0.6.bam...
[Done]    HG01051_40.0.6.bam. Execution Time: 00:00:00
[Run]     HG01051_40.0.5.bam...
[Done]    HG01051_40.0.5.bam. Execution Time: 00:00:00
[Run]     HG01051_40.0.7.bam...
[Done]    HG01051_40.0.7.bam. Execution Time: 00:00:00
[Run]     HG01051_39.0.4.bam...
[Done]    HG01051_39.0.4.bam. Execution Time: 00:00:00
[Run]     HG01051_40.0.8.bam...
[Done]    HG01051_40.0.8.bam. Execution Time: 00:00:00
[Run]     HG01051_39.0.7.bam...
[Done]    HG01051_39.0.7.bam. Execution Time: 00:00:00
[Run]     HG01051_39.0.5.bam...
[Done]    HG01051_39.0.5.bam. Execution Time: 00:00:00
[Run]     HG01051_40.0.9.bam...
[Done]    HG01051_40.0.9.bam. Execution Time: 00:00:00
[Run]     HG01051_39.0.8.bam...
[Done]    HG01051_39.0.8.bam. Execution Time: 00:00:00
[Run]     HG01051_40.0.1.bam...
[Done]    HG01051_40.0.1.bam. Execution Time: 00:00:00
[Run]     HG01051_40.1.0.bam...
[Done]    HG01051_40.1.0.bam. Execution Time: 00:00:00
[Run]     HG01051_41.0.2.bam...
[Done]    HG01051_41.0.2.bam. Execution Time: 00:00:00
[Run]     HG01051_41.0.4.bam...
[Done]    HG01051_41.0.4.bam. Execution Time: 00:00:00
[Run]     HG01051_41.0.3.bam...
[Done]    HG01051_41.0.3.bam. Execution Time: 00:00:00
[Run]     HG01051_41.0.5.bam...
[Done]    HG01051_41.0.5.bam. Execution Time: 00:00:00
[Run]     HG01051_41.0.1.bam...
[Done]    HG01051_41.0.1.bam. Execution Time: 00:00:00
[Run]     HG01051_41.0.6.bam...
[Done]    HG01051_41.0.6.bam. Execution Time: 00:00:00
[Run]     HG01051_41.0.9.bam...
[Done]    HG01051_41.0.9.bam. Execution Time: 00:00:00
[Run]     HG01051_41.0.7.bam...
[Done]    HG01051_41.0.7.bam. Execution Time: 00:00:00
[Run]     HG01051_41.0.8.bam...
[Done]    HG01051_41.0.8.bam. Execution Time: 00:00:00
[Run]     HG01051_41.1.0.bam...
[Done]    HG01051_41.1.0.bam. Execution Time: 00:00:00
[Run]     HG01051_42.0.4.bam...
[Done]    HG01051_42.0.4.bam. Execution Time: 00:00:00
[Run]     HG01051_42.0.1.bam...
[Done]    HG01051_42.0.1.bam. Execution Time: 00:00:00
[Run]     HG01051_42.0.5.bam...
[Done]    HG01051_42.0.5.bam. Execution Time: 00:00:00
[Run]     HG01051_42.0.2.bam...
[Done]    HG01051_42.0.2.bam. Execution Time: 00:00:00
[Run]     HG01051_42.0.3.bam...
[Done]    HG01051_42.0.3.bam. Execution Time: 00:00:00
[Run]     HG01051_42.0.7.bam...
[Done]    HG01051_42.0.7.bam. Execution Time: 00:00:00
[Run]     HG01051_42.0.6.bam...
[Done]    HG01051_42.0.6.bam. Execution Time: 00:00:00
[Run]     HG01051_42.0.8.bam...
[Done]    HG01051_42.0.8.bam. Execution Time: 00:00:00
[Run]     HG01051_42.1.0.bam...
[Done]    HG01051_42.1.0.bam. Execution Time: 00:00:00
[Run]     HG01051_42.0.9.bam...
[Done]    HG01051_42.0.9.bam. Execution Time: 00:00:00
[Run]     HG01051_43.0.3.bam...
[Done]    HG01051_43.0.3.bam. Execution Time: 00:00:00
[Run]     HG01051_43.0.4.bam...
[Done]    HG01051_43.0.4.bam. Execution Time: 00:00:00
[Run]     HG01051_43.0.1.bam...
[Done]    HG01051_43.0.1.bam. Execution Time: 00:00:00
[Run]     HG01051_43.0.6.bam...
[Done]    HG01051_43.0.6.bam. Execution Time: 00:00:00
[Run]     HG01051_43.0.2.bam...
[Done]    HG01051_43.0.2.bam. Execution Time: 00:00:00
[Run]     HG01051_43.0.5.bam...
[Done]    HG01051_43.0.5.bam. Execution Time: 00:00:00
[Run]     HG01051_43.0.7.bam...
[Done]    HG01051_43.0.7.bam. Execution Time: 00:00:00
[Run]     HG01051_43.0.9.bam...
[Done]    HG01051_43.0.9.bam. Execution Time: 00:00:00
[Run]     HG01051_43.1.0.bam...
[Done]    HG01051_43.1.0.bam. Execution Time: 00:00:00
[Run]     HG01051_43.0.8.bam...
[Done]    HG01051_43.0.8.bam. Execution Time: 00:00:00
[Run]     HG01051_44.0.2.bam...
[Done]    HG01051_44.0.2.bam. Execution Time: 00:00:00
[Run]     HG01051_44.0.4.bam...
[Done]    HG01051_44.0.4.bam. Execution Time: 00:00:00
[Run]     HG01051_44.0.1.bam...
[Done]    HG01051_44.0.1.bam. Execution Time: 00:00:00
[Run]     HG01051_44.0.3.bam...
[Done]    HG01051_44.0.3.bam. Execution Time: 00:00:00
[Run]     HG01051_44.0.5.bam...
[Done]    HG01051_44.0.5.bam. Execution Time: 00:00:00
[Run]     HG01051_44.0.6.bam...
[Done]    HG01051_44.0.6.bam. Execution Time: 00:00:00
[Run]     HG01051_44.0.8.bam...
[Done]    HG01051_44.0.8.bam. Execution Time: 00:00:00
[Run]     HG01051_44.0.7.bam...
[Done]    HG01051_44.0.7.bam. Execution Time: 00:00:00
[Run]     HG01051_44.1.0.bam...
[Done]    HG01051_44.1.0.bam. Execution Time: 00:00:00
[Run]     HG01051_44.0.9.bam...
[Done]    HG01051_44.0.9.bam. Execution Time: 00:00:00
[Run]     HG01051_45.0.2.bam...
[Done]    HG01051_45.0.2.bam. Execution Time: 00:00:00
[Run]     HG01051_75.0.7.bam...
[Done]    HG01051_75.0.7.bam. Execution Time: 00:00:00
[Run]     HG01051_45.0.1.bam...
[Done]    HG01051_45.0.1.bam. Execution Time: 00:00:00
[Run]     HG01051_45.0.3.bam...
[Done]    HG01051_45.0.3.bam. Execution Time: 00:00:00
[Run]     HG01051_45.0.4.bam...
[Done]    HG01051_45.0.4.bam. Execution Time: 00:00:00
[Run]     HG01051_45.0.5.bam...
[Done]    HG01051_45.0.5.bam. Execution Time: 00:00:00
[Run]     HG01051_65.0.6.bam...
[Done]    HG01051_65.0.6.bam. Execution Time: 00:00:00
[Run]     HG01051_65.0.1.bam...
[Done]    HG01051_65.0.1.bam. Execution Time: 00:00:00
[Run]     HG01051_63.0.4.bam...
[Done]    HG01051_63.0.4.bam. Execution Time: 00:00:00
[Run]     HG01051_63.0.2.bam...
[Done]    HG01051_63.0.2.bam. Execution Time: 00:00:00
[Run]     HG01051_63.1.0.bam...
[Done]    HG01051_63.1.0.bam. Execution Time: 00:00:00
[Run]     HG01051_64.0.1.bam...
[Done]    HG01051_64.0.1.bam. Execution Time: 00:00:00
[Run]     HG01051_63.0.1.bam...
[Done]    HG01051_63.0.1.bam. Execution Time: 00:00:00
[Run]     HG01051_66.0.5.bam...
[Done]    HG01051_66.0.5.bam. Execution Time: 00:00:00
[Run]     HG01051_64.0.6.bam...
[Done]    HG01051_64.0.6.bam. Execution Time: 00:00:00
[Run]     HG01051_63.0.5.bam...
[Done]    HG01051_63.0.5.bam. Execution Time: 00:00:00
[Run]     HG01051_66.0.1.bam...
[Done]    HG01051_66.0.1.bam. Execution Time: 00:00:00
[Run]     HG01051_64.0.8.bam...
[Done]    HG01051_64.0.8.bam. Execution Time: 00:00:00
[Run]     HG01051_65.0.7.bam...
[Done]    HG01051_65.0.7.bam. Execution Time: 00:00:00
[Run]     HG01051_65.0.4.bam...
[Done]    HG01051_65.0.4.bam. Execution Time: 00:00:00
[Run]     HG01051_65.0.5.bam...
[Done]    HG01051_65.0.5.bam. Execution Time: 00:00:00
[Run]     HG01051_64.0.3.bam...
[Done]    HG01051_64.0.3.bam. Execution Time: 00:00:00
[Run]     HG01051_65.0.2.bam...
[Done]    HG01051_65.0.2.bam. Execution Time: 00:00:00
[Run]     HG01051_63.0.7.bam...
[Done]    HG01051_63.0.7.bam. Execution Time: 00:00:00
[Run]     HG01051_66.0.4.bam...
[Done]    HG01051_66.0.4.bam. Execution Time: 00:00:00
[Run]     HG01051_64.1.0.bam...
[Done]    HG01051_64.1.0.bam. Execution Time: 00:00:00
[Run]     HG01051_65.0.9.bam...
[Done]    HG01051_65.0.9.bam. Execution Time: 00:00:00
[Run]     HG01051_63.0.3.bam...
[Done]    HG01051_63.0.3.bam. Execution Time: 00:00:00
[Run]     HG01051_65.0.8.bam...
[Done]    HG01051_65.0.8.bam. Execution Time: 00:00:00
[Run]     HG01051_63.0.9.bam...
[Done]    HG01051_63.0.9.bam. Execution Time: 00:00:00
[Run]     HG01051_64.0.4.bam...
[Done]    HG01051_64.0.4.bam. Execution Time: 00:00:00
[Run]     HG01051_64.0.9.bam...
[Done]    HG01051_64.0.9.bam. Execution Time: 00:00:00
[Run]     HG01051_65.0.3.bam...
[Done]    HG01051_65.0.3.bam. Execution Time: 00:00:00
[Run]     HG01051_63.0.8.bam...
[Done]    HG01051_63.0.8.bam. Execution Time: 00:00:00
[Run]     HG01051_64.0.2.bam...
[Done]    HG01051_64.0.2.bam. Execution Time: 00:00:00
[Run]     HG01051_64.0.5.bam...
[Done]    HG01051_64.0.5.bam. Execution Time: 00:00:00
[Run]     HG01051_66.0.2.bam...
[Done]    HG01051_66.0.2.bam. Execution Time: 00:00:00
[Run]     HG01051_63.0.6.bam...
[Done]    HG01051_63.0.6.bam. Execution Time: 00:00:00
[Run]     HG01051_65.1.0.bam...
[Done]    HG01051_65.1.0.bam. Execution Time: 00:00:00
[Run]     HG01051_66.0.3.bam...
[Done]    HG01051_66.0.3.bam. Execution Time: 00:00:00
[Run]     HG01051_64.0.7.bam...
[Done]    HG01051_64.0.7.bam. Execution Time: 00:00:00
[Run]     HG01051_66.1.0.bam...
[Done]    HG01051_66.1.0.bam. Execution Time: 00:00:00
[Run]     HG01051_66.0.7.bam...
[Done]    HG01051_66.0.7.bam. Execution Time: 00:00:00
[Run]     HG01051_66.0.8.bam...
[Done]    HG01051_66.0.8.bam. Execution Time: 00:00:00
[Run]     HG01051_66.0.6.bam...
[Done]    HG01051_66.0.6.bam. Execution Time: 00:00:00
[Run]     HG01051_66.0.9.bam...
[Done]    HG01051_66.0.9.bam. Execution Time: 00:00:00
[Run]     HG01051_67.0.3.bam...
[Done]    HG01051_67.0.3.bam. Execution Time: 00:00:00
[Run]     HG01051_67.0.4.bam...
[Done]    HG01051_67.0.4.bam. Execution Time: 00:00:00
[Run]     HG01051_67.0.1.bam...
[Done]    HG01051_67.0.1.bam. Execution Time: 00:00:00
[Run]     HG01051_67.0.8.bam...
[Done]    HG01051_67.0.8.bam. Execution Time: 00:00:00
[Run]     HG01051_67.0.9.bam...
[Done]    HG01051_67.0.9.bam. Execution Time: 00:00:00
[Run]     HG01051_67.0.2.bam...
[Done]    HG01051_67.0.2.bam. Execution Time: 00:00:00
[Run]     HG01051_67.0.5.bam...
[Done]    HG01051_67.0.5.bam. Execution Time: 00:00:00
[Run]     HG01051_67.0.7.bam...
[Done]    HG01051_67.0.7.bam. Execution Time: 00:00:00
[Run]     HG01051_68.0.2.bam...
[Done]    HG01051_68.0.2.bam. Execution Time: 00:00:00
[Run]     HG01051_68.0.3.bam...
[Done]    HG01051_68.0.3.bam. Execution Time: 00:00:00
[Run]     HG01051_67.0.6.bam...
[Done]    HG01051_67.0.6.bam. Execution Time: 00:00:00
[Run]     HG01051_67.1.0.bam...
[Done]    HG01051_67.1.0.bam. Execution Time: 00:00:00
[Run]     HG01051_68.0.7.bam...
[Done]    HG01051_68.0.7.bam. Execution Time: 00:00:00
[Run]     HG01051_68.0.6.bam...
[Done]    HG01051_68.0.6.bam. Execution Time: 00:00:00
[Run]     HG01051_68.0.9.bam...
[Done]    HG01051_68.0.9.bam. Execution Time: 00:00:00
[Run]     HG01051_68.0.5.bam...
[Done]    HG01051_68.0.5.bam. Execution Time: 00:00:00
[Run]     HG01051_69.0.1.bam...
[Done]    HG01051_69.0.1.bam. Execution Time: 00:00:00
[Run]     HG01051_68.0.1.bam...
[Done]    HG01051_68.0.1.bam. Execution Time: 00:00:00
[Run]     HG01051_69.0.2.bam...
[Done]    HG01051_69.0.2.bam. Execution Time: 00:00:00
[Run]     HG01051_68.1.0.bam...
[Done]    HG01051_68.1.0.bam. Execution Time: 00:00:00
[Run]     HG01051_68.0.8.bam...
[Done]    HG01051_68.0.8.bam. Execution Time: 00:00:00
[Run]     HG01051_69.0.4.bam...
[Done]    HG01051_69.0.4.bam. Execution Time: 00:00:00
[Run]     HG01051_68.0.4.bam...
[Done]    HG01051_68.0.4.bam. Execution Time: 00:00:00
[Run]     HG01051_69.0.5.bam...
[Done]    HG01051_69.0.5.bam. Execution Time: 00:00:00
[Run]     HG01051_69.0.8.bam...
[Done]    HG01051_69.0.8.bam. Execution Time: 00:00:00
[Run]     HG01051_69.1.0.bam...
[Done]    HG01051_69.1.0.bam. Execution Time: 00:00:00
[Run]     HG01051_69.0.3.bam...
[Done]    HG01051_69.0.3.bam. Execution Time: 00:00:00
[Run]     HG01051_69.0.6.bam...
[Done]    HG01051_69.0.6.bam. Execution Time: 00:00:00
[Run]     HG01051_69.0.7.bam...
[Done]    HG01051_69.0.7.bam. Execution Time: 00:00:00
[Run]     HG01051_69.0.9.bam...
[Done]    HG01051_69.0.9.bam. Execution Time: 00:00:00
[Run]     HG01051_70.0.6.bam...
[Done]    HG01051_70.0.6.bam. Execution Time: 00:00:00
[Run]     HG01051_70.0.2.bam...
[Done]    HG01051_70.0.2.bam. Execution Time: 00:00:00
[Run]     HG01051_70.0.7.bam...
[Done]    HG01051_70.0.7.bam. Execution Time: 00:00:00
[Run]     HG01051_70.0.8.bam...
[Done]    HG01051_70.0.8.bam. Execution Time: 00:00:00
[Run]     HG01051_71.0.3.bam...
[Done]    HG01051_71.0.3.bam. Execution Time: 00:00:00
[Run]     HG01051_70.1.0.bam...
[Done]    HG01051_70.1.0.bam. Execution Time: 00:00:00
[Run]     HG01051_70.0.4.bam...
[Done]    HG01051_70.0.4.bam. Execution Time: 00:00:00
[Run]     HG01051_71.0.7.bam...
[Done]    HG01051_71.0.7.bam. Execution Time: 00:00:00
[Run]     HG01051_70.0.5.bam...
[Done]    HG01051_70.0.5.bam. Execution Time: 00:00:00
[Run]     HG01051_71.0.5.bam...
[Done]    HG01051_71.0.5.bam. Execution Time: 00:00:00
[Run]     HG01051_71.0.4.bam...
[Done]    HG01051_71.0.4.bam. Execution Time: 00:00:00
[Run]     HG01051_71.0.2.bam...
[Done]    HG01051_71.0.2.bam. Execution Time: 00:00:00
[Run]     HG01051_70.0.3.bam...
[Done]    HG01051_70.0.3.bam. Execution Time: 00:00:00
[Run]     HG01051_71.0.6.bam...
[Done]    HG01051_71.0.6.bam. Execution Time: 00:00:00
[Run]     HG01051_71.0.8.bam...
[Done]    HG01051_71.0.8.bam. Execution Time: 00:00:00
[Run]     HG01051_71.1.0.bam...
[Done]    HG01051_71.1.0.bam. Execution Time: 00:00:00
[Run]     HG01051_72.0.3.bam...
[Done]    HG01051_72.0.3.bam. Execution Time: 00:00:00
[Run]     HG01051_72.0.4.bam...
[Done]    HG01051_72.0.4.bam. Execution Time: 00:00:00
[Run]     HG01051_72.0.6.bam...
[Done]    HG01051_72.0.6.bam. Execution Time: 00:00:00
[Run]     HG01051_72.0.5.bam...
[Done]    HG01051_72.0.5.bam. Execution Time: 00:00:00
[Run]     HG01051_73.0.1.bam...
[Done]    HG01051_73.0.1.bam. Execution Time: 00:00:00
[Run]     HG01051_72.0.2.bam...
[Done]    HG01051_72.0.2.bam. Execution Time: 00:00:00
[Run]     HG01051_73.0.3.bam...
[Done]    HG01051_73.0.3.bam. Execution Time: 00:00:00
[Run]     HG01051_72.0.8.bam...
[Done]    HG01051_72.0.8.bam. Execution Time: 00:00:00
[Run]     HG01051_72.0.7.bam...
[Done]    HG01051_72.0.7.bam. Execution Time: 00:00:00
[Run]     HG01051_72.1.0.bam...
[Done]    HG01051_72.1.0.bam. Execution Time: 00:00:00
[Run]     HG01051_73.0.2.bam...
[Done]    HG01051_73.0.2.bam. Execution Time: 00:00:00
[Run]     HG01051_73.0.4.bam...
[Done]    HG01051_73.0.4.bam. Execution Time: 00:00:00
[Run]     HG01051_73.0.5.bam...
[Done]    HG01051_73.0.5.bam. Execution Time: 00:00:00
[Run]     HG01051_74.0.6.bam...
[Done]    HG01051_74.0.6.bam. Execution Time: 00:00:00
[Run]     HG01051_73.0.8.bam...
[Done]    HG01051_73.0.8.bam. Execution Time: 00:00:00
[Run]     HG01051_74.0.4.bam...
[Done]    HG01051_74.0.4.bam. Execution Time: 00:00:00
[Run]     HG01051_73.0.6.bam...
[Done]    HG01051_73.0.6.bam. Execution Time: 00:00:00
[Run]     HG01051_74.0.2.bam...
[Done]    HG01051_74.0.2.bam. Execution Time: 00:00:00
[Run]     HG01051_74.0.1.bam...
[Done]    HG01051_74.0.1.bam. Execution Time: 00:00:00
[Run]     HG01051_74.0.5.bam...
[Done]    HG01051_74.0.5.bam. Execution Time: 00:00:00
[Run]     HG01051_74.0.3.bam...
[Done]    HG01051_74.0.3.bam. Execution Time: 00:00:00
[Run]     HG01051_73.1.0.bam...
[Done]    HG01051_73.1.0.bam. Execution Time: 00:00:00
[Run]     HG01051_73.0.7.bam...
[Done]    HG01051_73.0.7.bam. Execution Time: 00:00:00
[Run]     HG01051_73.0.9.bam...
[Done]    HG01051_73.0.9.bam. Execution Time: 00:00:00
[Run]     HG01051_74.1.0.bam...
[Done]    HG01051_74.1.0.bam. Execution Time: 00:00:00
[Run]     HG01051_74.0.7.bam...
[Done]    HG01051_74.0.7.bam. Execution Time: 00:00:00
[Run]     HG01051_74.0.8.bam...
[Done]    HG01051_74.0.8.bam. Execution Time: 00:00:00
[Run]     HG01051_74.0.9.bam...
[Done]    HG01051_74.0.9.bam. Execution Time: 00:00:00
[Run]     HG01051_75.0.1.bam...
[Done]    HG01051_75.0.1.bam. Execution Time: 00:00:00
[Run]     HG01051_75.0.2.bam...
[Done]    HG01051_75.0.2.bam. Execution Time: 00:00:00
[Run]     HG01051_75.0.4.bam...
[Done]    HG01051_75.0.4.bam. Execution Time: 00:00:00
[Run]     HG01051_75.0.5.bam...
[Done]    HG01051_75.0.5.bam. Execution Time: 00:00:00
[Run]     HG01051_75.0.6.bam...
[Done]    HG01051_75.0.6.bam. Execution Time: 00:00:00
[Run]     HG01051_75.0.3.bam...
[Done]    HG01051_75.0.3.bam. Execution Time: 00:00:00
[Run]     HG01051_75.0.8.bam...
[Done]    HG01051_75.0.8.bam. Execution Time: 00:00:00
[Run]     HG01051_75.0.9.bam...
[Done]    HG01051_75.0.9.bam. Execution Time: 00:00:00
[Run]     HG01051_76.0.1.bam...
[Done]    HG01051_76.0.1.bam. Execution Time: 00:00:00
[Run]     HG01051_76.0.2.bam...
[Done]    HG01051_76.0.2.bam. Execution Time: 00:00:00
[Run]     HG01051_75.1.0.bam...
[Done]    HG01051_75.1.0.bam. Execution Time: 00:00:00
[Run]     HG01051_76.0.3.bam...
[Done]    HG01051_76.0.3.bam. Execution Time: 00:00:00
[Run]     HG01051_76.0.8.bam...
[Done]    HG01051_76.0.8.bam. Execution Time: 00:00:00
[Run]     HG01051_76.0.6.bam...
[Done]    HG01051_76.0.6.bam. Execution Time: 00:00:00
[Run]     HG01051_76.0.9.bam...
[Done]    HG01051_76.0.9.bam. Execution Time: 00:00:00
[Run]     HG01051_76.0.4.bam...
[Done]    HG01051_76.0.4.bam. Execution Time: 00:00:00
[Run]     HG01051_76.0.7.bam...
[Done]    HG01051_76.0.7.bam. Execution Time: 00:00:00
[Run]     HG01051_76.1.0.bam...
[Done]    HG01051_76.1.0.bam. Execution Time: 00:00:00
[Run]     HG01051_76.0.5.bam...
[Done]    HG01051_76.0.5.bam. Execution Time: 00:00:00
[Run]     HG01051_77.0.4.bam...
[Done]    HG01051_77.0.4.bam. Execution Time: 00:00:00
[Run]     HG01051_77.0.5.bam...
[Done]    HG01051_77.0.5.bam. Execution Time: 00:00:00
[Run]     HG01051_77.0.1.bam...
[Done]    HG01051_77.0.1.bam. Execution Time: 00:00:00
[Run]     HG01051_77.0.6.bam...
[Done]    HG01051_77.0.6.bam. Execution Time: 00:00:00
[Run]     HG01051_77.0.3.bam...
[Done]    HG01051_77.0.3.bam. Execution Time: 00:00:00
[Run]     HG01051_77.0.2.bam...
[Done]    HG01051_77.0.2.bam. Execution Time: 00:00:00
[Run]     HG01051_78.0.1.bam...
[Done]    HG01051_78.0.1.bam. Execution Time: 00:00:00
[Run]     HG01051_77.0.9.bam...
[Done]    HG01051_77.0.9.bam. Execution Time: 00:00:00
[Run]     HG01051_77.0.8.bam...
[Done]    HG01051_77.0.8.bam. Execution Time: 00:00:00
[Run]     HG01051_77.1.0.bam...
[Done]    HG01051_77.1.0.bam. Execution Time: 00:00:00
[Run]     HG01051_78.0.2.bam...
[Done]    HG01051_78.0.2.bam. Execution Time: 00:00:00
[Run]     HG01051_78.0.4.bam...
[Done]    HG01051_78.0.4.bam. Execution Time: 00:00:00
[Run]     HG01051_77.0.7.bam...
[Done]    HG01051_77.0.7.bam. Execution Time: 00:00:00
[Run]     HG01051_78.0.5.bam...
[Done]    HG01051_78.0.5.bam. Execution Time: 00:00:00
[Run]     HG01051_78.0.3.bam...
[Done]    HG01051_78.0.3.bam. Execution Time: 00:00:00
[Run]     HG01051_78.0.6.bam...
[Done]    HG01051_78.0.6.bam. Execution Time: 00:00:00
[Run]     HG01051_78.0.7.bam...
[Done]    HG01051_78.0.7.bam. Execution Time: 00:00:00
[Run]     HG01051_78.0.8.bam...
[Done]    HG01051_78.0.8.bam. Execution Time: 00:00:00
[Run]     HG01051_78.1.0.bam...
[Done]    HG01051_78.1.0.bam. Execution Time: 00:00:00
[Run]     HG01051_78.0.9.bam...
[Done]    HG01051_78.0.9.bam. Execution Time: 00:00:00
[Run]     HG01051_79.0.5.bam...
[Done]    HG01051_79.0.5.bam. Execution Time: 00:00:00
[Run]     HG01051_79.0.8.bam...
[Done]    HG01051_79.0.8.bam. Execution Time: 00:00:00
[Run]     HG01051_79.0.4.bam...
[Done]    HG01051_79.0.4.bam. Execution Time: 00:00:00
[Run]     HG01051_79.0.2.bam...
[Done]    HG01051_79.0.2.bam. Execution Time: 00:00:00
[Run]     HG01051_79.0.1.bam...
[Done]    HG01051_79.0.1.bam. Execution Time: 00:00:00
[Run]     HG01051_79.0.3.bam...
[Done]    HG01051_79.0.3.bam. Execution Time: 00:00:00
[Run]     HG01051_79.0.7.bam...
[Done]    HG01051_79.0.7.bam. Execution Time: 00:00:00
[Run]     HG01051_79.0.6.bam...
[Done]    HG01051_79.0.6.bam. Execution Time: 00:00:00
[Run]     HG01051_80.0.2.bam...
[Done]    HG01051_80.0.2.bam. Execution Time: 00:00:00
[Run]     HG01051_92.0.5.bam...
[Done]    HG01051_92.0.5.bam. Execution Time: 00:00:00
[Run]     HG01051_92.0.7.bam...
[Done]    HG01051_92.0.7.bam. Execution Time: 00:00:00
[Run]     HG01051_92.1.0.bam...
[Done]    HG01051_92.1.0.bam. Execution Time: 00:00:00
[Run]     HG01051_79.0.9.bam...
[Done]    HG01051_79.0.9.bam. Execution Time: 00:00:00
[Run]     HG01051_80.0.3.bam...
[Done]    HG01051_80.0.3.bam. Execution Time: 00:00:00
[Run]     HG01051_79.1.0.bam...
[Done]    HG01051_79.1.0.bam. Execution Time: 00:00:00
[Run]     HG01051_80.0.1.bam...
[Done]    HG01051_80.0.1.bam. Execution Time: 00:00:00
[Run]     HG01051_80.0.4.bam...
[Done]    HG01051_80.0.4.bam. Execution Time: 00:00:00
[Run]     HG01051_80.0.5.bam...
[Done]    HG01051_80.0.5.bam. Execution Time: 00:00:00
[Run]     HG01051_80.0.7.bam...
[Done]    HG01051_80.0.7.bam. Execution Time: 00:00:00
[Run]     HG01051_81.0.1.bam...
[Done]    HG01051_81.0.1.bam. Execution Time: 00:00:00
[Run]     HG01051_81.0.3.bam...
[Done]    HG01051_81.0.3.bam. Execution Time: 00:00:00
[Run]     HG01051_80.0.6.bam...
[Done]    HG01051_80.0.6.bam. Execution Time: 00:00:00
[Run]     HG01051_80.0.8.bam...
[Done]    HG01051_80.0.8.bam. Execution Time: 00:00:00
[Run]     HG01051_80.0.9.bam...
[Done]    HG01051_80.0.9.bam. Execution Time: 00:00:00
[Run]     HG01051_80.1.0.bam...
[Done]    HG01051_80.1.0.bam. Execution Time: 00:00:00
[Run]     HG01051_81.0.4.bam...
[Done]    HG01051_81.0.4.bam. Execution Time: 00:00:00
[Run]     HG01051_81.1.0.bam...
[Done]    HG01051_81.1.0.bam. Execution Time: 00:00:00
[Run]     HG01051_81.0.7.bam...
[Done]    HG01051_81.0.7.bam. Execution Time: 00:00:00
[Run]     HG01051_81.0.2.bam...
[Done]    HG01051_81.0.2.bam. Execution Time: 00:00:00
[Run]     HG01051_81.0.5.bam...
[Done]    HG01051_81.0.5.bam. Execution Time: 00:00:00
[Run]     HG01051_82.0.3.bam...
[Done]    HG01051_82.0.3.bam. Execution Time: 00:00:00
[Run]     HG01051_81.0.6.bam...
[Done]    HG01051_81.0.6.bam. Execution Time: 00:00:00
[Run]     HG01051_82.0.1.bam...
[Done]    HG01051_82.0.1.bam. Execution Time: 00:00:00
[Run]     HG01051_81.0.8.bam...
[Done]    HG01051_81.0.8.bam. Execution Time: 00:00:00
[Run]     HG01051_81.0.9.bam...
[Done]    HG01051_81.0.9.bam. Execution Time: 00:00:00
[Run]     HG01051_82.0.5.bam...
[Done]    HG01051_82.0.5.bam. Execution Time: 00:00:00
[Run]     HG01051_82.0.2.bam...
[Done]    HG01051_82.0.2.bam. Execution Time: 00:00:00
[Run]     HG01051_82.0.7.bam...
[Done]    HG01051_82.0.7.bam. Execution Time: 00:00:00
[Run]     HG01051_82.0.6.bam...
[Done]    HG01051_82.0.6.bam. Execution Time: 00:00:00
[Run]     HG01051_82.1.0.bam...
[Done]    HG01051_82.1.0.bam. Execution Time: 00:00:00
[Run]     HG01051_82.0.8.bam...
[Done]    HG01051_82.0.8.bam. Execution Time: 00:00:00
[Run]     HG01051_82.0.4.bam...
[Done]    HG01051_82.0.4.bam. Execution Time: 00:00:00
[Run]     HG01051_82.0.9.bam...
[Done]    HG01051_82.0.9.bam. Execution Time: 00:00:00
[Run]     HG01051_83.0.2.bam...
[Done]    HG01051_83.0.2.bam. Execution Time: 00:00:00
[Run]     HG01051_83.0.3.bam...
[Done]    HG01051_83.0.3.bam. Execution Time: 00:00:00
[Run]     HG01051_83.0.4.bam...
[Done]    HG01051_83.0.4.bam. Execution Time: 00:00:00
[Run]     HG01051_83.0.7.bam...
[Done]    HG01051_83.0.7.bam. Execution Time: 00:00:00
[Run]     HG01051_83.0.1.bam...
[Done]    HG01051_83.0.1.bam. Execution Time: 00:00:00
[Run]     HG01051_83.0.5.bam...
[Done]    HG01051_83.0.5.bam. Execution Time: 00:00:00
[Run]     HG01051_83.1.0.bam...
[Done]    HG01051_83.1.0.bam. Execution Time: 00:00:00
[Run]     HG01051_83.0.9.bam...
[Done]    HG01051_83.0.9.bam. Execution Time: 00:00:00
[Run]     HG01051_83.0.8.bam...
[Done]    HG01051_83.0.8.bam. Execution Time: 00:00:00
[Run]     HG01051_83.0.6.bam...
[Done]    HG01051_83.0.6.bam. Execution Time: 00:00:00
[Run]     HG01051_84.0.5.bam...
[Done]    HG01051_84.0.5.bam. Execution Time: 00:00:00
[Run]     HG01051_84.0.1.bam...
[Done]    HG01051_84.0.1.bam. Execution Time: 00:00:00
[Run]     HG01051_84.0.6.bam...
[Done]    HG01051_84.0.6.bam. Execution Time: 00:00:00
[Run]     HG01051_84.0.9.bam...
[Done]    HG01051_84.0.9.bam. Execution Time: 00:00:00
[Run]     HG01051_84.1.0.bam...
[Done]    HG01051_84.1.0.bam. Execution Time: 00:00:00
[Run]     HG01051_84.0.3.bam...
[Done]    HG01051_84.0.3.bam. Execution Time: 00:00:00
[Run]     HG01051_84.0.2.bam...
[Done]    HG01051_84.0.2.bam. Execution Time: 00:00:00
[Run]     HG01051_85.0.1.bam...
[Done]    HG01051_85.0.1.bam. Execution Time: 00:00:00
[Run]     HG01051_84.0.4.bam...
[Done]    HG01051_84.0.4.bam. Execution Time: 00:00:00
[Run]     HG01051_85.0.3.bam...
[Done]    HG01051_85.0.3.bam. Execution Time: 00:00:00
[Run]     HG01051_84.0.7.bam...
[Done]    HG01051_84.0.7.bam. Execution Time: 00:00:00
[Run]     HG01051_85.0.4.bam...
[Done]    HG01051_85.0.4.bam. Execution Time: 00:00:00
[Run]     HG01051_85.0.5.bam...
[Done]    HG01051_85.0.5.bam. Execution Time: 00:00:00
[Run]     HG01051_84.0.8.bam...
[Done]    HG01051_84.0.8.bam. Execution Time: 00:00:00
[Run]     HG01051_85.0.2.bam...
[Done]    HG01051_85.0.2.bam. Execution Time: 00:00:00
[Run]     HG01051_85.0.7.bam...
[Done]    HG01051_85.0.7.bam. Execution Time: 00:00:00
[Run]     HG01051_85.0.6.bam...
[Done]    HG01051_85.0.6.bam. Execution Time: 00:00:00
[Run]     HG01051_85.1.0.bam...
[Done]    HG01051_85.1.0.bam. Execution Time: 00:00:00
[Run]     HG01051_85.0.8.bam...
[Done]    HG01051_85.0.8.bam. Execution Time: 00:00:00
[Run]     HG01051_86.0.4.bam...
[Done]    HG01051_86.0.4.bam. Execution Time: 00:00:00
[Run]     HG01051_85.0.9.bam...
[Done]    HG01051_85.0.9.bam. Execution Time: 00:00:00
[Run]     HG01051_86.0.1.bam...
[Done]    HG01051_86.0.1.bam. Execution Time: 00:00:00
[Run]     HG01051_86.0.3.bam...
[Done]    HG01051_86.0.3.bam. Execution Time: 00:00:00
[Run]     HG01051_86.0.2.bam...
[Done]    HG01051_86.0.2.bam. Execution Time: 00:00:00
[Run]     HG01051_86.0.5.bam...
[Done]    HG01051_86.0.5.bam. Execution Time: 00:00:00
[Run]     HG01051_86.1.0.bam...
[Done]    HG01051_86.1.0.bam. Execution Time: 00:00:00
[Run]     HG01051_86.0.6.bam...
[Done]    HG01051_86.0.6.bam. Execution Time: 00:00:00
[Run]     HG01051_86.0.7.bam...
[Done]    HG01051_86.0.7.bam. Execution Time: 00:00:00
[Run]     HG01051_86.0.8.bam...
[Done]    HG01051_86.0.8.bam. Execution Time: 00:00:00
[Run]     HG01051_87.0.1.bam...
[Done]    HG01051_87.0.1.bam. Execution Time: 00:00:00
[Run]     HG01051_87.0.3.bam...
[Done]    HG01051_87.0.3.bam. Execution Time: 00:00:00
[Run]     HG01051_86.0.9.bam...
[Done]    HG01051_86.0.9.bam. Execution Time: 00:00:00
[Run]     HG01051_87.0.2.bam...
[Done]    HG01051_87.0.2.bam. Execution Time: 00:00:00
[Run]     HG01051_87.0.5.bam...
[Done]    HG01051_87.0.5.bam. Execution Time: 00:00:00
[Run]     HG01051_87.0.4.bam...
[Done]    HG01051_87.0.4.bam. Execution Time: 00:00:00
[Run]     HG01051_87.0.7.bam...
[Done]    HG01051_87.0.7.bam. Execution Time: 00:00:00
[Run]     HG01051_87.0.8.bam...
[Done]    HG01051_87.0.8.bam. Execution Time: 00:00:00
[Run]     HG01051_87.0.9.bam...
[Done]    HG01051_87.0.9.bam. Execution Time: 00:00:00
[Run]     HG01051_87.0.6.bam...
[Done]    HG01051_87.0.6.bam. Execution Time: 00:00:00
[Run]     HG01051_88.0.4.bam...
[Done]    HG01051_88.0.4.bam. Execution Time: 00:00:00
[Run]     HG01051_88.0.3.bam...
[Done]    HG01051_88.0.3.bam. Execution Time: 00:00:00
[Run]     HG01051_87.1.0.bam...
[Done]    HG01051_87.1.0.bam. Execution Time: 00:00:00
[Run]     HG01051_88.0.1.bam...
[Done]    HG01051_88.0.1.bam. Execution Time: 00:00:00
[Run]     HG01051_88.0.2.bam...
[Done]    HG01051_88.0.2.bam. Execution Time: 00:00:00
[Run]     HG01051_88.0.5.bam...
[Done]    HG01051_88.0.5.bam. Execution Time: 00:00:00
[Run]     HG01051_88.0.6.bam...
[Done]    HG01051_88.0.6.bam. Execution Time: 00:00:00
[Run]     HG01051_88.0.8.bam...
[Done]    HG01051_88.0.8.bam. Execution Time: 00:00:00
[Run]     HG01051_88.0.7.bam...
[Done]    HG01051_88.0.7.bam. Execution Time: 00:00:00
[Run]     HG01051_88.0.9.bam...
[Done]    HG01051_88.0.9.bam. Execution Time: 00:00:00
[Run]     HG01051_89.0.3.bam...
[Done]    HG01051_89.0.3.bam. Execution Time: 00:00:00
[Run]     HG01051_88.1.0.bam...
[Done]    HG01051_88.1.0.bam. Execution Time: 00:00:00
[Run]     HG01051_89.0.2.bam...
[Done]    HG01051_89.0.2.bam. Execution Time: 00:00:00
[Run]     HG01051_89.0.4.bam...
[Done]    HG01051_89.0.4.bam. Execution Time: 00:00:00
[Run]     HG01051_89.0.5.bam...
[Done]    HG01051_89.0.5.bam. Execution Time: 00:00:00
[Run]     HG01051_89.0.6.bam...
[Done]    HG01051_89.0.6.bam. Execution Time: 00:00:00
[Run]     HG01051_89.0.1.bam...
[Done]    HG01051_89.0.1.bam. Execution Time: 00:00:00
[Run]     HG01051_89.0.8.bam...
[Done]    HG01051_89.0.8.bam. Execution Time: 00:00:00
[Run]     HG01051_89.0.9.bam...
[Done]    HG01051_89.0.9.bam. Execution Time: 00:00:00
[Run]     HG01051_89.0.7.bam...
[Done]    HG01051_89.0.7.bam. Execution Time: 00:00:00
[Run]     HG01051_90.0.1.bam...
[Done]    HG01051_90.0.1.bam. Execution Time: 00:00:00
[Run]     HG01051_90.0.2.bam...
[Done]    HG01051_90.0.2.bam. Execution Time: 00:00:00
[Run]     HG01051_89.1.0.bam...
[Done]    HG01051_89.1.0.bam. Execution Time: 00:00:00
[Run]     HG01051_90.0.3.bam...
[Done]    HG01051_90.0.3.bam. Execution Time: 00:00:00
[Run]     HG01051_90.0.6.bam...
[Done]    HG01051_90.0.6.bam. Execution Time: 00:00:00
[Run]     HG01051_90.0.4.bam...
[Done]    HG01051_90.0.4.bam. Execution Time: 00:00:00
[Run]     HG01051_90.0.5.bam...
[Done]    HG01051_90.0.5.bam. Execution Time: 00:00:00
[Run]     HG01051_90.0.8.bam...
[Done]    HG01051_90.0.8.bam. Execution Time: 00:00:00
[Run]     HG01051_90.0.7.bam...
[Done]    HG01051_90.0.7.bam. Execution Time: 00:00:00
[Run]     HG01051_90.0.9.bam...
[Done]    HG01051_90.0.9.bam. Execution Time: 00:00:00
[Run]     HG01051_90.1.0.bam...
[Done]    HG01051_90.1.0.bam. Execution Time: 00:00:00
[Run]     HG01051_91.0.2.bam...
[Done]    HG01051_91.0.2.bam. Execution Time: 00:00:00
[Run]     HG01051_91.0.1.bam...
[Done]    HG01051_91.0.1.bam. Execution Time: 00:00:00
[Run]     HG01051_91.0.4.bam...
[Done]    HG01051_91.0.4.bam. Execution Time: 00:00:00
[Run]     HG01051_91.0.5.bam...
[Done]    HG01051_91.0.5.bam. Execution Time: 00:00:00
[Run]     HG01051_91.0.7.bam...
[Done]    HG01051_91.0.7.bam. Execution Time: 00:00:00
[Run]     HG01051_91.0.6.bam...
[Done]    HG01051_91.0.6.bam. Execution Time: 00:00:00
[Run]     HG01051_91.0.3.bam...
[Done]    HG01051_91.0.3.bam. Execution Time: 00:00:00
[Run]     HG01051_91.0.8.bam...
[Done]    HG01051_91.0.8.bam. Execution Time: 00:00:00
[Run]     HG01051_91.0.9.bam...
[Done]    HG01051_91.0.9.bam. Execution Time: 00:00:00
[Run]     HG01051_91.1.0.bam...
[Done]    HG01051_91.1.0.bam. Execution Time: 00:00:00
[Run]     HG01051_92.0.1.bam...
[Done]    HG01051_92.0.1.bam. Execution Time: 00:00:00
[Run]     HG01051_92.0.2.bam...
[Done]    HG01051_92.0.2.bam. Execution Time: 00:00:00
[Run]     HG01051_92.0.3.bam...
[Done]    HG01051_92.0.3.bam. Execution Time: 00:00:00
[Run]     HG01051_92.0.4.bam...
[Done]    HG01051_92.0.4.bam. Execution Time: 00:00:00
[Run]     HG01051_92.0.6.bam...
[Done]    HG01051_92.0.6.bam. Execution Time: 00:00:00
[Run]     HG01051_93.0.1.bam...
[Done]    HG01051_93.0.1.bam. Execution Time: 00:00:00
[Run]     HG01051_93.0.2.bam...
[Done]    HG01051_93.0.2.bam. Execution Time: 00:00:00
[Run]     HG01051_92.0.9.bam...
[Done]    HG01051_92.0.9.bam. Execution Time: 00:00:00
[Run]     HG01051_92.0.8.bam...
[Done]    HG01051_92.0.8.bam. Execution Time: 00:00:00
[Run]     HG01051_93.0.7.bam...
[Done]    HG01051_93.0.7.bam. Execution Time: 00:00:00
[Run]     HG01051_93.0.5.bam...
[Done]    HG01051_93.0.5.bam. Execution Time: 00:00:00
[Run]     HG01051_93.0.6.bam...
[Done]    HG01051_93.0.6.bam. Execution Time: 00:00:00
[Run]     HG01051_93.0.3.bam...
[Done]    HG01051_93.0.3.bam. Execution Time: 00:00:00
[Run]     HG01051_93.0.4.bam...
[Done]    HG01051_93.0.4.bam. Execution Time: 00:00:00
[Run]     HG01051_94.0.2.bam...
[Done]    HG01051_94.0.2.bam. Execution Time: 00:00:00
[Run]     HG01051_93.0.8.bam...
[Done]    HG01051_93.0.8.bam. Execution Time: 00:00:00
[Run]     HG01051_93.1.0.bam...
[Done]    HG01051_93.1.0.bam. Execution Time: 00:00:00
[Run]     HG01051_94.0.4.bam...
[Done]    HG01051_94.0.4.bam. Execution Time: 00:00:00
[Run]     HG01051_93.0.9.bam...
[Done]    HG01051_93.0.9.bam. Execution Time: 00:00:00
[Run]     HG01051_94.0.3.bam...
[Done]    HG01051_94.0.3.bam. Execution Time: 00:00:00
[Run]     HG01051_94.0.1.bam...
[Done]    HG01051_94.0.1.bam. Execution Time: 00:00:00
[Run]     HG01051_94.0.5.bam...
[Done]    HG01051_94.0.5.bam. Execution Time: 00:00:00
[Run]     HG01051_94.0.6.bam...
[Done]    HG01051_94.0.6.bam. Execution Time: 00:00:00
[Run]     HG01051_94.0.7.bam...
[Done]    HG01051_94.0.7.bam. Execution Time: 00:00:00
[Run]     HG01051_95.0.1.bam...
[Done]    HG01051_95.0.1.bam. Execution Time: 00:00:00
[Run]     HG01051_94.0.8.bam...
[Done]    HG01051_94.0.8.bam. Execution Time: 00:00:00
[Run]     HG01051_94.0.9.bam...
[Done]    HG01051_94.0.9.bam. Execution Time: 00:00:00
[Run]     HG01051_94.1.0.bam...
[Done]    HG01051_94.1.0.bam. Execution Time: 00:00:00
[Run]     HG01051_95.0.2.bam...
[Done]    HG01051_95.0.2.bam. Execution Time: 00:00:00
[Run]     HG01051_95.0.4.bam...
[Done]    HG01051_95.0.4.bam. Execution Time: 00:00:00
[Run]     HG01051_95.0.5.bam...
[Done]    HG01051_95.0.5.bam. Execution Time: 00:00:00
[Run]     HG01051_95.0.7.bam...
[Done]    HG01051_95.0.7.bam. Execution Time: 00:00:00
[Run]     HG01051_95.0.3.bam...
[Done]    HG01051_95.0.3.bam. Execution Time: 00:00:00
[Run]     HG01051_95.0.6.bam...
[Done]    HG01051_95.0.6.bam. Execution Time: 00:00:00
[Run]     HG01051_95.0.9.bam...
[Done]    HG01051_95.0.9.bam. Execution Time: 00:00:00
[Run]     HG01051_96.0.4.bam...
[Done]    HG01051_96.0.4.bam. Execution Time: 00:00:00
[Run]     HG01051_96.0.5.bam...
[Done]    HG01051_96.0.5.bam. Execution Time: 00:00:00
[Run]     HG01051_95.0.8.bam...
[Done]    HG01051_95.0.8.bam. Execution Time: 00:00:00
[Run]     HG01051_96.0.9.bam...
[Done]    HG01051_96.0.9.bam. Execution Time: 00:00:00
[Run]     HG01051_95.1.0.bam...
[Done]    HG01051_95.1.0.bam. Execution Time: 00:00:00
[Run]     HG01051_96.0.3.bam...
[Done]    HG01051_96.0.3.bam. Execution Time: 00:00:00
[Run]     HG01051_96.0.6.bam...
[Done]    HG01051_96.0.6.bam. Execution Time: 00:00:00
[Run]     HG01051_96.0.2.bam...
[Done]    HG01051_96.0.2.bam. Execution Time: 00:00:00
[Run]     HG01051_96.0.1.bam...
[Done]    HG01051_96.0.1.bam. Execution Time: 00:00:00
[Run]     HG01051_96.0.8.bam...
[Done]    HG01051_96.0.8.bam. Execution Time: 00:00:00
[Run]     HG01051_96.0.7.bam...
[Done]    HG01051_96.0.7.bam. Execution Time: 00:00:00
[Run]     HG01051_96.1.0.bam...
[Done]    HG01051_96.1.0.bam. Execution Time: 00:00:00
[Run]     HG01051_97.0.2.bam...
[Done]    HG01051_97.0.2.bam. Execution Time: 00:00:00
[Run]     HG01051_97.0.1.bam...
[Done]    HG01051_97.0.1.bam. Execution Time: 00:00:00
[Run]     HG01051_97.0.4.bam...
[Done]    HG01051_97.0.4.bam. Execution Time: 00:00:00
[Run]     HG01051_97.0.7.bam...
[Done]    HG01051_97.0.7.bam. Execution Time: 00:00:00
[Run]     HG01051_97.0.3.bam...
[Done]    HG01051_97.0.3.bam. Execution Time: 00:00:00
[Run]     HG01051_97.0.9.bam...
[Done]    HG01051_97.0.9.bam. Execution Time: 00:00:00
[Run]     HG01051_97.0.8.bam...
[Done]    HG01051_97.0.8.bam. Execution Time: 00:00:00
[Run]     HG01051_97.0.6.bam...
[Done]    HG01051_97.0.6.bam. Execution Time: 00:00:00
[Run]     HG01051_97.0.5.bam...
[Done]    HG01051_97.0.5.bam. Execution Time: 00:00:00
[Run]     HG01051_97.1.0.bam...
[Done]    HG01051_97.1.0.bam. Execution Time: 00:00:00
[Run]     HG01051_98.0.2.bam...
[Done]    HG01051_98.0.2.bam. Execution Time: 00:00:00
[Run]     HG01051_98.0.3.bam...
[Done]    HG01051_98.0.3.bam. Execution Time: 00:00:00
[Run]     HG01051_98.0.5.bam...
[Done]    HG01051_98.0.5.bam. Execution Time: 00:00:00
[Run]     HG01051_98.0.8.bam...
[Done]    HG01051_98.0.8.bam. Execution Time: 00:00:00
[Run]     HG01051_98.0.9.bam...
[Done]    HG01051_98.0.9.bam. Execution Time: 00:00:00
[Run]     HG01051_99.0.1.bam...
[Done]    HG01051_99.0.1.bam. Execution Time: 00:00:00
[Run]     HG01051_99.0.2.bam...
[Done]    HG01051_99.0.2.bam. Execution Time: 00:00:00
[Run]     HG01051_99.0.3.bam...
[Done]    HG01051_99.0.3.bam. Execution Time: 00:00:00
[Run]     HG01051_98.0.1.bam...
[Done]    HG01051_98.0.1.bam. Execution Time: 00:00:00
[Run]     HG01051_98.0.6.bam...
[Done]    HG01051_98.0.6.bam. Execution Time: 00:00:00
[Run]     HG01051_98.1.0.bam...
[Done]    HG01051_98.1.0.bam. Execution Time: 00:00:00
[Run]     HG01051_98.0.4.bam...
[Done]    HG01051_98.0.4.bam. Execution Time: 00:00:00
[Run]     HG01051_98.0.7.bam...
[Done]    HG01051_98.0.7.bam. Execution Time: 00:00:00
[Run]     HG01051_99.0.9.bam...
[Done]    HG01051_99.0.9.bam. Execution Time: 00:00:00
[Run]     HG01051_99.0.7.bam...
[Done]    HG01051_99.0.7.bam. Execution Time: 00:00:00
[Run]     HG01051_99.0.4.bam...
[Done]    HG01051_99.0.4.bam. Execution Time: 00:00:00
[Run]     HG01051_99.0.5.bam...
[Done]    HG01051_99.0.5.bam. Execution Time: 00:00:00
[Run]     HG01051_99.0.8.bam...
[Done]    HG01051_99.0.8.bam. Execution Time: 00:00:00
[Run]     HG01051_99.0.6.bam...
[Done]    HG01051_99.0.6.bam. Execution Time: 00:00:00
[Run]     HG01051_99.1.0.bam...
[Done]    HG01051_99.1.0.bam. Execution Time: 00:00:00
[Run]     Merge output files...
[Done]    Merge output files. Execution Time: 00:00:00

Execution Time: 3 min, 14 sec

