#sample	predicted haplogroup	reads
San_AF347008	L0k1a1a	1
#sample	predicted haplogroup	reads
San_AF347009	L0k1a1c	1
#sample	predicted haplogroup	reads
Khwe_AY195777	L0d2a1a	1
#sample	predicted haplogroup	reads
Ugandan_AY963585	L0f2a1	1
#sample	predicted haplogroup	reads
Mbuti_AF346998	L0a2b	1
#sample	predicted haplogroup	reads
Mbuti_AF346999	L0a2b	1
#sample	predicted haplogroup	reads
Morocco_AF381988	L0a1b1	1
#sample	predicted haplogroup	reads
Hausa_AF346985	L0a1a2	1
#sample	predicted haplogroup	reads
SouthAfrican_AY195780	L0a1a2	1
#sample	predicted haplogroup	reads
SouthAfrican_AY195766	L2b1a3	1
#sample	predicted haplogroup	reads
Mauritania_AF381981	L2c3	1
#sample	predicted haplogroup	reads
Mandenka_AF346995	L2c3a	1
#sample	predicted haplogroup	reads
SouthAfrican_AY195785	L2c5	1
#sample	predicted haplogroup	reads
San_AY195788	L2a2b1a	1
#sample	predicted haplogroup	reads
Effik_AF346976	L2a1i1	1
#sample	predicted haplogroup	reads
Effik_AF346977	L2a1a2	1
#sample	predicted haplogroup	reads
SouthAfrican_AY195776	L2a1f	1
#sample	predicted haplogroup	reads
TaiwanAborigine_AY289097	M7b1a2a1a	1
#sample	predicted haplogroup	reads
TaiwanAborigine_AY289098	M7b1a2a1	1
#sample	predicted haplogroup	reads
NewBritain_AY956414	Q2a	1
#sample	predicted haplogroup	reads
NewBritain_AY956412	Q2a3a	1
#sample	predicted haplogroup	reads
NewIreland_AY956413	Q2a	1
#sample	predicted haplogroup	reads
PNGCoast_AY289082	Q1a1a	1
#sample	predicted haplogroup	reads
Nasioi_AY289075	Q1c1a	1
#sample	predicted haplogroup	reads
PNGCoast_AF347003	Q1	1
#sample	predicted haplogroup	reads
PNGCoast_AY289081	Q1	1
#sample	predicted haplogroup	reads
PNGHigh_AY289085	Q1a	1
#sample	predicted haplogroup	reads
PNGHigh_AY289090	Q1	1
#sample	predicted haplogroup	reads
PNGCoast_AY289079	Q3a	1
#sample	predicted haplogroup	reads
PNGCoast_AY289078	Q3a1	1
#sample	predicted haplogroup	reads
PNGHigh_AY289089	Q3a1	1
#sample	predicted haplogroup	reads
Bougainville_DQ137410	M27a1a1	1
#sample	predicted haplogroup	reads
Bougainville_DQ137411	M27a1a1	1
#sample	predicted haplogroup	reads
NewBritain_DQ137402	M27b1	1
#sample	predicted haplogroup	reads
NewBritain_DQ137404	M27b1	1
#sample	predicted haplogroup	reads
NewBritain_DQ137403	M27b1	1
#sample	predicted haplogroup	reads
Aust_AF346964	M42a	1
#sample	predicted haplogroup	reads
Mansi_AY570524	D5a3a1a	1
#sample	predicted haplogroup	reads
Tuvan_AY570525	D5a2a1	1
#sample	predicted haplogroup	reads
Bamileke_AF346967	L3e3b2	1
#sample	predicted haplogroup	reads
Ewondo_AF346980	L3e1e1	1
#sample	predicted haplogroup	reads
Lisongo_AF346994	L3e2b7	1
#sample	predicted haplogroup	reads
Yoruba_AF347015	L3e2b1a1	1
#sample	predicted haplogroup	reads
NewBritain_DQ137408	M29a	1
#sample	predicted haplogroup	reads
NewBritain_DQ137409	M29a	1
#sample	predicted haplogroup	reads
NewBritain_DQ137407	M29a	1
#sample	predicted haplogroup	reads
Koryak_AY195761	Z1a2a	1
#sample	predicted haplogroup	reads
Tofalar_AY519493	Z1	1
#sample	predicted haplogroup	reads
Ul'chi_AY519497	M8a2b	1
#sample	predicted haplogroup	reads
Evenki_AY195753	C4a1a3a1	1
#sample	predicted haplogroup	reads
Tofalar_AY615360	C4a1a3a1	1
#sample	predicted haplogroup	reads
Warao_AF347012	C1d1	1
#sample	predicted haplogroup	reads
Warao_AF347013	C1d1	1
#sample	predicted haplogroup	reads
Evenki_AF346979	C4a2a1b	1
#sample	predicted haplogroup	reads
Evenki_AY519485	C4a2a1b	1
#sample	predicted haplogroup	reads
Canary_AF382009	C1b2	1
#sample	predicted haplogroup	reads
Nganasan_AY519490	C4b8a	1
#sample	predicted haplogroup	reads
Buriat_AF346970	C4b3b	1
#sample	predicted haplogroup	reads
Koryak_AY195763	C4b2a	1
#sample	predicted haplogroup	reads
Koryak_AY519487	C4b2a	1
#sample	predicted haplogroup	reads
Tuvli_AY570526	C4b1a	1
#sample	predicted haplogroup	reads
Udegei_AY195772	C4b1	1
#sample	predicted haplogroup	reads
NativeAmerican_AY195759	C1b1	1
#sample	predicted haplogroup	reads
Ul'chi_AY519496	C1a	1
#sample	predicted haplogroup	reads
Ul'chi_AY615361	C5a1	1
#sample	predicted haplogroup	reads
Nganasan_AY615359	C5b1a1	1
#sample	predicted haplogroup	reads
Meyayu_AY963582	M55	1
#sample	predicted haplogroup	reads
Yoruba_AF347014	L3d1a1a	1
#sample	predicted haplogroup	reads
Jordan_AF381998	L3d3b	1
#sample	predicted haplogroup	reads
SouthAfrican_AY195782	L3d1d	1
#sample	predicted haplogroup	reads
Mauritania_AF381991	L3b1a	1
#sample	predicted haplogroup	reads
SouthAfrican_AY195784	L3b	1
#sample	predicted haplogroup	reads
Malay_AY963581	M21b1a	1
#sample	predicted haplogroup	reads
Semang_AY963577	M13b1	1
#sample	predicted haplogroup	reads
Bougainville_DQ137405	M27c	1
#sample	predicted haplogroup	reads
NewIreland_DQ137406	M27c	1
#sample	predicted haplogroup	reads
NewBritain_DQ137398	M28b	1
#sample	predicted haplogroup	reads
NewBritain_DQ137399	M28b1	1
#sample	predicted haplogroup	reads
NewBritain_DQ137400	M28a7	1
#sample	predicted haplogroup	reads
NewBritain_DQ137401	M28a5b	1
#sample	predicted haplogroup	reads
Onge_AY950293	M31a1a	1
#sample	predicted haplogroup	reads
Onge_AY950294	M31a1b	1
#sample	predicted haplogroup	reads
GreatAndamanese_AY950300	M31a1b	1
#sample	predicted haplogroup	reads
GreatAndamanese_AY950297	M31a1b	1
#sample	predicted haplogroup	reads
GreatAndamanese_AY950298	M31a1b	1
#sample	predicted haplogroup	reads
Malayu_AY963583	M22a	1
#sample	predicted haplogroup	reads
Filipino_AY289070	E2a	1
#sample	predicted haplogroup	reads
Chinese_AF346973	M9a1a1a	1
#sample	predicted haplogroup	reads
Semang_AY963576	M21a	1
#sample	predicted haplogroup	reads
Jordan_AF381996	M1b1	1
#sample	predicted haplogroup	reads
Morocco_AF381984	M1a2a	1
#sample	predicted haplogroup	reads
SibInuit_AF347010	D2a1b	1
#sample	predicted haplogroup	reads
Nanaj_Negidal_AY195790	D4o2a	1
#sample	predicted haplogroup	reads
Nganasan_AY519491	D4o2a	1
#sample	predicted haplogroup	reads
Chinese_AY963573	D4b2b	1
#sample	predicted haplogroup	reads
Japan_AF346989	D4b2b1	1
#sample	predicted haplogroup	reads
Guarani_AF346984	D1a2	1
#sample	predicted haplogroup	reads
Japan_AF346990	D4a1	1
#sample	predicted haplogroup	reads
NativeAmerican_AY195748	D1	1
#sample	predicted haplogroup	reads
Georgian_AY195755	G2a1	1
#sample	predicted haplogroup	reads
Mullukurun_AY289074	M35a1a	1
#sample	predicted haplogroup	reads
Filipino_AF382012	M7c1c3	1
#sample	predicted haplogroup	reads
Onge_AY950292	M32a	1
#sample	predicted haplogroup	reads
GreatAndamanese_AY950296	M32a	1
#sample	predicted haplogroup	reads
Onge_AY950295	M32a	1
#sample	predicted haplogroup	reads
GreatAndamanese_AY950299	M32a	1
#sample	predicted haplogroup	reads
Onge_AY950291	M32a	1
#sample	predicted haplogroup	reads
Kannada_AY289071	M30b	1
#sample	predicted haplogroup	reads
India_AF382013	M30c	1
#sample	predicted haplogroup	reads
Koraga_AY289072	M30a1	1
#sample	predicted haplogroup	reads
India_AF346966	G3b1	1
#sample	predicted haplogroup	reads
Koryak_AY195762	G1b4	1
#sample	predicted haplogroup	reads
Mkamba_AF347000	L3h1a2a1	1
#sample	predicted haplogroup	reads
Negidal'tsy_AY519489	B5b2a	1
#sample	predicted haplogroup	reads
Semang_AY963584	R21	1
#sample	predicted haplogroup	reads
PNGHigh_AY289086	P1	1
#sample	predicted haplogroup	reads
PNGHigh_AF347005	P1	1
#sample	predicted haplogroup	reads
PNGHigh_AY289092	P1	1
#sample	predicted haplogroup	reads
PNGCoast_AF347002	P1	1
#sample	predicted haplogroup	reads
PNGHigh_AF347004	P1d1	1
#sample	predicted haplogroup	reads
PNGHigh_AY289087	P1d1	1
#sample	predicted haplogroup	reads
Aust_AY289059	O	1
#sample	predicted haplogroup	reads
Aust_AY289066	S3	1
#sample	predicted haplogroup	reads
Aust_AY289067	S3	1
#sample	predicted haplogroup	reads
Taiwan_AY195771	A5b1c1	1
#sample	predicted haplogroup	reads
Korea_AY195760	A5b1a	1
#sample	predicted haplogroup	reads
Mansi_AY519488	A12a	1
#sample	predicted haplogroup	reads
Chinese_AY963575	A6a	1
#sample	predicted haplogroup	reads
Ket_AY519486	A8a	1
#sample	predicted haplogroup	reads
Canary_AF382010	A2q	1
#sample	predicted haplogroup	reads
Chukchi_AF346971	A2b1	1
#sample	predicted haplogroup	reads
Mixteca_Baja_AY195786	A2v1	1
#sample	predicted haplogroup	reads
Aust_AY289064	P4b	1
#sample	predicted haplogroup	reads
Georgian_AY195756	N1b1a3	1
#sample	predicted haplogroup	reads
Jordan_AF381999	N1b1a	1
#sample	predicted haplogroup	reads
Adygei_AY882396	U1a1a	1
#sample	predicted haplogroup	reads
Koraga_AY289073	U1a1a	1
#sample	predicted haplogroup	reads
Italian_AY882393	U8b1a1	1
#sample	predicted haplogroup	reads
Pakistan_AY882380	U2b2	1
#sample	predicted haplogroup	reads
Italian_AY963586	I3a1	1
#sample	predicted haplogroup	reads
Caucasian_AY195769	I1b	1
#sample	predicted haplogroup	reads
Leon_AF382007	I5a1b	1
#sample	predicted haplogroup	reads
Caucasian_AY195764	U2e1f1	1
#sample	predicted haplogroup	reads
Leon_AF382004	U2e1c1	1
#sample	predicted haplogroup	reads
Jordan_AF381995	U2e	1
#sample	predicted haplogroup	reads
Spain_AY882382	U2e1a1	1
#sample	predicted haplogroup	reads
Caucasian_AY195778	J2b1a3	1
#sample	predicted haplogroup	reads
Maragato_AF382001	J1d1b	1
#sample	predicted haplogroup	reads
Morocco_AF381987	J1b2	1
#sample	predicted haplogroup	reads
Caucasian_AY195754	J1c1d	1
#sample	predicted haplogroup	reads
Caucasian_AY195774	J1c4b	1
#sample	predicted haplogroup	reads
German_AF346983	J1c4	1
#sample	predicted haplogroup	reads
Aust_AY289053	P6	1
#sample	predicted haplogroup	reads
Aust_AY289057	P4b1	1
#sample	predicted haplogroup	reads
Nicobarese_AY950289	F1a1a1	1
#sample	predicted haplogroup	reads
Malay_AY195791	F1a1a1	1
#sample	predicted haplogroup	reads
Cambodian_AY963572	F1a1a1	1
#sample	predicted haplogroup	reads
Thai_AY289099	F1a1a1	1
#sample	predicted haplogroup	reads
Aust_AY289055	P6	1
#sample	predicted haplogroup	reads
PNGHigh_AY289091	P3b	1
#sample	predicted haplogroup	reads
Leon_AF382006	T1a1	1
#sample	predicted haplogroup	reads
Caucasian_AY195745	T2b21	1
#sample	predicted haplogroup	reads
Caucasian_AY195767	T2b1	1
#sample	predicted haplogroup	reads
Georgian_AF346982	T2e	1
#sample	predicted haplogroup	reads
Morocco_AF381985	T2e1a1b	1
#sample	predicted haplogroup	reads
Aust_AY289052	P3a	1
#sample	predicted haplogroup	reads
Aust_AY289065	P3a	1
#sample	predicted haplogroup	reads
Malay_AY963579	R9b1a1a	1
#sample	predicted haplogroup	reads
Italian_AY882397	U1b3	1
#sample	predicted haplogroup	reads
Pakistan_AY882381	U2c1b	1
#sample	predicted haplogroup	reads
Yemen_AY882383	U3a2a1	1
#sample	predicted haplogroup	reads
Canary_AF381982	U3a1c	1
#sample	predicted haplogroup	reads
Morocco_AF381983	U3a	1
#sample	predicted haplogroup	reads
Adygei_AY882384	U3b3	1
#sample	predicted haplogroup	reads
Yemen_AY882385	U3b1a1	1
#sample	predicted haplogroup	reads
Nicobarese_AY950287	B5a1a1	1
#sample	predicted haplogroup	reads
Nicobarese_AY950290	B5a1a1	1
#sample	predicted haplogroup	reads
Nicobarese_AY950286	B5a1a1	1
#sample	predicted haplogroup	reads
Nicobarese_AY950288	B5a1a1	1
#sample	predicted haplogroup	reads
Chinese_AF346972	F4a1b	1
#sample	predicted haplogroup	reads
Navajo_AY195787	X2a2	1
#sample	predicted haplogroup	reads
Finland_AY195773	X2c1	1
#sample	predicted haplogroup	reads
Morocco_AF381986	X2b2	1
#sample	predicted haplogroup	reads
NativeAmerican_AY195749	B2d	1
#sample	predicted haplogroup	reads
Piman_AF347001	B2a5	1
#sample	predicted haplogroup	reads
Aust_AY289056	O1a	1
#sample	predicted haplogroup	reads
Aust_AY289058	O1a	1
#sample	predicted haplogroup	reads
Jordan_AF382000	U2d2	1
#sample	predicted haplogroup	reads
Aust_AY289054	P7	1
#sample	predicted haplogroup	reads
Spain_AY882392	U8a1a1	1
#sample	predicted haplogroup	reads
Buriat_AY519484	B4d1a	1
#sample	predicted haplogroup	reads
Tubalar_AY519494	B4b1a	1
#sample	predicted haplogroup	reads
Caucasian_AY195768	W3a1	1
#sample	predicted haplogroup	reads
Finland_AY195779	W1a	1
#sample	predicted haplogroup	reads
Maragato_AF382003	W1	1
#sample	predicted haplogroup	reads
Leon_AF382005	K1b2b	1
#sample	predicted haplogroup	reads
Italian_AY882395	K1a26	1
#sample	predicted haplogroup	reads
Caucasian_AY195765	K1c1b	1
#sample	predicted haplogroup	reads
Italian_AY882394	K1c1a	1
#sample	predicted haplogroup	reads
Andalusia_AF382011	U7b	1
#sample	predicted haplogroup	reads
Pakistan_AY882391	U7b	1
#sample	predicted haplogroup	reads
Adygei_AY882398	U5a1f1a	1
#sample	predicted haplogroup	reads
Italian_AY882399	U5a1	1
#sample	predicted haplogroup	reads
Italian_AY882413	U5b2a1a2	1
#sample	predicted haplogroup	reads
Spain_AY882414	U5b2a1a2	1
#sample	predicted haplogroup	reads
Italian_AF346988	U5b3a1a	1
#sample	predicted haplogroup	reads
Italian_AY882411	U5b1d1b	1
#sample	predicted haplogroup	reads
Italian_AY882415	U5b2a2a1	1
#sample	predicted haplogroup	reads
Berber_AY882412	U5b1d1a	1
#sample	predicted haplogroup	reads
Spain_AY882401	U5b1b1d	1
#sample	predicted haplogroup	reads
Italian_AY882402	U5b1b1d	1
#sample	predicted haplogroup	reads
Berber_AY882408	U5b1b1e	1
#sample	predicted haplogroup	reads
Fulbe_AY882407	U5b1b1b	1
#sample	predicted haplogroup	reads
Berber_AF381989	U5b1b1e	1
#sample	predicted haplogroup	reads
Saami_AY882406	U5b1b1a3	1
#sample	predicted haplogroup	reads
Italian_AY882400	U5b1b1d	1
#sample	predicted haplogroup	reads
Saami_AY882404	U5b1b1a1	1
#sample	predicted haplogroup	reads
Saami_AY882403	U5b1b1a	1
#sample	predicted haplogroup	reads
Yakut_AY882405	U5b1b1a	1
#sample	predicted haplogroup	reads
Italian_AY882409	U5b1c	1
#sample	predicted haplogroup	reads
Italian_AY882410	U5b1c1a1	1
#sample	predicted haplogroup	reads
Aust_AF346963	S1	1
#sample	predicted haplogroup	reads
Adygei_AY882388	U4b1a1a1	1
#sample	predicted haplogroup	reads
Italian_AY882387	U4a2a	1
#sample	predicted haplogroup	reads
Spain_AY882386	U4a1a	1
#sample	predicted haplogroup	reads
TaiwanAborigine_AJ842750	B4a2a3	1
#sample	predicted haplogroup	reads
TaiwanAborigine_AJ842751	B4a2a1	1
#sample	predicted haplogroup	reads
Khirgiz_AF346991	B4a1b1a	1
#sample	predicted haplogroup	reads
Korea_AF346993	B4a1b1a	1
#sample	predicted haplogroup	reads
Tofalar_Negidal_AY195770	B4a1c2	1
#sample	predicted haplogroup	reads
Tofalar_AY519492	B4a1c2	1
#sample	predicted haplogroup	reads
Tuvan_AY519495	B4a1c2	1
#sample	predicted haplogroup	reads
TaiwanAborigine_AJ842744	B4a1a3a1a	1
#sample	predicted haplogroup	reads
TaiwanAborigine_AJ842747	B4a1a4	1
#sample	predicted haplogroup	reads
Samoa_AY289094	B4a1a1k1	1
#sample	predicted haplogroup	reads
TaiwanAborigine_AJ842745	B4a1a2	1
#sample	predicted haplogroup	reads
TaiwanAborigine_AJ842748	B4a1a2	1
#sample	predicted haplogroup	reads
PNGCoast_AY289083	B4a1a1a1	1
#sample	predicted haplogroup	reads
Samoa_AY289093	B4a1a1a13	1
#sample	predicted haplogroup	reads
Cook_AY289069	B4a1a1a16	1
#sample	predicted haplogroup	reads
TaiwanAborigine_AJ842746	B4a1a	1
#sample	predicted haplogroup	reads
TaiwanAborigine_AJ842749	B4a1a	1
#sample	predicted haplogroup	reads
Bougainville_AY963574	B4a1a1aa	1
#sample	predicted haplogroup	reads
PNGCoast_AY289076	B4a1a1	1
#sample	predicted haplogroup	reads
Cook_AY289068	B4a1a1m1	1
#sample	predicted haplogroup	reads
Samoa_AF347007	B4a1a1o	1
#sample	predicted haplogroup	reads
PNGCoast_AY289080	B4a1a1	1
#sample	predicted haplogroup	reads
PNGCoast_AY289077	B4a1a1	1
#sample	predicted haplogroup	reads
Tonga_AY289102	B4a1a1	1
#sample	predicted haplogroup	reads
Thai_AY289101	B4c2	1
#sample	predicted haplogroup	reads
Thai_AY289100	B4c2a	1
#sample	predicted haplogroup	reads
Uzbek_AF347011	B4c2a	1
#sample	predicted haplogroup	reads
TaiwanAborigine_AY289095	F4b1	1
#sample	predicted haplogroup	reads
TaiwanAborigine_AY289096	F4b1	1
#sample	predicted haplogroup	reads
PNGHigh_AY289084	P2	1
#sample	predicted haplogroup	reads
PNGHigh_AY289088	P2	1
#sample	predicted haplogroup	reads
Caucasian_AY195751	H11a7	1
#sample	predicted haplogroup	reads
Malay_AY963580	N21a	1
#sample	predicted haplogroup	reads
Aust_AY289062	S4	1
#sample	predicted haplogroup	reads
Aust_AF346965	S2	1
#sample	predicted haplogroup	reads
Malay_AY963578	N22a	1
#sample	predicted haplogroup	reads
Canary_AY275533	U6a7b1	1
#sample	predicted haplogroup	reads
Nanaj_Negidal_AY195792	Y1a	1
#sample	predicted haplogroup	reads
Ethiopia_AY882389	U9a	1
#sample	predicted haplogroup	reads
Pakistan_AY882390	U9b1	1
#sample	predicted haplogroup	reads
Aust_AY289060	S2	1
#sample	predicted haplogroup	reads
Aust_AY289051	S2	1
#sample	predicted haplogroup	reads
Aust_AY289061	S2	1
#sample	predicted haplogroup	reads
Aust_AY289063	P5	1
#sample	predicted haplogroup	reads
Berber_AY275536	U6c2	1
#sample	predicted haplogroup	reads
Canary_AY275537	U6c1	1
#sample	predicted haplogroup	reads
Caucasian_AY195758	H8c2	1
#sample	predicted haplogroup	reads
Saami_AF347006	V7a1	1
#sample	predicted haplogroup	reads
English_AF346978	HV0b	1
#sample	predicted haplogroup	reads
Berber_AF381990	V25	1
#sample	predicted haplogroup	reads
Caucasian_AY195750	V	1
#sample	predicted haplogroup	reads
Caucasian_AY195781	V6	1
#sample	predicted haplogroup	reads
Jordan_AF381997	R1	1
#sample	predicted haplogroup	reads
Caucasian_AY195746	H3ak	1
#sample	predicted haplogroup	reads
Caucasian_AY195752	H3b1a	1
#sample	predicted haplogroup	reads
Iraqi_Israeli_AY195757	H	1
#sample	predicted haplogroup	reads
Tatar_AF346974	H5	1
#sample	predicted haplogroup	reads
Caucasian_AY195747	H5a1	1
#sample	predicted haplogroup	reads
Dutch_AF346975	H5a1a	1
#sample	predicted haplogroup	reads
Caucasian_AY195775	H1b1d	1
#sample	predicted haplogroup	reads
Maragato_AF382002	H1	1
#sample	predicted haplogroup	reads
French_AF346981	H1r	1
#sample	predicted haplogroup	reads
Mauritania_AF381993	H1	1
#sample	predicted haplogroup	reads
Pakistan_AY882379	U2a1a	1
#sample	predicted haplogroup	reads
Morocco_AF382008	U6a7a2	1
#sample	predicted haplogroup	reads
Maragato_Leon_AY275532	U6a7a1	1
#sample	predicted haplogroup	reads
Mauritania_AY275531	U6a7a1	1
#sample	predicted haplogroup	reads
Ethiopia_AY882416	U6a2a2a	1
#sample	predicted haplogroup	reads
Canary_AY275528	U6b1a1	1
#sample	predicted haplogroup	reads
Spain_AY882417	U6b1a	1
#sample	predicted haplogroup	reads
Galicia_AY275530	U6b	1
#sample	predicted haplogroup	reads
Senegal_AY275529	U6b	1
#sample	predicted haplogroup	reads
Berber_AY275527	U6b	1
#sample	predicted haplogroup	reads
Mauritania_AY275535	U6a3	1
#sample	predicted haplogroup	reads
Morocco_AY275534	U6a1a1	1
#sample	predicted haplogroup	reads
Mauritania_AF381994	L1b1a5	1
#sample	predicted haplogroup	reads
Ibo_AF346986	L1b1a3	1
#sample	predicted haplogroup	reads
San_AY195783	L1b1a4a	1
#sample	predicted haplogroup	reads
Kikuyu_AF346992	L1c2a1a	1
#sample	predicted haplogroup	reads
Mauritania_AF381992	L1c3a1a	1
#sample	predicted haplogroup	reads
San_AY195789	L1c1a1a1b1	1
#sample	predicted haplogroup	reads
Biaka_AF346968	L1c1a1a1a	1
#sample	predicted haplogroup	reads
Mbenzele_AF346997	L1c1a1a1a	1
#sample	predicted haplogroup	reads
Ibo_AF346987	L1c1d1	1
#sample	predicted haplogroup	reads
Biaka_AF346969	L1c1a2b	1
#sample	predicted haplogroup	reads
Mbenzele_AF346996	L1c1a2b	1
